{
  "C:\\Users\\Hane\\Desktop\\CSE110\\GitHubPages\\GitHubPages\\myproj\\cse110-w21-group4\\source\\app.js": {
    "path": "C:\\Users\\Hane\\Desktop\\CSE110\\GitHubPages\\GitHubPages\\myproj\\cse110-w21-group4\\source\\app.js",
    "statementMap": {
      "0": {
        "start": {
          "line": 10,
          "column": 12
        },
        "end": {
          "line": 10,
          "column": 18
        }
      },
      "1": {
        "start": {
          "line": 11,
          "column": 17
        },
        "end": {
          "line": 11,
          "column": 20
        }
      },
      "2": {
        "start": {
          "line": 12,
          "column": 23
        },
        "end": {
          "line": 12,
          "column": 26
        }
      },
      "3": {
        "start": {
          "line": 13,
          "column": 22
        },
        "end": {
          "line": 13,
          "column": 26
        }
      },
      "4": {
        "start": {
          "line": 15,
          "column": 23
        },
        "end": {
          "line": 15,
          "column": 24
        }
      },
      "5": {
        "start": {
          "line": 17,
          "column": 16
        },
        "end": {
          "line": 17,
          "column": 17
        }
      },
      "6": {
        "start": {
          "line": 18,
          "column": 16
        },
        "end": {
          "line": 18,
          "column": 17
        }
      },
      "7": {
        "start": {
          "line": 19,
          "column": 16
        },
        "end": {
          "line": 19,
          "column": 17
        }
      },
      "8": {
        "start": {
          "line": 20,
          "column": 15
        },
        "end": {
          "line": 20,
          "column": 16
        }
      },
      "9": {
        "start": {
          "line": 21,
          "column": 17
        },
        "end": {
          "line": 21,
          "column": 19
        }
      },
      "10": {
        "start": {
          "line": 22,
          "column": 13
        },
        "end": {
          "line": 22,
          "column": 15
        }
      },
      "11": {
        "start": {
          "line": 24,
          "column": 11
        },
        "end": {
          "line": 24,
          "column": 16
        }
      },
      "12": {
        "start": {
          "line": 25,
          "column": 16
        },
        "end": {
          "line": 25,
          "column": 20
        }
      },
      "13": {
        "start": {
          "line": 28,
          "column": 31
        },
        "end": {
          "line": 28,
          "column": 33
        }
      },
      "14": {
        "start": {
          "line": 35,
          "column": 0
        },
        "end": {
          "line": 71,
          "column": 1
        }
      },
      "15": {
        "start": {
          "line": 36,
          "column": 19
        },
        "end": {
          "line": 36,
          "column": 60
        }
      },
      "16": {
        "start": {
          "line": 39,
          "column": 4
        },
        "end": {
          "line": 44,
          "column": 7
        }
      },
      "17": {
        "start": {
          "line": 41,
          "column": 8
        },
        "end": {
          "line": 43,
          "column": 9
        }
      },
      "18": {
        "start": {
          "line": 42,
          "column": 12
        },
        "end": {
          "line": 42,
          "column": 22
        }
      },
      "19": {
        "start": {
          "line": 48,
          "column": 4
        },
        "end": {
          "line": 52,
          "column": 5
        }
      },
      "20": {
        "start": {
          "line": 49,
          "column": 8
        },
        "end": {
          "line": 51,
          "column": 9
        }
      },
      "21": {
        "start": {
          "line": 50,
          "column": 12
        },
        "end": {
          "line": 50,
          "column": 35
        }
      },
      "22": {
        "start": {
          "line": 59,
          "column": 4
        },
        "end": {
          "line": 59,
          "column": 16
        }
      },
      "23": {
        "start": {
          "line": 60,
          "column": 4
        },
        "end": {
          "line": 60,
          "column": 15
        }
      },
      "24": {
        "start": {
          "line": 61,
          "column": 4
        },
        "end": {
          "line": 70,
          "column": 5
        }
      },
      "25": {
        "start": {
          "line": 62,
          "column": 8
        },
        "end": {
          "line": 62,
          "column": 20
        }
      },
      "26": {
        "start": {
          "line": 63,
          "column": 8
        },
        "end": {
          "line": 65,
          "column": 9
        }
      },
      "27": {
        "start": {
          "line": 64,
          "column": 12
        },
        "end": {
          "line": 64,
          "column": 27
        }
      },
      "28": {
        "start": {
          "line": 67,
          "column": 8
        },
        "end": {
          "line": 67,
          "column": 33
        }
      },
      "29": {
        "start": {
          "line": 68,
          "column": 8
        },
        "end": {
          "line": 68,
          "column": 15
        }
      },
      "30": {
        "start": {
          "line": 69,
          "column": 8
        },
        "end": {
          "line": 69,
          "column": 55
        }
      },
      "31": {
        "start": {
          "line": 81,
          "column": 4
        },
        "end": {
          "line": 81,
          "column": 47
        }
      },
      "32": {
        "start": {
          "line": 83,
          "column": 4
        },
        "end": {
          "line": 85,
          "column": 5
        }
      },
      "33": {
        "start": {
          "line": 84,
          "column": 8
        },
        "end": {
          "line": 84,
          "column": 15
        }
      },
      "34": {
        "start": {
          "line": 86,
          "column": 21
        },
        "end": {
          "line": 86,
          "column": 48
        }
      },
      "35": {
        "start": {
          "line": 87,
          "column": 4
        },
        "end": {
          "line": 87,
          "column": 35
        }
      },
      "36": {
        "start": {
          "line": 88,
          "column": 4
        },
        "end": {
          "line": 88,
          "column": 20
        }
      },
      "37": {
        "start": {
          "line": 95,
          "column": 4
        },
        "end": {
          "line": 95,
          "column": 35
        }
      },
      "38": {
        "start": {
          "line": 96,
          "column": 4
        },
        "end": {
          "line": 96,
          "column": 21
        }
      },
      "39": {
        "start": {
          "line": 97,
          "column": 4
        },
        "end": {
          "line": 97,
          "column": 46
        }
      },
      "40": {
        "start": {
          "line": 104,
          "column": 21
        },
        "end": {
          "line": 104,
          "column": 58
        }
      },
      "41": {
        "start": {
          "line": 105,
          "column": 4
        },
        "end": {
          "line": 119,
          "column": 5
        }
      },
      "42": {
        "start": {
          "line": 106,
          "column": 8
        },
        "end": {
          "line": 110,
          "column": 9
        }
      },
      "43": {
        "start": {
          "line": 107,
          "column": 12
        },
        "end": {
          "line": 107,
          "column": 56
        }
      },
      "44": {
        "start": {
          "line": 109,
          "column": 12
        },
        "end": {
          "line": 109,
          "column": 51
        }
      },
      "45": {
        "start": {
          "line": 111,
          "column": 8
        },
        "end": {
          "line": 111,
          "column": 46
        }
      },
      "46": {
        "start": {
          "line": 113,
          "column": 8
        },
        "end": {
          "line": 117,
          "column": 9
        }
      },
      "47": {
        "start": {
          "line": 114,
          "column": 12
        },
        "end": {
          "line": 114,
          "column": 51
        }
      },
      "48": {
        "start": {
          "line": 116,
          "column": 12
        },
        "end": {
          "line": 116,
          "column": 46
        }
      },
      "49": {
        "start": {
          "line": 118,
          "column": 8
        },
        "end": {
          "line": 118,
          "column": 44
        }
      },
      "50": {
        "start": {
          "line": 127,
          "column": 4
        },
        "end": {
          "line": 127,
          "column": 45
        }
      },
      "51": {
        "start": {
          "line": 128,
          "column": 4
        },
        "end": {
          "line": 133,
          "column": 5
        }
      },
      "52": {
        "start": {
          "line": 129,
          "column": 8
        },
        "end": {
          "line": 129,
          "column": 91
        }
      },
      "53": {
        "start": {
          "line": 131,
          "column": 8
        },
        "end": {
          "line": 131,
          "column": 23
        }
      },
      "54": {
        "start": {
          "line": 132,
          "column": 8
        },
        "end": {
          "line": 132,
          "column": 90
        }
      },
      "55": {
        "start": {
          "line": 134,
          "column": 4
        },
        "end": {
          "line": 134,
          "column": 49
        }
      },
      "56": {
        "start": {
          "line": 135,
          "column": 4
        },
        "end": {
          "line": 135,
          "column": 21
        }
      },
      "57": {
        "start": {
          "line": 144,
          "column": 18
        },
        "end": {
          "line": 144,
          "column": 62
        }
      },
      "58": {
        "start": {
          "line": 145,
          "column": 18
        },
        "end": {
          "line": 145,
          "column": 62
        }
      },
      "59": {
        "start": {
          "line": 147,
          "column": 4
        },
        "end": {
          "line": 147,
          "column": 40
        }
      },
      "60": {
        "start": {
          "line": 157,
          "column": 21
        },
        "end": {
          "line": 157,
          "column": 57
        }
      },
      "61": {
        "start": {
          "line": 158,
          "column": 4
        },
        "end": {
          "line": 164,
          "column": 5
        }
      },
      "62": {
        "start": {
          "line": 159,
          "column": 8
        },
        "end": {
          "line": 159,
          "column": 23
        }
      },
      "63": {
        "start": {
          "line": 160,
          "column": 11
        },
        "end": {
          "line": 164,
          "column": 5
        }
      },
      "64": {
        "start": {
          "line": 161,
          "column": 8
        },
        "end": {
          "line": 161,
          "column": 25
        }
      },
      "65": {
        "start": {
          "line": 162,
          "column": 11
        },
        "end": {
          "line": 164,
          "column": 5
        }
      },
      "66": {
        "start": {
          "line": 163,
          "column": 8
        },
        "end": {
          "line": 163,
          "column": 24
        }
      },
      "67": {
        "start": {
          "line": 165,
          "column": 4
        },
        "end": {
          "line": 165,
          "column": 54
        }
      },
      "68": {
        "start": {
          "line": 166,
          "column": 4
        },
        "end": {
          "line": 166,
          "column": 44
        }
      },
      "69": {
        "start": {
          "line": 174,
          "column": 4
        },
        "end": {
          "line": 176,
          "column": 5
        }
      },
      "70": {
        "start": {
          "line": 175,
          "column": 8
        },
        "end": {
          "line": 175,
          "column": 15
        }
      },
      "71": {
        "start": {
          "line": 178,
          "column": 4
        },
        "end": {
          "line": 178,
          "column": 19
        }
      },
      "72": {
        "start": {
          "line": 181,
          "column": 4
        },
        "end": {
          "line": 181,
          "column": 39
        }
      },
      "73": {
        "start": {
          "line": 182,
          "column": 4
        },
        "end": {
          "line": 182,
          "column": 46
        }
      },
      "74": {
        "start": {
          "line": 183,
          "column": 4
        },
        "end": {
          "line": 183,
          "column": 44
        }
      },
      "75": {
        "start": {
          "line": 185,
          "column": 4
        },
        "end": {
          "line": 185,
          "column": 19
        }
      },
      "76": {
        "start": {
          "line": 186,
          "column": 4
        },
        "end": {
          "line": 186,
          "column": 55
        }
      },
      "77": {
        "start": {
          "line": 187,
          "column": 4
        },
        "end": {
          "line": 187,
          "column": 42
        }
      },
      "78": {
        "start": {
          "line": 189,
          "column": 4
        },
        "end": {
          "line": 189,
          "column": 68
        }
      },
      "79": {
        "start": {
          "line": 190,
          "column": 4
        },
        "end": {
          "line": 190,
          "column": 91
        }
      },
      "80": {
        "start": {
          "line": 190,
          "column": 61
        },
        "end": {
          "line": 190,
          "column": 88
        }
      },
      "81": {
        "start": {
          "line": 191,
          "column": 4
        },
        "end": {
          "line": 191,
          "column": 83
        }
      },
      "82": {
        "start": {
          "line": 194,
          "column": 4
        },
        "end": {
          "line": 194,
          "column": 18
        }
      },
      "83": {
        "start": {
          "line": 196,
          "column": 4
        },
        "end": {
          "line": 237,
          "column": 5
        }
      },
      "84": {
        "start": {
          "line": 197,
          "column": 8
        },
        "end": {
          "line": 236,
          "column": 17
        }
      },
      "85": {
        "start": {
          "line": 199,
          "column": 12
        },
        "end": {
          "line": 235,
          "column": 13
        }
      },
      "86": {
        "start": {
          "line": 200,
          "column": 16
        },
        "end": {
          "line": 200,
          "column": 37
        }
      },
      "87": {
        "start": {
          "line": 201,
          "column": 16
        },
        "end": {
          "line": 201,
          "column": 31
        }
      },
      "88": {
        "start": {
          "line": 203,
          "column": 16
        },
        "end": {
          "line": 203,
          "column": 95
        }
      },
      "89": {
        "start": {
          "line": 204,
          "column": 16
        },
        "end": {
          "line": 204,
          "column": 30
        }
      },
      "90": {
        "start": {
          "line": 205,
          "column": 16
        },
        "end": {
          "line": 205,
          "column": 34
        }
      },
      "91": {
        "start": {
          "line": 206,
          "column": 16
        },
        "end": {
          "line": 206,
          "column": 23
        }
      },
      "92": {
        "start": {
          "line": 207,
          "column": 16
        },
        "end": {
          "line": 207,
          "column": 33
        }
      },
      "93": {
        "start": {
          "line": 210,
          "column": 16
        },
        "end": {
          "line": 210,
          "column": 56
        }
      },
      "94": {
        "start": {
          "line": 211,
          "column": 16
        },
        "end": {
          "line": 211,
          "column": 72
        }
      },
      "95": {
        "start": {
          "line": 212,
          "column": 16
        },
        "end": {
          "line": 212,
          "column": 73
        }
      },
      "96": {
        "start": {
          "line": 213,
          "column": 16
        },
        "end": {
          "line": 213,
          "column": 35
        }
      },
      "97": {
        "start": {
          "line": 215,
          "column": 16
        },
        "end": {
          "line": 234,
          "column": 17
        }
      },
      "98": {
        "start": {
          "line": 216,
          "column": 20
        },
        "end": {
          "line": 219,
          "column": 21
        }
      },
      "99": {
        "start": {
          "line": 217,
          "column": 24
        },
        "end": {
          "line": 217,
          "column": 54
        }
      },
      "100": {
        "start": {
          "line": 218,
          "column": 24
        },
        "end": {
          "line": 218,
          "column": 38
        }
      },
      "101": {
        "start": {
          "line": 220,
          "column": 20
        },
        "end": {
          "line": 223,
          "column": 21
        }
      },
      "102": {
        "start": {
          "line": 221,
          "column": 24
        },
        "end": {
          "line": 221,
          "column": 54
        }
      },
      "103": {
        "start": {
          "line": 222,
          "column": 24
        },
        "end": {
          "line": 222,
          "column": 38
        }
      },
      "104": {
        "start": {
          "line": 224,
          "column": 20
        },
        "end": {
          "line": 224,
          "column": 34
        }
      },
      "105": {
        "start": {
          "line": 225,
          "column": 20
        },
        "end": {
          "line": 225,
          "column": 58
        }
      },
      "106": {
        "start": {
          "line": 226,
          "column": 20
        },
        "end": {
          "line": 226,
          "column": 99
        }
      },
      "107": {
        "start": {
          "line": 228,
          "column": 39
        },
        "end": {
          "line": 228,
          "column": 76
        }
      },
      "108": {
        "start": {
          "line": 229,
          "column": 20
        },
        "end": {
          "line": 233,
          "column": 21
        }
      },
      "109": {
        "start": {
          "line": 230,
          "column": 24
        },
        "end": {
          "line": 230,
          "column": 82
        }
      },
      "110": {
        "start": {
          "line": 231,
          "column": 27
        },
        "end": {
          "line": 233,
          "column": 21
        }
      },
      "111": {
        "start": {
          "line": 232,
          "column": 24
        },
        "end": {
          "line": 232,
          "column": 82
        }
      },
      "112": {
        "start": {
          "line": 248,
          "column": 4
        },
        "end": {
          "line": 248,
          "column": 48
        }
      },
      "113": {
        "start": {
          "line": 249,
          "column": 4
        },
        "end": {
          "line": 249,
          "column": 48
        }
      },
      "114": {
        "start": {
          "line": 251,
          "column": 22
        },
        "end": {
          "line": 251,
          "column": 24
        }
      },
      "115": {
        "start": {
          "line": 252,
          "column": 4
        },
        "end": {
          "line": 252,
          "column": 44
        }
      },
      "116": {
        "start": {
          "line": 252,
          "column": 24
        },
        "end": {
          "line": 252,
          "column": 42
        }
      },
      "117": {
        "start": {
          "line": 253,
          "column": 4
        },
        "end": {
          "line": 253,
          "column": 33
        }
      },
      "118": {
        "start": {
          "line": 254,
          "column": 4
        },
        "end": {
          "line": 254,
          "column": 45
        }
      },
      "119": {
        "start": {
          "line": 254,
          "column": 24
        },
        "end": {
          "line": 254,
          "column": 43
        }
      },
      "120": {
        "start": {
          "line": 255,
          "column": 4
        },
        "end": {
          "line": 255,
          "column": 27
        }
      },
      "121": {
        "start": {
          "line": 256,
          "column": 4
        },
        "end": {
          "line": 256,
          "column": 23
        }
      },
      "122": {
        "start": {
          "line": 263,
          "column": 19
        },
        "end": {
          "line": 263,
          "column": 57
        }
      },
      "123": {
        "start": {
          "line": 265,
          "column": 4
        },
        "end": {
          "line": 309,
          "column": 5
        }
      },
      "124": {
        "start": {
          "line": 266,
          "column": 8
        },
        "end": {
          "line": 266,
          "column": 20
        }
      },
      "125": {
        "start": {
          "line": 267,
          "column": 8
        },
        "end": {
          "line": 267,
          "column": 53
        }
      },
      "126": {
        "start": {
          "line": 268,
          "column": 8
        },
        "end": {
          "line": 273,
          "column": 9
        }
      },
      "127": {
        "start": {
          "line": 269,
          "column": 12
        },
        "end": {
          "line": 269,
          "column": 46
        }
      },
      "128": {
        "start": {
          "line": 270,
          "column": 12
        },
        "end": {
          "line": 272,
          "column": 13
        }
      },
      "129": {
        "start": {
          "line": 271,
          "column": 16
        },
        "end": {
          "line": 271,
          "column": 31
        }
      },
      "130": {
        "start": {
          "line": 275,
          "column": 8
        },
        "end": {
          "line": 293,
          "column": 9
        }
      },
      "131": {
        "start": {
          "line": 277,
          "column": 12
        },
        "end": {
          "line": 277,
          "column": 34
        }
      },
      "132": {
        "start": {
          "line": 280,
          "column": 12
        },
        "end": {
          "line": 282,
          "column": 13
        }
      },
      "133": {
        "start": {
          "line": 281,
          "column": 16
        },
        "end": {
          "line": 281,
          "column": 55
        }
      },
      "134": {
        "start": {
          "line": 285,
          "column": 12
        },
        "end": {
          "line": 285,
          "column": 33
        }
      },
      "135": {
        "start": {
          "line": 286,
          "column": 12
        },
        "end": {
          "line": 292,
          "column": 13
        }
      },
      "136": {
        "start": {
          "line": 287,
          "column": 16
        },
        "end": {
          "line": 291,
          "column": 17
        }
      },
      "137": {
        "start": {
          "line": 288,
          "column": 20
        },
        "end": {
          "line": 288,
          "column": 64
        }
      },
      "138": {
        "start": {
          "line": 290,
          "column": 20
        },
        "end": {
          "line": 290,
          "column": 59
        }
      },
      "139": {
        "start": {
          "line": 295,
          "column": 8
        },
        "end": {
          "line": 304,
          "column": 9
        }
      },
      "140": {
        "start": {
          "line": 296,
          "column": 12
        },
        "end": {
          "line": 303,
          "column": 13
        }
      },
      "141": {
        "start": {
          "line": 297,
          "column": 16
        },
        "end": {
          "line": 301,
          "column": 17
        }
      },
      "142": {
        "start": {
          "line": 298,
          "column": 20
        },
        "end": {
          "line": 298,
          "column": 64
        }
      },
      "143": {
        "start": {
          "line": 300,
          "column": 20
        },
        "end": {
          "line": 300,
          "column": 59
        }
      },
      "144": {
        "start": {
          "line": 302,
          "column": 16
        },
        "end": {
          "line": 302,
          "column": 31
        }
      },
      "145": {
        "start": {
          "line": 305,
          "column": 8
        },
        "end": {
          "line": 305,
          "column": 23
        }
      },
      "146": {
        "start": {
          "line": 306,
          "column": 8
        },
        "end": {
          "line": 308,
          "column": 9
        }
      },
      "147": {
        "start": {
          "line": 307,
          "column": 12
        },
        "end": {
          "line": 307,
          "column": 46
        }
      },
      "148": {
        "start": {
          "line": 320,
          "column": 4
        },
        "end": {
          "line": 322,
          "column": 28
        }
      },
      "149": {
        "start": {
          "line": 330,
          "column": 4
        },
        "end": {
          "line": 330,
          "column": 57
        }
      },
      "150": {
        "start": {
          "line": 334,
          "column": 4
        },
        "end": {
          "line": 349,
          "column": 5
        }
      },
      "151": {
        "start": {
          "line": 334,
          "column": 17
        },
        "end": {
          "line": 334,
          "column": 18
        }
      },
      "152": {
        "start": {
          "line": 336,
          "column": 8
        },
        "end": {
          "line": 338,
          "column": 9
        }
      },
      "153": {
        "start": {
          "line": 337,
          "column": 12
        },
        "end": {
          "line": 337,
          "column": 18
        }
      },
      "154": {
        "start": {
          "line": 339,
          "column": 21
        },
        "end": {
          "line": 339,
          "column": 50
        }
      },
      "155": {
        "start": {
          "line": 341,
          "column": 8
        },
        "end": {
          "line": 347,
          "column": 9
        }
      },
      "156": {
        "start": {
          "line": 342,
          "column": 12
        },
        "end": {
          "line": 342,
          "column": 48
        }
      },
      "157": {
        "start": {
          "line": 343,
          "column": 12
        },
        "end": {
          "line": 343,
          "column": 51
        }
      },
      "158": {
        "start": {
          "line": 345,
          "column": 12
        },
        "end": {
          "line": 345,
          "column": 44
        }
      },
      "159": {
        "start": {
          "line": 346,
          "column": 12
        },
        "end": {
          "line": 346,
          "column": 48
        }
      },
      "160": {
        "start": {
          "line": 348,
          "column": 8
        },
        "end": {
          "line": 348,
          "column": 66
        }
      },
      "161": {
        "start": {
          "line": 350,
          "column": 4
        },
        "end": {
          "line": 350,
          "column": 118
        }
      },
      "162": {
        "start": {
          "line": 351,
          "column": 4
        },
        "end": {
          "line": 351,
          "column": 30
        }
      },
      "163": {
        "start": {
          "line": 352,
          "column": 4
        },
        "end": {
          "line": 352,
          "column": 27
        }
      },
      "164": {
        "start": {
          "line": 359,
          "column": 4
        },
        "end": {
          "line": 359,
          "column": 61
        }
      },
      "165": {
        "start": {
          "line": 360,
          "column": 4
        },
        "end": {
          "line": 360,
          "column": 61
        }
      },
      "166": {
        "start": {
          "line": 361,
          "column": 4
        },
        "end": {
          "line": 361,
          "column": 61
        }
      },
      "167": {
        "start": {
          "line": 362,
          "column": 4
        },
        "end": {
          "line": 362,
          "column": 61
        }
      },
      "168": {
        "start": {
          "line": 369,
          "column": 4
        },
        "end": {
          "line": 369,
          "column": 78
        }
      },
      "169": {
        "start": {
          "line": 376,
          "column": 4
        },
        "end": {
          "line": 376,
          "column": 45
        }
      },
      "170": {
        "start": {
          "line": 377,
          "column": 4
        },
        "end": {
          "line": 383,
          "column": 5
        }
      },
      "171": {
        "start": {
          "line": 378,
          "column": 8
        },
        "end": {
          "line": 378,
          "column": 28
        }
      },
      "172": {
        "start": {
          "line": 379,
          "column": 8
        },
        "end": {
          "line": 379,
          "column": 91
        }
      },
      "173": {
        "start": {
          "line": 381,
          "column": 8
        },
        "end": {
          "line": 381,
          "column": 28
        }
      },
      "174": {
        "start": {
          "line": 382,
          "column": 8
        },
        "end": {
          "line": 382,
          "column": 90
        }
      },
      "175": {
        "start": {
          "line": 384,
          "column": 4
        },
        "end": {
          "line": 384,
          "column": 49
        }
      },
      "176": {
        "start": {
          "line": 391,
          "column": 4
        },
        "end": {
          "line": 391,
          "column": 67
        }
      },
      "177": {
        "start": {
          "line": 392,
          "column": 4
        },
        "end": {
          "line": 392,
          "column": 67
        }
      },
      "178": {
        "start": {
          "line": 393,
          "column": 4
        },
        "end": {
          "line": 393,
          "column": 67
        }
      },
      "179": {
        "start": {
          "line": 394,
          "column": 4
        },
        "end": {
          "line": 394,
          "column": 67
        }
      },
      "180": {
        "start": {
          "line": 401,
          "column": 4
        },
        "end": {
          "line": 401,
          "column": 63
        }
      },
      "181": {
        "start": {
          "line": 402,
          "column": 4
        },
        "end": {
          "line": 402,
          "column": 63
        }
      },
      "182": {
        "start": {
          "line": 403,
          "column": 4
        },
        "end": {
          "line": 403,
          "column": 63
        }
      },
      "183": {
        "start": {
          "line": 404,
          "column": 4
        },
        "end": {
          "line": 404,
          "column": 63
        }
      },
      "184": {
        "start": {
          "line": 415,
          "column": 4
        },
        "end": {
          "line": 428,
          "column": 5
        }
      },
      "185": {
        "start": {
          "line": 417,
          "column": 12
        },
        "end": {
          "line": 417,
          "column": 37
        }
      },
      "186": {
        "start": {
          "line": 418,
          "column": 12
        },
        "end": {
          "line": 418,
          "column": 18
        }
      },
      "187": {
        "start": {
          "line": 421,
          "column": 12
        },
        "end": {
          "line": 421,
          "column": 38
        }
      },
      "188": {
        "start": {
          "line": 422,
          "column": 12
        },
        "end": {
          "line": 422,
          "column": 18
        }
      },
      "189": {
        "start": {
          "line": 424,
          "column": 12
        },
        "end": {
          "line": 424,
          "column": 39
        }
      },
      "190": {
        "start": {
          "line": 425,
          "column": 12
        },
        "end": {
          "line": 425,
          "column": 18
        }
      },
      "191": {
        "start": {
          "line": 427,
          "column": 12
        },
        "end": {
          "line": 427,
          "column": 32
        }
      },
      "192": {
        "start": {
          "line": 430,
          "column": 4
        },
        "end": {
          "line": 430,
          "column": 30
        }
      },
      "193": {
        "start": {
          "line": 440,
          "column": 4
        },
        "end": {
          "line": 440,
          "column": 25
        }
      },
      "194": {
        "start": {
          "line": 441,
          "column": 13
        },
        "end": {
          "line": 441,
          "column": 50
        }
      },
      "195": {
        "start": {
          "line": 442,
          "column": 4
        },
        "end": {
          "line": 445,
          "column": 5
        }
      },
      "196": {
        "start": {
          "line": 443,
          "column": 8
        },
        "end": {
          "line": 443,
          "column": 74
        }
      },
      "197": {
        "start": {
          "line": 444,
          "column": 8
        },
        "end": {
          "line": 444,
          "column": 58
        }
      },
      "198": {
        "start": {
          "line": 446,
          "column": 4
        },
        "end": {
          "line": 446,
          "column": 19
        }
      },
      "199": {
        "start": {
          "line": 447,
          "column": 4
        },
        "end": {
          "line": 447,
          "column": 19
        }
      },
      "200": {
        "start": {
          "line": 448,
          "column": 4
        },
        "end": {
          "line": 448,
          "column": 68
        }
      },
      "201": {
        "start": {
          "line": 449,
          "column": 4
        },
        "end": {
          "line": 449,
          "column": 83
        }
      },
      "202": {
        "start": {
          "line": 451,
          "column": 4
        },
        "end": {
          "line": 451,
          "column": 69
        }
      },
      "203": {
        "start": {
          "line": 452,
          "column": 4
        },
        "end": {
          "line": 452,
          "column": 53
        }
      },
      "204": {
        "start": {
          "line": 455,
          "column": 4
        },
        "end": {
          "line": 455,
          "column": 18
        }
      },
      "205": {
        "start": {
          "line": 456,
          "column": 4
        },
        "end": {
          "line": 456,
          "column": 49
        }
      },
      "206": {
        "start": {
          "line": 458,
          "column": 4
        },
        "end": {
          "line": 458,
          "column": 17
        }
      },
      "207": {
        "start": {
          "line": 459,
          "column": 4
        },
        "end": {
          "line": 459,
          "column": 19
        }
      },
      "208": {
        "start": {
          "line": 460,
          "column": 4
        },
        "end": {
          "line": 460,
          "column": 18
        }
      },
      "209": {
        "start": {
          "line": 467,
          "column": 17
        },
        "end": {
          "line": 467,
          "column": 59
        }
      },
      "210": {
        "start": {
          "line": 468,
          "column": 4
        },
        "end": {
          "line": 468,
          "column": 52
        }
      },
      "211": {
        "start": {
          "line": 469,
          "column": 4
        },
        "end": {
          "line": 473,
          "column": 5
        }
      },
      "212": {
        "start": {
          "line": 470,
          "column": 8
        },
        "end": {
          "line": 470,
          "column": 25
        }
      },
      "213": {
        "start": {
          "line": 487,
          "column": 19
        },
        "end": {
          "line": 487,
          "column": 63
        }
      },
      "214": {
        "start": {
          "line": 488,
          "column": 18
        },
        "end": {
          "line": 488,
          "column": 47
        }
      },
      "215": {
        "start": {
          "line": 489,
          "column": 4
        },
        "end": {
          "line": 489,
          "column": 35
        }
      },
      "216": {
        "start": {
          "line": 490,
          "column": 4
        },
        "end": {
          "line": 490,
          "column": 26
        }
      },
      "217": {
        "start": {
          "line": 492,
          "column": 18
        },
        "end": {
          "line": 492,
          "column": 50
        }
      },
      "218": {
        "start": {
          "line": 493,
          "column": 4
        },
        "end": {
          "line": 493,
          "column": 38
        }
      },
      "219": {
        "start": {
          "line": 494,
          "column": 4
        },
        "end": {
          "line": 494,
          "column": 62
        }
      },
      "220": {
        "start": {
          "line": 496,
          "column": 17
        },
        "end": {
          "line": 496,
          "column": 49
        }
      },
      "221": {
        "start": {
          "line": 497,
          "column": 4
        },
        "end": {
          "line": 497,
          "column": 40
        }
      },
      "222": {
        "start": {
          "line": 498,
          "column": 4
        },
        "end": {
          "line": 498,
          "column": 60
        }
      },
      "223": {
        "start": {
          "line": 500,
          "column": 17
        },
        "end": {
          "line": 500,
          "column": 49
        }
      },
      "224": {
        "start": {
          "line": 501,
          "column": 4
        },
        "end": {
          "line": 501,
          "column": 53
        }
      },
      "225": {
        "start": {
          "line": 502,
          "column": 4
        },
        "end": {
          "line": 502,
          "column": 60
        }
      },
      "226": {
        "start": {
          "line": 504,
          "column": 4
        },
        "end": {
          "line": 512,
          "column": 5
        }
      },
      "227": {
        "start": {
          "line": 505,
          "column": 8
        },
        "end": {
          "line": 505,
          "column": 97
        }
      },
      "228": {
        "start": {
          "line": 506,
          "column": 8
        },
        "end": {
          "line": 506,
          "column": 89
        }
      },
      "229": {
        "start": {
          "line": 507,
          "column": 8
        },
        "end": {
          "line": 507,
          "column": 107
        }
      },
      "230": {
        "start": {
          "line": 509,
          "column": 8
        },
        "end": {
          "line": 509,
          "column": 98
        }
      },
      "231": {
        "start": {
          "line": 510,
          "column": 8
        },
        "end": {
          "line": 510,
          "column": 84
        }
      },
      "232": {
        "start": {
          "line": 511,
          "column": 8
        },
        "end": {
          "line": 511,
          "column": 102
        }
      },
      "233": {
        "start": {
          "line": 514,
          "column": 4
        },
        "end": {
          "line": 521,
          "column": 6
        }
      },
      "234": {
        "start": {
          "line": 515,
          "column": 8
        },
        "end": {
          "line": 515,
          "column": 67
        }
      },
      "235": {
        "start": {
          "line": 516,
          "column": 8
        },
        "end": {
          "line": 520,
          "column": 9
        }
      },
      "236": {
        "start": {
          "line": 517,
          "column": 12
        },
        "end": {
          "line": 517,
          "column": 31
        }
      },
      "237": {
        "start": {
          "line": 519,
          "column": 12
        },
        "end": {
          "line": 519,
          "column": 33
        }
      },
      "238": {
        "start": {
          "line": 523,
          "column": 4
        },
        "end": {
          "line": 542,
          "column": 6
        }
      },
      "239": {
        "start": {
          "line": 524,
          "column": 8
        },
        "end": {
          "line": 524,
          "column": 64
        }
      },
      "240": {
        "start": {
          "line": 525,
          "column": 8
        },
        "end": {
          "line": 525,
          "column": 67
        }
      },
      "241": {
        "start": {
          "line": 526,
          "column": 8
        },
        "end": {
          "line": 541,
          "column": 9
        }
      },
      "242": {
        "start": {
          "line": 527,
          "column": 12
        },
        "end": {
          "line": 527,
          "column": 47
        }
      },
      "243": {
        "start": {
          "line": 528,
          "column": 12
        },
        "end": {
          "line": 533,
          "column": 13
        }
      },
      "244": {
        "start": {
          "line": 529,
          "column": 16
        },
        "end": {
          "line": 529,
          "column": 53
        }
      },
      "245": {
        "start": {
          "line": 530,
          "column": 16
        },
        "end": {
          "line": 530,
          "column": 40
        }
      },
      "246": {
        "start": {
          "line": 532,
          "column": 16
        },
        "end": {
          "line": 532,
          "column": 48
        }
      },
      "247": {
        "start": {
          "line": 535,
          "column": 12
        },
        "end": {
          "line": 539,
          "column": 13
        }
      },
      "248": {
        "start": {
          "line": 536,
          "column": 16
        },
        "end": {
          "line": 536,
          "column": 55
        }
      },
      "249": {
        "start": {
          "line": 538,
          "column": 16
        },
        "end": {
          "line": 538,
          "column": 50
        }
      },
      "250": {
        "start": {
          "line": 540,
          "column": 12
        },
        "end": {
          "line": 540,
          "column": 34
        }
      },
      "251": {
        "start": {
          "line": 544,
          "column": 4
        },
        "end": {
          "line": 546,
          "column": 5
        }
      },
      "252": {
        "start": {
          "line": 545,
          "column": 8
        },
        "end": {
          "line": 545,
          "column": 31
        }
      },
      "253": {
        "start": {
          "line": 548,
          "column": 18
        },
        "end": {
          "line": 548,
          "column": 45
        }
      },
      "254": {
        "start": {
          "line": 549,
          "column": 4
        },
        "end": {
          "line": 549,
          "column": 32
        }
      },
      "255": {
        "start": {
          "line": 550,
          "column": 4
        },
        "end": {
          "line": 550,
          "column": 29
        }
      },
      "256": {
        "start": {
          "line": 552,
          "column": 19
        },
        "end": {
          "line": 552,
          "column": 46
        }
      },
      "257": {
        "start": {
          "line": 553,
          "column": 4
        },
        "end": {
          "line": 553,
          "column": 41
        }
      },
      "258": {
        "start": {
          "line": 554,
          "column": 4
        },
        "end": {
          "line": 554,
          "column": 40
        }
      },
      "259": {
        "start": {
          "line": 555,
          "column": 4
        },
        "end": {
          "line": 555,
          "column": 44
        }
      },
      "260": {
        "start": {
          "line": 556,
          "column": 4
        },
        "end": {
          "line": 556,
          "column": 34
        }
      },
      "261": {
        "start": {
          "line": 558,
          "column": 4
        },
        "end": {
          "line": 558,
          "column": 16
        }
      },
      "262": {
        "start": {
          "line": 559,
          "column": 20
        },
        "end": {
          "line": 559,
          "column": 54
        }
      },
      "263": {
        "start": {
          "line": 560,
          "column": 4
        },
        "end": {
          "line": 560,
          "column": 87
        }
      },
      "264": {
        "start": {
          "line": 561,
          "column": 4
        },
        "end": {
          "line": 561,
          "column": 40
        }
      },
      "265": {
        "start": {
          "line": 563,
          "column": 4
        },
        "end": {
          "line": 563,
          "column": 26
        }
      },
      "266": {
        "start": {
          "line": 565,
          "column": 4
        },
        "end": {
          "line": 565,
          "column": 67
        }
      },
      "267": {
        "start": {
          "line": 568,
          "column": 4
        },
        "end": {
          "line": 568,
          "column": 33
        }
      },
      "268": {
        "start": {
          "line": 569,
          "column": 4
        },
        "end": {
          "line": 569,
          "column": 32
        }
      },
      "269": {
        "start": {
          "line": 570,
          "column": 4
        },
        "end": {
          "line": 570,
          "column": 33
        }
      },
      "270": {
        "start": {
          "line": 571,
          "column": 4
        },
        "end": {
          "line": 571,
          "column": 32
        }
      },
      "271": {
        "start": {
          "line": 572,
          "column": 4
        },
        "end": {
          "line": 572,
          "column": 34
        }
      },
      "272": {
        "start": {
          "line": 574,
          "column": 4
        },
        "end": {
          "line": 581,
          "column": 5
        }
      },
      "273": {
        "start": {
          "line": 575,
          "column": 8
        },
        "end": {
          "line": 575,
          "column": 41
        }
      },
      "274": {
        "start": {
          "line": 576,
          "column": 8
        },
        "end": {
          "line": 580,
          "column": 9
        }
      },
      "275": {
        "start": {
          "line": 577,
          "column": 12
        },
        "end": {
          "line": 577,
          "column": 83
        }
      },
      "276": {
        "start": {
          "line": 579,
          "column": 12
        },
        "end": {
          "line": 579,
          "column": 78
        }
      },
      "277": {
        "start": {
          "line": 583,
          "column": 4
        },
        "end": {
          "line": 583,
          "column": 26
        }
      },
      "278": {
        "start": {
          "line": 584,
          "column": 4
        },
        "end": {
          "line": 584,
          "column": 22
        }
      },
      "279": {
        "start": {
          "line": 598,
          "column": 20
        },
        "end": {
          "line": 598,
          "column": 56
        }
      },
      "280": {
        "start": {
          "line": 599,
          "column": 18
        },
        "end": {
          "line": 599,
          "column": 47
        }
      },
      "281": {
        "start": {
          "line": 600,
          "column": 4
        },
        "end": {
          "line": 600,
          "column": 52
        }
      },
      "282": {
        "start": {
          "line": 601,
          "column": 4
        },
        "end": {
          "line": 601,
          "column": 36
        }
      },
      "283": {
        "start": {
          "line": 603,
          "column": 18
        },
        "end": {
          "line": 603,
          "column": 50
        }
      },
      "284": {
        "start": {
          "line": 604,
          "column": 4
        },
        "end": {
          "line": 604,
          "column": 38
        }
      },
      "285": {
        "start": {
          "line": 605,
          "column": 4
        },
        "end": {
          "line": 605,
          "column": 62
        }
      },
      "286": {
        "start": {
          "line": 607,
          "column": 17
        },
        "end": {
          "line": 607,
          "column": 49
        }
      },
      "287": {
        "start": {
          "line": 608,
          "column": 4
        },
        "end": {
          "line": 608,
          "column": 40
        }
      },
      "288": {
        "start": {
          "line": 609,
          "column": 4
        },
        "end": {
          "line": 609,
          "column": 60
        }
      },
      "289": {
        "start": {
          "line": 615,
          "column": 4
        },
        "end": {
          "line": 623,
          "column": 5
        }
      },
      "290": {
        "start": {
          "line": 616,
          "column": 8
        },
        "end": {
          "line": 616,
          "column": 102
        }
      },
      "291": {
        "start": {
          "line": 617,
          "column": 8
        },
        "end": {
          "line": 617,
          "column": 61
        }
      },
      "292": {
        "start": {
          "line": 620,
          "column": 8
        },
        "end": {
          "line": 620,
          "column": 103
        }
      },
      "293": {
        "start": {
          "line": 621,
          "column": 8
        },
        "end": {
          "line": 621,
          "column": 56
        }
      },
      "294": {
        "start": {
          "line": 625,
          "column": 4
        },
        "end": {
          "line": 632,
          "column": 6
        }
      },
      "295": {
        "start": {
          "line": 626,
          "column": 8
        },
        "end": {
          "line": 626,
          "column": 65
        }
      },
      "296": {
        "start": {
          "line": 627,
          "column": 8
        },
        "end": {
          "line": 631,
          "column": 9
        }
      },
      "297": {
        "start": {
          "line": 628,
          "column": 12
        },
        "end": {
          "line": 628,
          "column": 29
        }
      },
      "298": {
        "start": {
          "line": 630,
          "column": 12
        },
        "end": {
          "line": 630,
          "column": 31
        }
      },
      "299": {
        "start": {
          "line": 634,
          "column": 4
        },
        "end": {
          "line": 636,
          "column": 6
        }
      },
      "300": {
        "start": {
          "line": 635,
          "column": 8
        },
        "end": {
          "line": 635,
          "column": 28
        }
      },
      "301": {
        "start": {
          "line": 642,
          "column": 18
        },
        "end": {
          "line": 642,
          "column": 45
        }
      },
      "302": {
        "start": {
          "line": 643,
          "column": 4
        },
        "end": {
          "line": 643,
          "column": 29
        }
      },
      "303": {
        "start": {
          "line": 645,
          "column": 19
        },
        "end": {
          "line": 645,
          "column": 46
        }
      },
      "304": {
        "start": {
          "line": 646,
          "column": 4
        },
        "end": {
          "line": 646,
          "column": 51
        }
      },
      "305": {
        "start": {
          "line": 647,
          "column": 4
        },
        "end": {
          "line": 647,
          "column": 40
        }
      },
      "306": {
        "start": {
          "line": 648,
          "column": 4
        },
        "end": {
          "line": 648,
          "column": 44
        }
      },
      "307": {
        "start": {
          "line": 649,
          "column": 4
        },
        "end": {
          "line": 649,
          "column": 34
        }
      },
      "308": {
        "start": {
          "line": 651,
          "column": 4
        },
        "end": {
          "line": 651,
          "column": 33
        }
      },
      "309": {
        "start": {
          "line": 652,
          "column": 4
        },
        "end": {
          "line": 652,
          "column": 32
        }
      },
      "310": {
        "start": {
          "line": 653,
          "column": 4
        },
        "end": {
          "line": 653,
          "column": 33
        }
      },
      "311": {
        "start": {
          "line": 656,
          "column": 4
        },
        "end": {
          "line": 656,
          "column": 35
        }
      },
      "312": {
        "start": {
          "line": 658,
          "column": 4
        },
        "end": {
          "line": 660,
          "column": 5
        }
      },
      "313": {
        "start": {
          "line": 659,
          "column": 8
        },
        "end": {
          "line": 659,
          "column": 88
        }
      },
      "314": {
        "start": {
          "line": 661,
          "column": 4
        },
        "end": {
          "line": 661,
          "column": 20
        }
      },
      "315": {
        "start": {
          "line": 662,
          "column": 4
        },
        "end": {
          "line": 662,
          "column": 26
        }
      },
      "316": {
        "start": {
          "line": 663,
          "column": 4
        },
        "end": {
          "line": 663,
          "column": 20
        }
      },
      "317": {
        "start": {
          "line": 673,
          "column": 23
        },
        "end": {
          "line": 673,
          "column": 56
        }
      },
      "318": {
        "start": {
          "line": 674,
          "column": 4
        },
        "end": {
          "line": 674,
          "column": 74
        }
      },
      "319": {
        "start": {
          "line": 675,
          "column": 21
        },
        "end": {
          "line": 675,
          "column": 64
        }
      },
      "320": {
        "start": {
          "line": 677,
          "column": 4
        },
        "end": {
          "line": 679,
          "column": 5
        }
      },
      "321": {
        "start": {
          "line": 678,
          "column": 8
        },
        "end": {
          "line": 678,
          "column": 88
        }
      },
      "322": {
        "start": {
          "line": 680,
          "column": 4
        },
        "end": {
          "line": 680,
          "column": 16
        }
      },
      "323": {
        "start": {
          "line": 681,
          "column": 4
        },
        "end": {
          "line": 681,
          "column": 48
        }
      },
      "324": {
        "start": {
          "line": 682,
          "column": 20
        },
        "end": {
          "line": 682,
          "column": 54
        }
      },
      "325": {
        "start": {
          "line": 683,
          "column": 4
        },
        "end": {
          "line": 683,
          "column": 87
        }
      },
      "326": {
        "start": {
          "line": 685,
          "column": 4
        },
        "end": {
          "line": 685,
          "column": 23
        }
      },
      "327": {
        "start": {
          "line": 695,
          "column": 23
        },
        "end": {
          "line": 695,
          "column": 56
        }
      },
      "328": {
        "start": {
          "line": 696,
          "column": 4
        },
        "end": {
          "line": 696,
          "column": 77
        }
      },
      "329": {
        "start": {
          "line": 697,
          "column": 21
        },
        "end": {
          "line": 697,
          "column": 64
        }
      },
      "330": {
        "start": {
          "line": 699,
          "column": 4
        },
        "end": {
          "line": 701,
          "column": 5
        }
      },
      "331": {
        "start": {
          "line": 700,
          "column": 8
        },
        "end": {
          "line": 700,
          "column": 91
        }
      },
      "332": {
        "start": {
          "line": 702,
          "column": 4
        },
        "end": {
          "line": 702,
          "column": 16
        }
      },
      "333": {
        "start": {
          "line": 703,
          "column": 4
        },
        "end": {
          "line": 703,
          "column": 49
        }
      },
      "334": {
        "start": {
          "line": 704,
          "column": 20
        },
        "end": {
          "line": 704,
          "column": 54
        }
      },
      "335": {
        "start": {
          "line": 705,
          "column": 4
        },
        "end": {
          "line": 705,
          "column": 87
        }
      },
      "336": {
        "start": {
          "line": 707,
          "column": 4
        },
        "end": {
          "line": 707,
          "column": 25
        }
      },
      "337": {
        "start": {
          "line": 717,
          "column": 21
        },
        "end": {
          "line": 717,
          "column": 64
        }
      },
      "338": {
        "start": {
          "line": 718,
          "column": 22
        },
        "end": {
          "line": 718,
          "column": 58
        }
      },
      "339": {
        "start": {
          "line": 719,
          "column": 4
        },
        "end": {
          "line": 719,
          "column": 38
        }
      },
      "340": {
        "start": {
          "line": 720,
          "column": 4
        },
        "end": {
          "line": 724,
          "column": 5
        }
      },
      "341": {
        "start": {
          "line": 721,
          "column": 8
        },
        "end": {
          "line": 721,
          "column": 81
        }
      },
      "342": {
        "start": {
          "line": 723,
          "column": 8
        },
        "end": {
          "line": 723,
          "column": 76
        }
      },
      "343": {
        "start": {
          "line": 725,
          "column": 4
        },
        "end": {
          "line": 725,
          "column": 28
        }
      },
      "344": {
        "start": {
          "line": 726,
          "column": 4
        },
        "end": {
          "line": 726,
          "column": 20
        }
      },
      "345": {
        "start": {
          "line": 737,
          "column": 19
        },
        "end": {
          "line": 737,
          "column": 68
        }
      },
      "346": {
        "start": {
          "line": 739,
          "column": 23
        },
        "end": {
          "line": 739,
          "column": 66
        }
      },
      "347": {
        "start": {
          "line": 741,
          "column": 4
        },
        "end": {
          "line": 743,
          "column": 5
        }
      },
      "348": {
        "start": {
          "line": 742,
          "column": 8
        },
        "end": {
          "line": 742,
          "column": 20
        }
      },
      "349": {
        "start": {
          "line": 745,
          "column": 4
        },
        "end": {
          "line": 749,
          "column": 5
        }
      },
      "350": {
        "start": {
          "line": 746,
          "column": 26
        },
        "end": {
          "line": 746,
          "column": 62
        }
      },
      "351": {
        "start": {
          "line": 747,
          "column": 8
        },
        "end": {
          "line": 747,
          "column": 42
        }
      },
      "352": {
        "start": {
          "line": 750,
          "column": 30
        },
        "end": {
          "line": 750,
          "column": 74
        }
      },
      "353": {
        "start": {
          "line": 751,
          "column": 4
        },
        "end": {
          "line": 751,
          "column": 69
        }
      },
      "354": {
        "start": {
          "line": 752,
          "column": 4
        },
        "end": {
          "line": 752,
          "column": 16
        }
      },
      "355": {
        "start": {
          "line": 754,
          "column": 20
        },
        "end": {
          "line": 754,
          "column": 54
        }
      },
      "356": {
        "start": {
          "line": 755,
          "column": 4
        },
        "end": {
          "line": 755,
          "column": 87
        }
      },
      "357": {
        "start": {
          "line": 757,
          "column": 4
        },
        "end": {
          "line": 759,
          "column": 5
        }
      },
      "358": {
        "start": {
          "line": 758,
          "column": 8
        },
        "end": {
          "line": 758,
          "column": 48
        }
      },
      "359": {
        "start": {
          "line": 762,
          "column": 4
        },
        "end": {
          "line": 762,
          "column": 18
        }
      },
      "360": {
        "start": {
          "line": 764,
          "column": 4
        },
        "end": {
          "line": 764,
          "column": 55
        }
      },
      "361": {
        "start": {
          "line": 765,
          "column": 4
        },
        "end": {
          "line": 765,
          "column": 67
        }
      },
      "362": {
        "start": {
          "line": 767,
          "column": 4
        },
        "end": {
          "line": 767,
          "column": 26
        }
      },
      "363": {
        "start": {
          "line": 777,
          "column": 30
        },
        "end": {
          "line": 777,
          "column": 74
        }
      },
      "364": {
        "start": {
          "line": 778,
          "column": 4
        },
        "end": {
          "line": 780,
          "column": 5
        }
      },
      "365": {
        "start": {
          "line": 779,
          "column": 8
        },
        "end": {
          "line": 779,
          "column": 67
        }
      },
      "366": {
        "start": {
          "line": 782,
          "column": 22
        },
        "end": {
          "line": 782,
          "column": 58
        }
      },
      "367": {
        "start": {
          "line": 783,
          "column": 4
        },
        "end": {
          "line": 785,
          "column": 5
        }
      },
      "368": {
        "start": {
          "line": 784,
          "column": 8
        },
        "end": {
          "line": 784,
          "column": 51
        }
      },
      "369": {
        "start": {
          "line": 787,
          "column": 4
        },
        "end": {
          "line": 787,
          "column": 18
        }
      },
      "370": {
        "start": {
          "line": 788,
          "column": 4
        },
        "end": {
          "line": 788,
          "column": 18
        }
      },
      "371": {
        "start": {
          "line": 789,
          "column": 4
        },
        "end": {
          "line": 789,
          "column": 17
        }
      },
      "372": {
        "start": {
          "line": 790,
          "column": 20
        },
        "end": {
          "line": 790,
          "column": 54
        }
      },
      "373": {
        "start": {
          "line": 792,
          "column": 4
        },
        "end": {
          "line": 794,
          "column": 5
        }
      },
      "374": {
        "start": {
          "line": 793,
          "column": 8
        },
        "end": {
          "line": 793,
          "column": 48
        }
      },
      "375": {
        "start": {
          "line": 795,
          "column": 4
        },
        "end": {
          "line": 795,
          "column": 20
        }
      },
      "376": {
        "start": {
          "line": 796,
          "column": 4
        },
        "end": {
          "line": 796,
          "column": 42
        }
      },
      "377": {
        "start": {
          "line": 797,
          "column": 4
        },
        "end": {
          "line": 797,
          "column": 19
        }
      },
      "378": {
        "start": {
          "line": 798,
          "column": 4
        },
        "end": {
          "line": 798,
          "column": 28
        }
      },
      "379": {
        "start": {
          "line": 808,
          "column": 28
        },
        "end": {
          "line": 808,
          "column": 72
        }
      },
      "380": {
        "start": {
          "line": 809,
          "column": 23
        },
        "end": {
          "line": 809,
          "column": 49
        }
      },
      "381": {
        "start": {
          "line": 810,
          "column": 4
        },
        "end": {
          "line": 814,
          "column": 5
        }
      },
      "382": {
        "start": {
          "line": 810,
          "column": 17
        },
        "end": {
          "line": 810,
          "column": 18
        }
      },
      "383": {
        "start": {
          "line": 811,
          "column": 23
        },
        "end": {
          "line": 811,
          "column": 38
        }
      },
      "384": {
        "start": {
          "line": 812,
          "column": 23
        },
        "end": {
          "line": 812,
          "column": 42
        }
      },
      "385": {
        "start": {
          "line": 813,
          "column": 8
        },
        "end": {
          "line": 813,
          "column": 53
        }
      },
      "386": {
        "start": {
          "line": 818,
          "column": 20
        },
        "end": {
          "line": 818,
          "column": 56
        }
      },
      "387": {
        "start": {
          "line": 819,
          "column": 25
        },
        "end": {
          "line": 819,
          "column": 43
        }
      },
      "388": {
        "start": {
          "line": 820,
          "column": 4
        },
        "end": {
          "line": 824,
          "column": 5
        }
      },
      "389": {
        "start": {
          "line": 820,
          "column": 17
        },
        "end": {
          "line": 820,
          "column": 18
        }
      },
      "390": {
        "start": {
          "line": 821,
          "column": 25
        },
        "end": {
          "line": 821,
          "column": 42
        }
      },
      "391": {
        "start": {
          "line": 822,
          "column": 23
        },
        "end": {
          "line": 822,
          "column": 44
        }
      },
      "392": {
        "start": {
          "line": 823,
          "column": 8
        },
        "end": {
          "line": 823,
          "column": 55
        }
      },
      "393": {
        "start": {
          "line": 833,
          "column": 4
        },
        "end": {
          "line": 833,
          "column": 19
        }
      },
      "394": {
        "start": {
          "line": 834,
          "column": 18
        },
        "end": {
          "line": 834,
          "column": 59
        }
      },
      "395": {
        "start": {
          "line": 835,
          "column": 21
        },
        "end": {
          "line": 835,
          "column": 55
        }
      },
      "396": {
        "start": {
          "line": 837,
          "column": 4
        },
        "end": {
          "line": 843,
          "column": 5
        }
      },
      "397": {
        "start": {
          "line": 838,
          "column": 8
        },
        "end": {
          "line": 838,
          "column": 55
        }
      },
      "398": {
        "start": {
          "line": 839,
          "column": 8
        },
        "end": {
          "line": 839,
          "column": 34
        }
      },
      "399": {
        "start": {
          "line": 840,
          "column": 11
        },
        "end": {
          "line": 843,
          "column": 5
        }
      },
      "400": {
        "start": {
          "line": 841,
          "column": 8
        },
        "end": {
          "line": 841,
          "column": 59
        }
      },
      "401": {
        "start": {
          "line": 842,
          "column": 8
        },
        "end": {
          "line": 842,
          "column": 44
        }
      },
      "402": {
        "start": {
          "line": 852,
          "column": 17
        },
        "end": {
          "line": 852,
          "column": 44
        }
      },
      "403": {
        "start": {
          "line": 854,
          "column": 4
        },
        "end": {
          "line": 854,
          "column": 48
        }
      },
      "404": {
        "start": {
          "line": 863,
          "column": 17
        },
        "end": {
          "line": 863,
          "column": 44
        }
      },
      "405": {
        "start": {
          "line": 864,
          "column": 4
        },
        "end": {
          "line": 866,
          "column": 5
        }
      },
      "406": {
        "start": {
          "line": 865,
          "column": 8
        },
        "end": {
          "line": 865,
          "column": 23
        }
      },
      "407": {
        "start": {
          "line": 868,
          "column": 4
        },
        "end": {
          "line": 868,
          "column": 48
        }
      },
      "408": {
        "start": {
          "line": 875,
          "column": 4
        },
        "end": {
          "line": 875,
          "column": 84
        }
      },
      "409": {
        "start": {
          "line": 876,
          "column": 4
        },
        "end": {
          "line": 876,
          "column": 92
        }
      },
      "410": {
        "start": {
          "line": 877,
          "column": 4
        },
        "end": {
          "line": 877,
          "column": 89
        }
      },
      "411": {
        "start": {
          "line": 878,
          "column": 4
        },
        "end": {
          "line": 878,
          "column": 89
        }
      },
      "412": {
        "start": {
          "line": 879,
          "column": 4
        },
        "end": {
          "line": 879,
          "column": 87
        }
      },
      "413": {
        "start": {
          "line": 893,
          "column": 4
        },
        "end": {
          "line": 893,
          "column": 84
        }
      },
      "414": {
        "start": {
          "line": 894,
          "column": 4
        },
        "end": {
          "line": 894,
          "column": 92
        }
      },
      "415": {
        "start": {
          "line": 895,
          "column": 4
        },
        "end": {
          "line": 895,
          "column": 89
        }
      },
      "416": {
        "start": {
          "line": 896,
          "column": 4
        },
        "end": {
          "line": 896,
          "column": 89
        }
      },
      "417": {
        "start": {
          "line": 897,
          "column": 4
        },
        "end": {
          "line": 897,
          "column": 87
        }
      },
      "418": {
        "start": {
          "line": 907,
          "column": 11
        },
        "end": {
          "line": 907,
          "column": 12
        }
      },
      "419": {
        "start": {
          "line": 913,
          "column": 4
        },
        "end": {
          "line": 915,
          "column": 5
        }
      },
      "420": {
        "start": {
          "line": 914,
          "column": 8
        },
        "end": {
          "line": 914,
          "column": 15
        }
      },
      "421": {
        "start": {
          "line": 916,
          "column": 4
        },
        "end": {
          "line": 916,
          "column": 11
        }
      },
      "422": {
        "start": {
          "line": 917,
          "column": 16
        },
        "end": {
          "line": 917,
          "column": 53
        }
      },
      "423": {
        "start": {
          "line": 918,
          "column": 4
        },
        "end": {
          "line": 918,
          "column": 49
        }
      },
      "424": {
        "start": {
          "line": 919,
          "column": 18
        },
        "end": {
          "line": 919,
          "column": 57
        }
      },
      "425": {
        "start": {
          "line": 920,
          "column": 4
        },
        "end": {
          "line": 920,
          "column": 53
        }
      },
      "426": {
        "start": {
          "line": 921,
          "column": 4
        },
        "end": {
          "line": 923,
          "column": 5
        }
      },
      "427": {
        "start": {
          "line": 922,
          "column": 8
        },
        "end": {
          "line": 922,
          "column": 43
        }
      },
      "428": {
        "start": {
          "line": 924,
          "column": 4
        },
        "end": {
          "line": 924,
          "column": 62
        }
      },
      "429": {
        "start": {
          "line": 925,
          "column": 4
        },
        "end": {
          "line": 925,
          "column": 67
        }
      },
      "430": {
        "start": {
          "line": 934,
          "column": 4
        },
        "end": {
          "line": 934,
          "column": 67
        }
      },
      "431": {
        "start": {
          "line": 935,
          "column": 4
        },
        "end": {
          "line": 940,
          "column": 5
        }
      },
      "432": {
        "start": {
          "line": 936,
          "column": 8
        },
        "end": {
          "line": 936,
          "column": 33
        }
      },
      "433": {
        "start": {
          "line": 937,
          "column": 8
        },
        "end": {
          "line": 937,
          "column": 17
        }
      },
      "434": {
        "start": {
          "line": 939,
          "column": 8
        },
        "end": {
          "line": 939,
          "column": 15
        }
      },
      "435": {
        "start": {
          "line": 941,
          "column": 4
        },
        "end": {
          "line": 941,
          "column": 11
        }
      },
      "436": {
        "start": {
          "line": 942,
          "column": 16
        },
        "end": {
          "line": 942,
          "column": 53
        }
      },
      "437": {
        "start": {
          "line": 943,
          "column": 4
        },
        "end": {
          "line": 943,
          "column": 49
        }
      },
      "438": {
        "start": {
          "line": 944,
          "column": 18
        },
        "end": {
          "line": 944,
          "column": 57
        }
      },
      "439": {
        "start": {
          "line": 945,
          "column": 4
        },
        "end": {
          "line": 945,
          "column": 53
        }
      },
      "440": {
        "start": {
          "line": 946,
          "column": 4
        },
        "end": {
          "line": 946,
          "column": 62
        }
      },
      "441": {
        "start": {
          "line": 947,
          "column": 4
        },
        "end": {
          "line": 957,
          "column": 5
        }
      },
      "442": {
        "start": {
          "line": 948,
          "column": 8
        },
        "end": {
          "line": 948,
          "column": 46
        }
      },
      "443": {
        "start": {
          "line": 949,
          "column": 8
        },
        "end": {
          "line": 950,
          "column": 118
        }
      },
      "444": {
        "start": {
          "line": 951,
          "column": 8
        },
        "end": {
          "line": 955,
          "column": 9
        }
      },
      "445": {
        "start": {
          "line": 952,
          "column": 12
        },
        "end": {
          "line": 952,
          "column": 173
        }
      },
      "446": {
        "start": {
          "line": 954,
          "column": 12
        },
        "end": {
          "line": 954,
          "column": 168
        }
      },
      "447": {
        "start": {
          "line": 956,
          "column": 8
        },
        "end": {
          "line": 956,
          "column": 72
        }
      },
      "448": {
        "start": {
          "line": 965,
          "column": 16
        },
        "end": {
          "line": 965,
          "column": 58
        }
      },
      "449": {
        "start": {
          "line": 966,
          "column": 4
        },
        "end": {
          "line": 966,
          "column": 57
        }
      },
      "450": {
        "start": {
          "line": 967,
          "column": 4
        },
        "end": {
          "line": 969,
          "column": 13
        }
      },
      "451": {
        "start": {
          "line": 968,
          "column": 8
        },
        "end": {
          "line": 968,
          "column": 29
        }
      },
      "452": {
        "start": {
          "line": 970,
          "column": 4
        },
        "end": {
          "line": 970,
          "column": 18
        }
      },
      "453": {
        "start": {
          "line": 978,
          "column": 4
        },
        "end": {
          "line": 991,
          "column": 5
        }
      },
      "454": {
        "start": {
          "line": 980,
          "column": 12
        },
        "end": {
          "line": 980,
          "column": 34
        }
      },
      "455": {
        "start": {
          "line": 981,
          "column": 12
        },
        "end": {
          "line": 981,
          "column": 18
        }
      },
      "456": {
        "start": {
          "line": 983,
          "column": 12
        },
        "end": {
          "line": 983,
          "column": 32
        }
      },
      "457": {
        "start": {
          "line": 984,
          "column": 12
        },
        "end": {
          "line": 984,
          "column": 18
        }
      },
      "458": {
        "start": {
          "line": 986,
          "column": 12
        },
        "end": {
          "line": 986,
          "column": 33
        }
      },
      "459": {
        "start": {
          "line": 987,
          "column": 12
        },
        "end": {
          "line": 987,
          "column": 18
        }
      },
      "460": {
        "start": {
          "line": 990,
          "column": 12
        },
        "end": {
          "line": 990,
          "column": 34
        }
      },
      "461": {
        "start": {
          "line": 1002,
          "column": 4
        },
        "end": {
          "line": 1002,
          "column": 51
        }
      },
      "462": {
        "start": {
          "line": 1003,
          "column": 4
        },
        "end": {
          "line": 1003,
          "column": 21
        }
      },
      "463": {
        "start": {
          "line": 1004,
          "column": 17
        },
        "end": {
          "line": 1004,
          "column": 54
        }
      },
[...]
      "442": 85,
      "443": 85,
      "444": 85,
      "445": 0,
      "446": 85,
      "447": 85,
      "448": 210,
      "449": 210,
      "450": 210,
      "451": 15,
      "452": 210,
      "453": 99,
      "454": 14,
      "455": 14,
      "456": 1,
      "457": 1,
      "458": 1,
      "459": 1,
      "460": 83,
      "461": 124,
      "462": 124,
      "463": 124,
      "464": 124,
      "465": 124,
      "466": 100,
      "467": 24,
      "468": 124,
      "469": 124,
      "470": 124,
      "471": 18,
      "472": 18,
      "473": 18,
      "474": 18,
      "475": 18,
      "476": 0,
      "477": 18,
      "478": 18,
      "479": 18,
      "480": 198,
      "481": 18,
      "482": 18,
      "483": 18,
      "484": 246,
      "485": 18,
      "486": 18,
      "487": 18,
      "488": 54,
      "489": 54,
      "490": 51,
      "491": 18,
      "492": 18,
      "493": 18,
      "494": 17,
      "495": 18,
      "496": 18,
      "497": 18,
      "498": 18,
      "499": 18,
      "500": 18,
      "501": 32,
      "502": 32,
      "503": 32,
      "504": 24,
      "505": 8,
      "506": 32,
      "507": 20,
      "508": 106,
      "509": 106,
      "510": 106,
      "511": 106,
      "512": 106,
      "513": 106,
      "514": 0,
      "515": 106,
      "516": 106,
      "517": 106,
      "518": 1166,
      "519": 11,
      "520": 106,
      "521": 106,
      "522": 106,
      "523": 970,
      "524": 106,
      "525": 106,
      "526": 106,
      "527": 318,
      "528": 318,
      "529": 3,
      "530": 106,
      "531": 106,
      "532": 106,
      "533": 1,
      "534": 106,
      "535": 106,
      "536": 106,
      "537": 6,
      "538": 100,
      "539": 106,
      "540": 106,
      "541": 106,
      "542": 6,
      "543": 6,
      "544": 6,
      "545": 0,
      "546": 6,
      "547": 6,
      "548": 4,
      "549": 124,
      "550": 100,
      "551": 24,
      "552": 24,
      "553": 5,
      "554": 5,
      "555": 99,
      "556": 99,
      "557": 83,
      "558": 0,
      "559": 83,
      "560": 0,
      "561": 83,
      "562": 0,
      "563": 83,
      "564": 83,
      "565": 16,
      "566": 99,
      "567": 99,
      "568": 99,
      "569": 99,
      "570": 99,
      "571": 99,
      "572": 99,
      "573": 99,
      "574": 99,
      "575": 99,
      "576": 99,
      "577": 99,
      "578": 99,
      "579": 99,
      "580": 99,
      "581": 99,
      "582": 99,
      "583": 99,
      "584": 99,
      "585": 99,
      "586": 99,
      "587": 99,
      "588": 99,
      "589": 99,
      "590": 99,
      "591": 99,
      "592": 297,
      "593": 99,
      "594": 99,
      "595": 99,
      "596": 99,
      "597": 99,
      "598": 99,
      "599": 99,
      "600": 99,
      "601": 99,
      "602": 0,
      "603": 99,
      "604": 3,
      "605": 3,
      "606": 3,
      "607": 3,
      "608": 3,
      "609": 12,
      "610": 12,
      "611": 99,
      "612": 99,
      "613": 99,
      "614": 99,
      "615": 99,
      "616": 16,
      "617": 16,
      "618": 16,
      "619": 0,
      "620": 0,
      "621": 0,
      "622": 0,
      "623": 0,
      "624": 0,
      "625": 2,
      "626": 2,
      "627": 2,
      "628": 2,
      "629": 2,
      "630": 2,
      "631": 2,
      "632": 2,
      "633": 2,
      "634": 2,
      "635": 2,
      "636": 0,
      "637": 2,
      "638": 39,
      "639": 39,
      "640": 39,
      "641": 39,
      "642": 39,
      "643": 39,
      "644": 39,
      "645": 39,
      "646": 39,
      "647": 0,
      "648": 99
    },
    "f": {
      "0": 99,
      "1": 1524,
      "2": 913,
      "3": 24,
      "4": 19,
      "5": 21,
      "6": 7,
      "7": 15,
      "8": 84,
      "9": 7,
      "10": 2,
      "11": 49,
      "12": 46,
      "13": 21,
      "14": 26,
      "15": 3,
      "16": 57,
      "17": 12,
      "18": 0,
      "19": 0,
      "20": 0,
      "21": 46,
      "22": 5,
      "23": 190,
      "24": 104,
      "25": 18,
      "26": 12,
      "27": 12,
      "28": 55,
      "29": 12,
      "30": 0,
      "31": 22,
      "32": 8,
      "33": 4,
      "34": 12,
      "35": 5,
      "36": 12,
      "37": 59,
      "38": 4,
      "39": 295,
      "40": 160,
      "41": 21,
      "42": 13,
      "43": 8,
      "44": 421,
      "45": 210,
      "46": 15,
      "47": 99,
      "48": 124,
      "49": 5,
      "50": 99,
      "51": 16,
      "52": 2,
      "53": 39,
      "54": 0
    },
    "b": {
      "0": [
        86,
        1438
      ],
      "1": [
        2,
        911
      ],
      "2": [
        16,
        83
      ],
      "3": [
        2,
        14
      ],
      "4": [
        0,
        24
      ],
      "5": [
        24,
        24
      ],
      "6": [
        17,
        4
      ],
      "7": [
        4,
        13
      ],
      "8": [
        2,
        2
      ],
      "9": [
        5,
        2
      ],
      "10": [
        4,
        80
      ],
      "11": [
        2,
        78
      ],
      "12": [
        80,
        12
      ],
      "13": [
        2,
        76
      ],
      "14": [
        78,
        68
      ],
      "15": [
        2,
        5
      ],
      "16": [
        5,
        0
      ],
      "17": [
        3,
        46
      ],
      "18": [
        21,
        25
      ],
      "19": [
        13,
        8
      ],
      "20": [
        8,
        13
      ],
      "21": [
        13,
        8
      ],
      "22": [
        21,
        21,
        10
      ],
      "23": [
        8,
        0
      ],
      "24": [
        46,
        0
      ],
      "25": [
        46,
        0
      ],
      "26": [
        13,
        8
      ],
      "27": [
        13,
        0
      ],
      "28": [
        12,
        1
      ],
      "29": [
        13,
        1
      ],
      "30": [
        11,
        2
      ],
      "31": [
        11,
        0
      ],
      "32": [
        2,
        0
      ],
      "33": [
        0,
        2
      ],
      "34": [
        2,
        2
      ],
      "35": [
        2,
        6
      ],
      "36": [
        2,
        0
      ],
      "37": [
        0,
        2
      ],
      "38": [
        2,
        2
      ],
      "39": [
        8,
        0
      ],
      "40": [
        13,
        13
      ],
      "41": [
        11,
        2
      ],
      "42": [
        0,
        11
      ],
      "43": [
        0,
        11
      ],
      "44": [
        0,
        0
      ],
      "45": [
        26,
        12,
        20,
        0,
        0
      ],
      "46": [
        5,
        0
      ],
      "47": [
        5,
        5
      ],
      "48": [
        104,
        86
      ],
      "49": [
        2,
        102
      ],
      "50": [
        4,
        14
      ],
      "51": [
        8,
        4
      ],
      "52": [
        2,
        6
      ],
      "53": [
        2,
        2
      ],
      "54": [
        47,
        57
      ],
      "55": [
        2,
        45
      ],
      "56": [
        4,
        51
      ],
      "57": [
        4,
        8
      ],
      "58": [
        2,
        53
      ],
      "59": [
        11,
        11
      ],
      "60": [
        4,
        4
      ],
      "61": [
        2,
        2
      ],
      "62": [
        2,
        10
      ],
      "63": [
        4,
        8
      ],
      "64": [
        4,
        8
      ],
      "65": [
        5,
        0
      ],
      "66": [
        2,
        2
      ],
      "67": [
        2,
        0
      ],
      "68": [
        34,
        126
      ],
      "69": [
        2,
        6
      ],
      "70": [
        6,
        0
      ],
      "71": [
        83,
        338
      ],
      "72": [
        85,
        253
      ],
      "73": [
        0,
        85
      ],
      "74": [
        14,
        1,
        1,
        83
      ],
      "75": [
        100,
        24
      ],
      "76": [
        18,
        106
      ],
      "77": [
        18,
        0
      ],
      "78": [
        51,
        3
      ],
      "79": [
        17,
        1
      ],
      "80": [
        24,
        8
      ],
      "81": [
        20,
        12
      ],
      "82": [
        106,
        0
      ],
      "83": [
        106,
        6
      ],
      "84": [
        106,
        0
      ],
      "85": [
        11,
        1155
      ],
      "86": [
        3,
        315
      ],
      "87": [
        1,
        105
      ],
      "88": [
        6,
        100
      ],
      "89": [
        0,
        6
      ],
      "90": [
        4,
        2
      ],
      "91": [
        100,
        24
      ],
      "92": [
        83,
        16
      ],
      "93": [
        0,
        83
      ],
      "94": [
        0,
        83
      ],
      "95": [
        0,
        83
      ],
      "96": [
        99,
        0
      ],
      "97": [
        3,
        96
      ],
      "98": [
        16,
        0
      ],
      "99": [
        0,
        0
      ],
      "100": [
        0,
        2
      ]
    },
    "_coverageSchema": "1a1c01bbd47fc00a2c39e90264f33305004495a9",
    "hash": "25ae68db32c6b89bea50ee25c3276117fb19e172"
  },
  "C:\\Users\\Hane\\Desktop\\CSE110\\GitHubPages\\GitHubPages\\myproj\\cse110-w21-group4\\source\\drag.js": {
    "path": "C:\\Users\\Hane\\Desktop\\CSE110\\GitHubPages\\GitHubPages\\myproj\\cse110-w21-group4\\source\\drag.js",
    "statementMap": {
      "0": {
        "start": {
          "line": 1,
          "column": 0
        },
        "end": {
          "line": 4,
          "column": 3
        }
      },
      "1": {
        "start": {
          "line": 2,
          "column": 2
        },
        "end": {
          "line": 2,
          "column": 55
        }
      },
      "2": {
        "start": {
          "line": 3,
          "column": 2
        },
        "end": {
          "line": 3,
          "column": 51
        }
      },
      "3": {
        "start": {
          "line": 8,
          "column": 13
        },
        "end": {
          "line": 8,
          "column": 14
        }
      },
      "4": {
        "start": {
          "line": 8,
          "column": 23
        },
        "end": {
          "line": 8,
          "column": 24
        }
      },
      "5": {
        "start": {
          "line": 8,
          "column": 33
        },
        "end": {
          "line": 8,
          "column": 34
        }
      },
      "6": {
        "start": {
          "line": 8,
          "column": 43
        },
        "end": {
          "line": 8,
          "column": 44
        }
      },
      "7": {
        "start": {
          "line": 9,
          "column": 2
        },
        "end": {
          "line": 17,
          "column": 3
        }
      },
      "8": {
        "start": {
          "line": 11,
          "column": 6
        },
        "end": {
          "line": 11,
          "column": 37
        }
      },
      "9": {
        "start": {
          "line": 12,
          "column": 6
        },
        "end": {
          "line": 12,
          "column": 79
        }
      },
      "10": {
        "start": {
          "line": 16,
          "column": 6
        },
        "end": {
          "line": 16,
          "column": 40
        }
      },
      "11": {
        "start": {
          "line": 20,
          "column": 6
        },
        "end": {
          "line": 20,
          "column": 28
        }
      },
      "12": {
        "start": {
          "line": 21,
          "column": 6
        },
        "end": {
          "line": 21,
          "column": 25
        }
      },
      "13": {
        "start": {
          "line": 23,
          "column": 6
        },
        "end": {
          "line": 23,
          "column": 23
        }
      },
      "14": {
        "start": {
          "line": 24,
          "column": 6
        },
        "end": {
          "line": 24,
          "column": 23
        }
      },
      "15": {
        "start": {
          "line": 25,
          "column": 6
        },
        "end": {
          "line": 25,
          "column": 44
        }
      },
      "16": {
        "start": {
          "line": 27,
          "column": 6
        },
        "end": {
          "line": 27,
          "column": 41
        }
      },
      "17": {
        "start": {
          "line": 28,
          "column": 6
        },
        "end": {
          "line": 28,
          "column": 37
        }
      },
      "18": {
        "start": {
          "line": 32,
          "column": 6
        },
        "end": {
          "line": 32,
          "column": 28
        }
      },
      "19": {
        "start": {
          "line": 33,
          "column": 6
        },
        "end": {
          "line": 33,
          "column": 25
        }
      },
      "20": {
        "start": {
          "line": 35,
          "column": 6
        },
        "end": {
          "line": 35,
          "column": 30
        }
      },
      "21": {
        "start": {
          "line": 36,
          "column": 6
        },
        "end": {
          "line": 36,
          "column": 30
        }
      },
      "22": {
        "start": {
          "line": 37,
          "column": 6
        },
        "end": {
          "line": 37,
          "column": 23
        }
      },
      "23": {
        "start": {
          "line": 38,
          "column": 6
        },
        "end": {
          "line": 38,
          "column": 23
        }
      },
      "24": {
        "start": {
          "line": 40,
          "column": 6
        },
        "end": {
          "line": 40,
          "column": 57
        }
      },
      "25": {
        "start": {
          "line": 41,
          "column": 6
        },
        "end": {
          "line": 41,
          "column": 58
        }
      },
      "26": {
        "start": {
          "line": 46,
          "column": 6
        },
        "end": {
          "line": 46,
          "column": 32
        }
      },
      "27": {
        "start": {
          "line": 47,
          "column": 6
        },
        "end": {
          "line": 47,
          "column": 34
        }
      }
    },
    "fnMap": {
      "0": {
        "name": "(anonymous_0)",
        "decl": {
          "start": {
            "line": 1,
            "column": 46
          },
          "end": {
            "line": 1,
            "column": 47
          }
        },
        "loc": {
          "start": {
            "line": 1,
            "column": 57
          },
          "end": {
            "line": 4,
            "column": 1
          }
        },
        "line": 1
      },
      "1": {
        "name": "dragElement",
        "decl": {
          "start": {
            "line": 7,
            "column": 9
          },
          "end": {
            "line": 7,
            "column": 20
          }
        },
        "loc": {
          "start": {
            "line": 7,
            "column": 28
          },
          "end": {
            "line": 49,
            "column": 1
          }
        },
        "line": 7
      },
      "2": {
        "name": "dragMouseDown",
        "decl": {
          "start": {
            "line": 19,
            "column": 11
          },
          "end": {
            "line": 19,
            "column": 24
          }
        },
        "loc": {
          "start": {
            "line": 19,
            "column": 28
          },
          "end": {
            "line": 29,
            "column": 3
          }
        },
        "line": 19
      },
      "3": {
        "name": "elementDrag",
        "decl": {
          "start": {
            "line": 31,
            "column": 11
          },
          "end": {
            "line": 31,
            "column": 22
          }
        },
        "loc": {
          "start": {
            "line": 31,
            "column": 26
          },
          "end": {
            "line": 42,
            "column": 3
          }
        },
        "line": 31
      },
      "4": {
        "name": "closeDragElement",
        "decl": {
          "start": {
            "line": 44,
            "column": 11
          },
          "end": {
            "line": 44,
            "column": 27
          }
        },
        "loc": {
          "start": {
            "line": 44,
            "column": 30
          },
          "end": {
            "line": 48,
            "column": 3
          }
        },
        "line": 44
      }
    },
    "branchMap": {
      "0": {
        "loc": {
          "start": {
            "line": 9,
            "column": 2
          },
          "end": {
            "line": 17,
            "column": 3
          }
        },
        "type": "if",
        "locations": [
          {
            "start": {
              "line": 9,
              "column": 2
            },
            "end": {
              "line": 17,
              "column": 3
            }
          },
          {
            "start": {
              "line": 9,
              "column": 2
            },
            "end": {
              "line": 17,
              "column": 3
            }
          }
        ],
        "line": 9
      },
      "1": {
        "loc": {
          "start": {
            "line": 20,
            "column": 10
          },
          "end": {
            "line": 20,
            "column": 27
          }
        },
        "type": "binary-expr",
        "locations": [
          {
            "start": {
              "line": 20,
              "column": 10
            },
            "end": {
              "line": 20,
              "column": 11
            }
          },
          {
            "start": {
              "line": 20,
              "column": 15
            },
            "end": {
              "line": 20,
              "column": 27
            }
          }
        ],
        "line": 20
      },
      "2": {
        "loc": {
          "start": {
            "line": 32,
            "column": 10
          },
          "end": {
            "line": 32,
            "column": 27
          }
        },
        "type": "binary-expr",
        "locations": [
          {
            "start": {
              "line": 32,
              "column": 10
            },
            "end": {
              "line": 32,
              "column": 11
            }
          },
          {
            "start": {
              "line": 32,
              "column": 15
            },
            "end": {
              "line": 32,
              "column": 27
            }
          }
        ],
        "line": 32
      }
    },
    "s": {
      "0": 99,
      "1": 99,
      "2": 99,
      "3": 198,
      "4": 198,
      "5": 198,
      "6": 198,
      "7": 198,
      "8": 198,
      "9": 198,
      "10": 0,
      "11": 0,
      "12": 0,
      "13": 0,
      "14": 0,
      "15": 0,
      "16": 0,
      "17": 0,
      "18": 0,
      "19": 0,
      "20": 0,
      "21": 0,
      "22": 0,
      "23": 0,
      "24": 0,
      "25": 0,
      "26": 0,
      "27": 0
    },
    "f": {
      "0": 99,
      "1": 198,
      "2": 0,
      "3": 0,
      "4": 0
    },
    "b": {
      "0": [
        198,
        0
      ],
      "1": [
        0,
        0
      ],
      "2": [
        0,
        0
      ]
    },
    "_coverageSchema": "1a1c01bbd47fc00a2c39e90264f33305004495a9",
    "hash": "829f3ef7b917e66a6abb6b04ed6b0c51e969c0c8"
  },
  "C:\\Users\\Hane\\Desktop\\CSE110\\GitHubPages\\GitHubPages\\myproj\\cse110-w21-group4\\source\\lang.js": {
    "path": "C:\\Users\\Hane\\Desktop\\CSE110\\GitHubPages\\GitHubPages\\myproj\\cse110-w21-group4\\source\\lang.js",
    "statementMap": {
      "0": {
        "start": {
          "line": 1,
          "column": 11
        },
        "end": {
          "line": 484,
          "column": 1
        }
      }
    },
    "fnMap": {},
    "branchMap": {},
    "s": {
      "0": 99
    },
    "f": {},
    "b": {},
    "_coverageSchema": "1a1c01bbd47fc00a2c39e90264f33305004495a9",
    "hash": "337ba5b1197714a2cc3f638608bafe8e4fcd7322"
  }
}