<?xml version="1.0" encoding="UTF-8"?>
<coverage generated="1616021802138" clover="3.2.0">
  <project timestamp="1616021802138" name="All files">
    <metrics statements="657" coveredstatements="599" conditionals="214" coveredconditionals="174" methods="60" coveredmethods="52" elements="931" coveredelements="825" complexity="0" loc="657" ncloc="657" packages="1" files="2" classes="2"/>
    <file name="app.js" path="C:\Users\Hane\Desktop\CSE110\GitHubPages\GitHubPages\myproj\cse110-w21-group4\source\app.js">
      <metrics statements="632" coveredstatements="592" conditionals="208" coveredconditionals="173" methods="55" coveredmethods="50"/>
      <line num="10" count="99" type="stmt"/>
      <line num="11" count="99" type="stmt"/>
      <line num="12" count="99" type="stmt"/>
      <line num="13" count="99" type="stmt"/>
      <line num="15" count="99" type="stmt"/>
      <line num="17" count="99" type="stmt"/>
      <line num="18" count="99" type="stmt"/>
      <line num="19" count="99" type="stmt"/>
      <line num="20" count="99" type="stmt"/>
      <line num="21" count="99" type="stmt"/>
      <line num="22" count="99" type="stmt"/>
      <line num="24" count="99" type="stmt"/>
      <line num="25" count="99" type="stmt"/>
      <line num="28" count="99" type="stmt"/>
      <line num="35" count="99" type="stmt"/>
      <line num="36" count="99" type="stmt"/>
      <line num="39" count="99" type="stmt"/>
      <line num="41" count="1524" type="cond" truecount="2" falsecount="0"/>
      <line num="42" count="86" type="stmt"/>
      <line num="48" count="99" type="stmt"/>
      <line num="49" count="913" type="cond" truecount="2" falsecount="0"/>
      <line num="50" count="2" type="stmt"/>
      <line num="59" count="99" type="stmt"/>
      <line num="60" count="99" type="stmt"/>
      <line num="61" count="99" type="cond" truecount="2" falsecount="0"/>
      <line num="62" count="16" type="stmt"/>
      <line num="63" count="16" type="cond" truecount="2" falsecount="0"/>
      <line num="64" count="2" type="stmt"/>
      <line num="67" count="83" type="stmt"/>
      <line num="68" count="83" type="stmt"/>
      <line num="69" count="83" type="stmt"/>
      <line num="81" count="24" type="stmt"/>
      <line num="83" count="24" type="cond" truecount="3" falsecount="1"/>
      <line num="84" count="0" type="stmt"/>
      <line num="86" count="24" type="stmt"/>
      <line num="87" count="24" type="stmt"/>
      <line num="88" count="24" type="stmt"/>
      <line num="95" count="19" type="stmt"/>
      <line num="96" count="19" type="stmt"/>
      <line num="97" count="19" type="stmt"/>
      <line num="104" count="21" type="stmt"/>
      <line num="105" count="21" type="cond" truecount="2" falsecount="0"/>
      <line num="106" count="17" type="cond" truecount="2" falsecount="0"/>
      <line num="107" count="4" type="stmt"/>
      <line num="109" count="13" type="stmt"/>
      <line num="111" count="17" type="stmt"/>
      <line num="113" count="4" type="cond" truecount="2" falsecount="0"/>
      <line num="114" count="2" type="stmt"/>
      <line num="116" count="2" type="stmt"/>
      <line num="118" count="4" type="stmt"/>
      <line num="127" count="7" type="stmt"/>
      <line num="128" count="7" type="cond" truecount="2" falsecount="0"/>
      <line num="129" count="5" type="stmt"/>
      <line num="131" count="2" type="stmt"/>
      <line num="132" count="2" type="stmt"/>
      <line num="134" count="7" type="stmt"/>
      <line num="135" count="7" type="stmt"/>
      <line num="144" count="15" type="stmt"/>
      <line num="145" count="15" type="stmt"/>
      <line num="147" count="15" type="stmt"/>
      <line num="157" count="86" type="stmt"/>
      <line num="158" count="86" type="cond" truecount="2" falsecount="0"/>
      <line num="159" count="4" type="stmt"/>
      <line num="160" count="82" type="cond" truecount="4" falsecount="0"/>
      <line num="161" count="2" type="stmt"/>
      <line num="162" count="80" type="cond" truecount="4" falsecount="0"/>
      <line num="163" count="2" type="stmt"/>
      <line num="165" count="86" type="stmt"/>
      <line num="166" count="86" type="stmt"/>
      <line num="174" count="7" type="cond" truecount="2" falsecount="0"/>
      <line num="175" count="2" type="stmt"/>
      <line num="178" count="5" type="stmt"/>
      <line num="181" count="5" type="stmt"/>
      <line num="182" count="5" type="stmt"/>
      <line num="183" count="5" type="stmt"/>
      <line num="185" count="5" type="stmt"/>
      <line num="186" count="5" type="stmt"/>
      <line num="187" count="5" type="stmt"/>
      <line num="189" count="5" type="stmt"/>
      <line num="190" count="5" type="stmt"/>
      <line num="191" count="5" type="stmt"/>
      <line num="194" count="5" type="stmt"/>
      <line num="196" count="5" type="cond" truecount="1" falsecount="1"/>
      <line num="197" count="5" type="stmt"/>
      <line num="199" count="49" type="cond" truecount="2" falsecount="0"/>
      <line num="200" count="3" type="stmt"/>
      <line num="201" count="3" type="stmt"/>
      <line num="203" count="3" type="stmt"/>
      <line num="204" count="3" type="stmt"/>
      <line num="205" count="3" type="stmt"/>
      <line num="206" count="3" type="stmt"/>
      <line num="207" count="3" type="stmt"/>
      <line num="210" count="46" type="stmt"/>
      <line num="211" count="46" type="stmt"/>
      <line num="212" count="46" type="stmt"/>
      <line num="213" count="46" type="stmt"/>
      <line num="215" count="46" type="cond" truecount="2" falsecount="0"/>
      <line num="216" count="21" type="cond" truecount="2" falsecount="0"/>
      <line num="217" count="13" type="stmt"/>
      <line num="218" count="13" type="stmt"/>
      <line num="220" count="21" type="cond" truecount="2" falsecount="0"/>
      <line num="221" count="8" type="stmt"/>
      <line num="222" count="8" type="stmt"/>
      <line num="224" count="21" type="stmt"/>
      <line num="225" count="21" type="stmt"/>
      <line num="226" count="21" type="stmt"/>
      <line num="228" count="21" type="stmt"/>
      <line num="229" count="21" type="cond" truecount="5" falsecount="0"/>
      <line num="230" count="13" type="stmt"/>
      <line num="231" count="8" type="cond" truecount="1" falsecount="1"/>
      <line num="232" count="8" type="stmt"/>
      <line num="248" count="46" type="stmt"/>
      <line num="249" count="46" type="stmt"/>
      <line num="251" count="46" type="stmt"/>
      <line num="252" count="46" type="cond" truecount="1" falsecount="1"/>
      <line num="253" count="46" type="stmt"/>
      <line num="254" count="46" type="cond" truecount="1" falsecount="1"/>
      <line num="255" count="46" type="stmt"/>
      <line num="256" count="46" type="stmt"/>
      <line num="263" count="21" type="stmt"/>
      <line num="265" count="21" type="cond" truecount="2" falsecount="0"/>
      <line num="266" count="13" type="stmt"/>
      <line num="267" count="13" type="stmt"/>
      <line num="268" count="13" type="cond" truecount="1" falsecount="1"/>
      <line num="269" count="13" type="stmt"/>
      <line num="270" count="13" type="cond" truecount="4" falsecount="0"/>
      <line num="271" count="12" type="stmt"/>
      <line num="275" count="13" type="cond" truecount="2" falsecount="0"/>
      <line num="277" count="11" type="stmt"/>
      <line num="280" count="11" type="cond" truecount="1" falsecount="1"/>
      <line num="281" count="11" type="stmt"/>
      <line num="285" count="2" type="stmt"/>
      <line num="286" count="2" type="cond" truecount="1" falsecount="1"/>
      <line num="287" count="2" type="cond" truecount="3" falsecount="1"/>
      <line num="288" count="0" type="stmt"/>
      <line num="290" count="2" type="stmt"/>
      <line num="295" count="8" type="cond" truecount="2" falsecount="0"/>
      <line num="296" count="2" type="cond" truecount="1" falsecount="1"/>
      <line num="297" count="2" type="cond" truecount="3" falsecount="1"/>
      <line num="298" count="0" type="stmt"/>
      <line num="300" count="2" type="stmt"/>
      <line num="302" count="2" type="stmt"/>
      <line num="305" count="8" type="stmt"/>
      <line num="306" count="8" type="cond" truecount="1" falsecount="1"/>
      <line num="307" count="8" type="stmt"/>
      <line num="320" count="26" type="cond" truecount="2" falsecount="0"/>
      <line num="330" count="3" type="stmt"/>
      <line num="334" count="3" type="stmt"/>
      <line num="336" count="11" type="cond" truecount="1" falsecount="1"/>
      <line num="337" count="0" type="stmt"/>
      <line num="339" count="11" type="stmt"/>
      <line num="341" count="11" type="cond" truecount="1" falsecount="1"/>
      <line num="342" count="0" type="stmt"/>
      <line num="343" count="0" type="stmt"/>
      <line num="345" count="11" type="stmt"/>
      <line num="346" count="11" type="stmt"/>
      <line num="348" count="11" type="stmt"/>
      <line num="350" count="3" type="stmt"/>
      <line num="351" count="3" type="stmt"/>
      <line num="352" count="3" type="stmt"/>
      <line num="359" count="57" type="stmt"/>
      <line num="360" count="57" type="stmt"/>
      <line num="361" count="57" type="stmt"/>
      <line num="362" count="57" type="stmt"/>
      <line num="369" count="12" type="stmt"/>
      <line num="376" count="0" type="stmt"/>
      <line num="377" count="0" type="cond" truecount="0" falsecount="2"/>
      <line num="378" count="0" type="stmt"/>
      <line num="379" count="0" type="stmt"/>
      <line num="381" count="0" type="stmt"/>
      <line num="382" count="0" type="stmt"/>
      <line num="384" count="0" type="stmt"/>
      <line num="391" count="0" type="stmt"/>
      <line num="392" count="0" type="stmt"/>
      <line num="393" count="0" type="stmt"/>
      <line num="394" count="0" type="stmt"/>
      <line num="401" count="0" type="stmt"/>
      <line num="402" count="0" type="stmt"/>
      <line num="403" count="0" type="stmt"/>
      <line num="404" count="0" type="stmt"/>
      <line num="415" count="46" type="cond" truecount="3" falsecount="2"/>
      <line num="417" count="26" type="stmt"/>
      <line num="418" count="26" type="stmt"/>
      <line num="421" count="20" type="stmt"/>
      <line num="422" count="20" type="stmt"/>
      <line num="424" count="0" type="stmt"/>
      <line num="425" count="0" type="stmt"/>
      <line num="427" count="0" type="stmt"/>
      <line num="430" count="46" type="stmt"/>
      <line num="440" count="5" type="stmt"/>
      <line num="441" count="5" type="stmt"/>
      <line num="442" count="5" type="cond" truecount="3" falsecount="1"/>
      <line num="443" count="5" type="stmt"/>
      <line num="444" count="5" type="stmt"/>
      <line num="446" count="5" type="stmt"/>
      <line num="447" count="5" type="stmt"/>
      <line num="448" count="5" type="stmt"/>
      <line num="449" count="5" type="stmt"/>
      <line num="451" count="5" type="stmt"/>
      <line num="452" count="5" type="stmt"/>
      <line num="455" count="5" type="stmt"/>
      <line num="456" count="5" type="stmt"/>
      <line num="458" count="5" type="stmt"/>
      <line num="459" count="5" type="stmt"/>
      <line num="460" count="5" type="stmt"/>
      <line num="467" count="190" type="stmt"/>
      <line num="468" count="190" type="stmt"/>
      <line num="469" count="190" type="cond" truecount="2" falsecount="0"/>
      <line num="470" count="104" type="stmt"/>
      <line num="487" count="104" type="stmt"/>
      <line num="488" count="104" type="stmt"/>
      <line num="489" count="104" type="stmt"/>
      <line num="490" count="104" type="stmt"/>
      <line num="492" count="104" type="stmt"/>
      <line num="493" count="104" type="stmt"/>
      <line num="494" count="104" type="stmt"/>
      <line num="496" count="104" type="stmt"/>
      <line num="497" count="104" type="stmt"/>
      <line num="498" count="104" type="stmt"/>
      <line num="500" count="104" type="stmt"/>
      <line num="501" count="104" type="stmt"/>
      <line num="502" count="104" type="stmt"/>
      <line num="504" count="104" type="cond" truecount="2" falsecount="0"/>
      <line num="505" count="2" type="stmt"/>
      <line num="506" count="2" type="stmt"/>
      <line num="507" count="2" type="stmt"/>
      <line num="509" count="102" type="stmt"/>
      <line num="510" count="102" type="stmt"/>
      <line num="511" count="102" type="stmt"/>
      <line num="514" count="104" type="stmt"/>
      <line num="515" count="18" type="stmt"/>
      <line num="516" count="18" type="cond" truecount="2" falsecount="0"/>
      <line num="517" count="4" type="stmt"/>
      <line num="519" count="14" type="stmt"/>
      <line num="523" count="104" type="stmt"/>
      <line num="524" count="12" type="stmt"/>
      <line num="525" count="12" type="stmt"/>
      <line num="526" count="12" type="cond" truecount="2" falsecount="0"/>
      <line num="527" count="8" type="stmt"/>
      <line num="528" count="8" type="cond" truecount="2" falsecount="0"/>
      <line num="529" count="2" type="stmt"/>
      <line num="530" count="2" type="stmt"/>
      <line num="532" count="6" type="stmt"/>
      <line num="535" count="4" type="cond" truecount="2" falsecount="0"/>
      <line num="536" count="2" type="stmt"/>
      <line num="538" count="2" type="stmt"/>
      <line num="540" count="4" type="stmt"/>
      <line num="544" count="104" type="stmt"/>
      <line num="545" count="12" type="stmt"/>
      <line num="548" count="104" type="stmt"/>
      <line num="549" count="104" type="stmt"/>
      <line num="550" count="104" type="stmt"/>
      <line num="552" count="104" type="stmt"/>
      <line num="553" count="104" type="stmt"/>
      <line num="554" count="104" type="stmt"/>
      <line num="555" count="104" type="stmt"/>
      <line num="556" count="104" type="stmt"/>
      <line num="558" count="104" type="stmt"/>
      <line num="559" count="104" type="stmt"/>
      <line num="560" count="104" type="stmt"/>
      <line num="561" count="104" type="stmt"/>
      <line num="563" count="104" type="stmt"/>
      <line num="565" count="104" type="stmt"/>
      <line num="568" count="104" type="stmt"/>
      <line num="569" count="104" type="stmt"/>
      <line num="570" count="104" type="stmt"/>
      <line num="571" count="104" type="stmt"/>
      <line num="572" count="104" type="stmt"/>
      <line num="574" count="104" type="cond" truecount="2" falsecount="0"/>
      <line num="575" count="47" type="stmt"/>
      <line num="576" count="47" type="cond" truecount="2" falsecount="0"/>
      <line num="577" count="2" type="stmt"/>
      <line num="579" count="45" type="stmt"/>
      <line num="583" count="104" type="stmt"/>
      <line num="584" count="104" type="stmt"/>
      <line num="598" count="55" type="stmt"/>
      <line num="599" count="55" type="stmt"/>
      <line num="600" count="55" type="stmt"/>
      <line num="601" count="55" type="stmt"/>
      <line num="603" count="55" type="stmt"/>
      <line num="604" count="55" type="stmt"/>
      <line num="605" count="55" type="stmt"/>
      <line num="607" count="55" type="stmt"/>
      <line num="608" count="55" type="stmt"/>
      <line num="609" count="55" type="stmt"/>
      <line num="615" count="55" type="cond" truecount="2" falsecount="0"/>
      <line num="616" count="4" type="stmt"/>
      <line num="617" count="4" type="stmt"/>
      <line num="620" count="51" type="stmt"/>
      <line num="621" count="51" type="stmt"/>
      <line num="625" count="55" type="stmt"/>
      <line num="626" count="12" type="stmt"/>
      <line num="627" count="12" type="cond" truecount="2" falsecount="0"/>
      <line num="628" count="4" type="stmt"/>
      <line num="630" count="8" type="stmt"/>
      <line num="634" count="55" type="stmt"/>
      <line num="635" count="0" type="stmt"/>
      <line num="642" count="55" type="stmt"/>
      <line num="643" count="55" type="stmt"/>
      <line num="645" count="55" type="stmt"/>
      <line num="646" count="55" type="stmt"/>
      <line num="647" count="55" type="stmt"/>
      <line num="648" count="55" type="stmt"/>
      <line num="649" count="55" type="stmt"/>
      <line num="651" count="55" type="stmt"/>
      <line num="652" count="55" type="stmt"/>
      <line num="653" count="55" type="stmt"/>
      <line num="656" count="55" type="stmt"/>
      <line num="658" count="55" type="cond" truecount="2" falsecount="0"/>
      <line num="659" count="2" type="stmt"/>
      <line num="661" count="55" type="stmt"/>
      <line num="662" count="55" type="stmt"/>
      <line num="663" count="55" type="stmt"/>
      <line num="673" count="22" type="stmt"/>
      <line num="674" count="22" type="stmt"/>
      <line num="675" count="22" type="stmt"/>
      <line num="677" count="22" type="cond" truecount="2" falsecount="0"/>
      <line num="678" count="11" type="stmt"/>
      <line num="680" count="22" type="stmt"/>
      <line num="681" count="22" type="stmt"/>
      <line num="682" count="22" type="stmt"/>
      <line num="683" count="22" type="stmt"/>
      <line num="685" count="22" type="stmt"/>
      <line num="695" count="8" type="stmt"/>
      <line num="696" count="8" type="stmt"/>
      <line num="697" count="8" type="stmt"/>
      <line num="699" count="8" type="cond" truecount="2" falsecount="0"/>
      <line num="700" count="4" type="stmt"/>
      <line num="702" count="8" type="stmt"/>
      <line num="703" count="8" type="stmt"/>
      <line num="704" count="8" type="stmt"/>
      <line num="705" count="8" type="stmt"/>
      <line num="707" count="8" type="stmt"/>
      <line num="717" count="4" type="stmt"/>
      <line num="718" count="4" type="stmt"/>
      <line num="719" count="4" type="stmt"/>
      <line num="720" count="4" type="cond" truecount="2" falsecount="0"/>
      <line num="721" count="2" type="stmt"/>
      <line num="723" count="2" type="stmt"/>
      <line num="725" count="4" type="stmt"/>
      <line num="726" count="4" type="stmt"/>
      <line num="737" count="12" type="stmt"/>
      <line num="739" count="12" type="stmt"/>
      <line num="741" count="12" type="cond" truecount="2" falsecount="0"/>
      <line num="742" count="2" type="stmt"/>
      <line num="745" count="12" type="cond" truecount="2" falsecount="0"/>
      <line num="746" count="4" type="stmt"/>
      <line num="747" count="4" type="stmt"/>
      <line num="750" count="12" type="stmt"/>
      <line num="751" count="12" type="stmt"/>
      <line num="752" count="12" type="stmt"/>
      <line num="754" count="12" type="stmt"/>
      <line num="755" count="12" type="stmt"/>
      <line num="757" count="12" type="cond" truecount="2" falsecount="0"/>
      <line num="758" count="4" type="stmt"/>
      <line num="762" count="12" type="stmt"/>
      <line num="764" count="12" type="stmt"/>
      <line num="765" count="12" type="stmt"/>
      <line num="767" count="12" type="stmt"/>
      <line num="777" count="5" type="stmt"/>
      <line num="778" count="5" type="stmt"/>
      <line num="779" count="21" type="stmt"/>
      <line num="782" count="5" type="stmt"/>
      <line num="783" count="5" type="stmt"/>
      <line num="784" count="10" type="stmt"/>
      <line num="787" count="5" type="stmt"/>
      <line num="788" count="5" type="stmt"/>
      <line num="789" count="5" type="stmt"/>
      <line num="790" count="5" type="stmt"/>
      <line num="792" count="5" type="cond" truecount="1" falsecount="1"/>
      <line num="793" count="5" type="stmt"/>
      <line num="795" count="5" type="stmt"/>
      <line num="796" count="5" type="stmt"/>
      <line num="797" count="5" type="stmt"/>
      <line num="798" count="5" type="stmt"/>
      <line num="808" count="12" type="stmt"/>
      <line num="809" count="12" type="stmt"/>
      <line num="810" count="12" type="stmt"/>
      <line num="811" count="6" type="stmt"/>
      <line num="812" count="6" type="stmt"/>
      <line num="813" count="6" type="stmt"/>
      <line num="818" count="59" type="stmt"/>
      <line num="819" count="59" type="stmt"/>
      <line num="820" count="59" type="stmt"/>
      <line num="821" count="8" type="stmt"/>
      <line num="822" count="8" type="stmt"/>
      <line num="823" count="8" type="stmt"/>
      <line num="833" count="4" type="stmt"/>
      <line num="834" count="4" type="stmt"/>
      <line num="835" count="4" type="stmt"/>
      <line num="837" count="4" type="cond" truecount="2" falsecount="0"/>
      <line num="838" count="2" type="stmt"/>
      <line num="839" count="2" type="stmt"/>
      <line num="840" count="2" type="cond" truecount="1" falsecount="1"/>
      <line num="841" count="2" type="stmt"/>
      <line num="842" count="2" type="stmt"/>
      <line num="852" count="295" type="stmt"/>
      <line num="854" count="295" type="stmt"/>
      <line num="863" count="160" type="stmt"/>
      <line num="864" count="160" type="cond" truecount="2" falsecount="0"/>
      <line num="865" count="34" type="stmt"/>
      <line num="868" count="160" type="stmt"/>
      <line num="875" count="21" type="stmt"/>
      <line num="876" count="21" type="stmt"/>
      <line num="877" count="21" type="stmt"/>
      <line num="878" count="21" type="stmt"/>
      <line num="879" count="21" type="stmt"/>
      <line num="893" count="13" type="stmt"/>
      <line num="894" count="13" type="stmt"/>
      <line num="895" count="13" type="stmt"/>
      <line num="896" count="13" type="stmt"/>
      <line num="897" count="13" type="stmt"/>
      <line num="907" count="99" type="stmt"/>
      <line num="913" count="8" type="cond" truecount="2" falsecount="0"/>
      <line num="914" count="2" type="stmt"/>
      <line num="916" count="6" type="stmt"/>
      <line num="917" count="6" type="stmt"/>
      <line num="918" count="6" type="stmt"/>
      <line num="919" count="6" type="stmt"/>
      <line num="920" count="6" type="stmt"/>
      <line num="921" count="6" type="cond" truecount="1" falsecount="1"/>
      <line num="922" count="6" type="stmt"/>
      <line num="924" count="6" type="stmt"/>
      <line num="925" count="6" type="stmt"/>
      <line num="934" count="421" type="stmt"/>
      <line num="935" count="421" type="cond" truecount="2" falsecount="0"/>
      <line num="936" count="83" type="stmt"/>
      <line num="937" count="83" type="stmt"/>
      <line num="939" count="83" type="stmt"/>
      <line num="941" count="338" type="stmt"/>
      <line num="942" count="338" type="stmt"/>
      <line num="943" count="338" type="stmt"/>
      <line num="944" count="338" type="stmt"/>
      <line num="945" count="338" type="stmt"/>
      <line num="946" count="338" type="stmt"/>
      <line num="947" count="338" type="cond" truecount="2" falsecount="0"/>
      <line num="948" count="85" type="stmt"/>
      <line num="949" count="85" type="stmt"/>
      <line num="951" count="85" type="cond" truecount="1" falsecount="1"/>
      <line num="952" count="0" type="stmt"/>
      <line num="954" count="85" type="stmt"/>
      <line num="956" count="85" type="stmt"/>
      <line num="965" count="210" type="stmt"/>
      <line num="966" count="210" type="stmt"/>
      <line num="967" count="210" type="stmt"/>
      <line num="968" count="15" type="stmt"/>
      <line num="970" count="210" type="stmt"/>
      <line num="978" count="99" type="cond" truecount="4" falsecount="0"/>
      <line num="980" count="14" type="stmt"/>
      <line num="981" count="14" type="stmt"/>
      <line num="983" count="1" type="stmt"/>
      <line num="984" count="1" type="stmt"/>
      <line num="986" count="1" type="stmt"/>
      <line num="987" count="1" type="stmt"/>
      <line num="990" count="83" type="stmt"/>
      <line num="1002" count="124" type="stmt"/>
      <line num="1003" count="124" type="stmt"/>
      <line num="1004" count="124" type="stmt"/>
      <line num="1005" count="124" type="stmt"/>
      <line num="1007" count="124" type="cond" truecount="2" falsecount="0"/>
      <line num="1008" count="100" type="stmt"/>
      <line num="1010" count="24" type="stmt"/>
      <line num="1013" count="124" type="stmt"/>
      <line num="1014" count="124" type="stmt"/>
      <line num="1016" count="124" type="cond" truecount="2" falsecount="0"/>
      <line num="1017" count="18" type="stmt"/>
      <line num="1018" count="18" type="stmt"/>
      <line num="1020" count="18" type="stmt"/>
      <line num="1021" count="18" type="cond" truecount="1" falsecount="1"/>
      <line num="1022" count="18" type="stmt"/>
      <line num="1024" count="0" type="stmt"/>
      <line num="1027" count="18" type="stmt"/>
      <line num="1028" count="18" type="stmt"/>
      <line num="1029" count="198" type="stmt"/>
      <line num="1032" count="18" type="stmt"/>
      <line num="1033" count="18" type="stmt"/>
      <line num="1034" count="246" type="stmt"/>
      <line num="1037" count="18" type="stmt"/>
      <line num="1038" count="18" type="stmt"/>
      <line num="1039" count="54" type="stmt"/>
      <line num="1040" count="54" type="cond" truecount="2" falsecount="0"/>
      <line num="1041" count="51" type="stmt"/>
      <line num="1045" count="18" type="stmt"/>
      <line num="1046" count="18" type="stmt"/>
      <line num="1047" count="18" type="cond" truecount="2" falsecount="0"/>
      <line num="1048" count="17" type="stmt"/>
      <line num="1051" count="18" type="stmt"/>
      <line num="1052" count="18" type="stmt"/>
      <line num="1053" count="18" type="stmt"/>
      <line num="1055" count="18" type="stmt"/>
      <line num="1056" count="18" type="stmt"/>
      <line num="1057" count="32" type="stmt"/>
      <line num="1058" count="32" type="stmt"/>
      <line num="1059" count="32" type="cond" truecount="2" falsecount="0"/>
      <line num="1060" count="24" type="stmt"/>
      <line num="1062" count="8" type="stmt"/>
      <line num="1064" count="32" type="cond" truecount="2" falsecount="0"/>
      <line num="1065" count="20" type="stmt"/>
      <line num="1068" count="106" type="cond" truecount="3" falsecount="1"/>
      <line num="1069" count="106" type="stmt"/>
      <line num="1070" count="106" type="stmt"/>
      <line num="1072" count="106" type="stmt"/>
      <line num="1073" count="106" type="cond" truecount="1" falsecount="1"/>
      <line num="1074" count="106" type="stmt"/>
      <line num="1076" count="0" type="stmt"/>
      <line num="1079" count="106" type="stmt"/>
      <line num="1080" count="106" type="stmt"/>
      <line num="1081" count="1166" type="cond" truecount="2" falsecount="0"/>
      <line num="1082" count="11" type="stmt"/>
      <line num="1086" count="106" type="stmt"/>
      <line num="1087" count="106" type="stmt"/>
      <line num="1088" count="970" type="stmt"/>
      <line num="1091" count="106" type="stmt"/>
      <line num="1092" count="106" type="stmt"/>
      <line num="1093" count="318" type="stmt"/>
      <line num="1094" count="318" type="cond" truecount="2" falsecount="0"/>
      <line num="1095" count="3" type="stmt"/>
      <line num="1099" count="106" type="stmt"/>
      <line num="1100" count="106" type="stmt"/>
      <line num="1101" count="106" type="cond" truecount="2" falsecount="0"/>
      <line num="1102" count="1" type="stmt"/>
      <line num="1105" count="106" type="stmt"/>
      <line num="1106" count="106" type="stmt"/>
      <line num="1107" count="106" type="cond" truecount="2" falsecount="0"/>
      <line num="1108" count="6" type="stmt"/>
      <line num="1110" count="100" type="stmt"/>
      <line num="1113" count="106" type="stmt"/>
      <line num="1114" count="106" type="stmt"/>
      <line num="1116" count="6" type="stmt"/>
      <line num="1117" count="6" type="stmt"/>
      <line num="1118" count="6" type="cond" truecount="1" falsecount="1"/>
      <line num="1119" count="0" type="stmt"/>
      <line num="1121" count="6" type="stmt"/>
      <line num="1123" count="6" type="cond" truecount="2" falsecount="0"/>
      <line num="1124" count="4" type="stmt"/>
      <line num="1129" count="124" type="cond" truecount="2" falsecount="0"/>
      <line num="1130" count="100" type="stmt"/>
      <line num="1132" count="24" type="stmt"/>
      <line num="1133" count="24" type="stmt"/>
      <line num="1143" count="5" type="stmt"/>
      <line num="1144" count="5" type="stmt"/>
      <line num="1151" count="99" type="stmt"/>
      <line num="1152" count="99" type="cond" truecount="2" falsecount="0"/>
      <line num="1154" count="83" type="cond" truecount="1" falsecount="1"/>
      <line num="1155" count="0" type="stmt"/>
      <line num="1156" count="83" type="cond" truecount="1" falsecount="1"/>
      <line num="1157" count="0" type="stmt"/>
      <line num="1158" count="83" type="cond" truecount="1" falsecount="1"/>
      <line num="1159" count="0" type="stmt"/>
      <line num="1161" count="83" type="stmt"/>
      <line num="1163" count="83" type="stmt"/>
      <line num="1165" count="16" type="stmt"/>
      <line num="1168" count="99" type="stmt"/>
      <line num="1169" count="99" type="stmt"/>
      <line num="1170" count="99" type="stmt"/>
      <line num="1171" count="99" type="stmt"/>
      <line num="1172" count="99" type="stmt"/>
      <line num="1173" count="99" type="stmt"/>
      <line num="1174" count="99" type="stmt"/>
      <line num="1175" count="99" type="stmt"/>
      <line num="1176" count="99" type="stmt"/>
      <line num="1177" count="99" type="stmt"/>
      <line num="1179" count="99" type="stmt"/>
      <line num="1180" count="99" type="stmt"/>
      <line num="1181" count="99" type="stmt"/>
      <line num="1182" count="99" type="stmt"/>
      <line num="1183" count="99" type="stmt"/>
      <line num="1184" count="99" type="stmt"/>
      <line num="1185" count="99" type="stmt"/>
      <line num="1186" count="99" type="stmt"/>
      <line num="1187" count="99" type="stmt"/>
      <line num="1189" count="99" type="stmt"/>
      <line num="1191" count="99" type="stmt"/>
      <line num="1192" count="99" type="stmt"/>
      <line num="1193" count="99" type="stmt"/>
      <line num="1194" count="99" type="stmt"/>
      <line num="1195" count="99" type="stmt"/>
      <line num="1196" count="297" type="stmt"/>
      <line num="1198" count="99" type="stmt"/>
      <line num="1200" count="99" type="stmt"/>
      <line num="1201" count="99" type="stmt"/>
      <line num="1202" count="99" type="stmt"/>
      <line num="1203" count="99" type="stmt"/>
      <line num="1204" count="99" type="stmt"/>
      <line num="1205" count="99" type="stmt"/>
      <line num="1206" count="99" type="cond" truecount="1" falsecount="1"/>
      <line num="1207" count="99" type="stmt"/>
      <line num="1209" count="0" type="stmt"/>
      <line num="1211" count="99" type="cond" truecount="2" falsecount="0"/>
      <line num="1212" count="3" type="stmt"/>
      <line num="1213" count="3" type="stmt"/>
      <line num="1214" count="3" type="stmt"/>
      <line num="1215" count="3" type="stmt"/>
      <line num="1216" count="12" type="stmt"/>
      <line num="1217" count="12" type="stmt"/>
      <line num="1220" count="99" type="stmt"/>
      <line num="1221" count="99" type="stmt"/>
      <line num="1222" count="99" type="stmt"/>
      <line num="1223" count="99" type="stmt"/>
      <line num="1224" count="99" type="stmt"/>
      <line num="1233" count="16" type="stmt"/>
      <line num="1234" count="16" type="cond" truecount="1" falsecount="1"/>
      <line num="1235" count="16" type="stmt"/>
      <line num="1238" count="0" type="stmt"/>
      <line num="1239" count="0" type="stmt"/>
      <line num="1243" count="0" type="cond" truecount="0" falsecount="2"/>
      <line num="1244" count="0" type="stmt"/>
      <line num="1246" count="0" type="stmt"/>
      <line num="1254" count="2" type="stmt"/>
      <line num="1255" count="2" type="stmt"/>
      <line num="1256" count="2" type="stmt"/>
      <line num="1257" count="2" type="stmt"/>
      <line num="1258" count="2" type="stmt"/>
      <line num="1259" count="2" type="stmt"/>
      <line num="1260" count="2" type="stmt"/>
      <line num="1261" count="2" type="stmt"/>
      <line num="1262" count="2" type="stmt"/>
      <line num="1263" count="2" type="stmt"/>
      <line num="1264" count="2" type="cond" truecount="1" falsecount="1"/>
      <line num="1265" count="0" type="stmt"/>
      <line num="1267" count="2" type="stmt"/>
      <line num="1276" count="39" type="stmt"/>
      <line num="1277" count="39" type="stmt"/>
      <line num="1278" count="39" type="stmt"/>
      <line num="1279" count="39" type="stmt"/>
      <line num="1280" count="39" type="stmt"/>
      <line num="1281" count="39" type="stmt"/>
      <line num="1283" count="39" type="stmt"/>
      <line num="1284" count="39" type="stmt"/>
      <line num="1286" count="39" type="stmt"/>
      <line num="1295" count="0" type="stmt"/>
      <line num="1298" count="99" type="stmt"/>
    </file>
    <file name="drag.js" path="C:\Users\Hane\Desktop\CSE110\GitHubPages\GitHubPages\myproj\cse110-w21-group4\source\drag.js">
      <metrics statements="25" coveredstatements="7" conditionals="6" coveredconditionals="1" methods="5" coveredmethods="2"/>
      <line num="1" count="99" type="stmt"/>
      <line num="2" count="99" type="stmt"/>
      <line num="3" count="99" type="stmt"/>
      <line num="8" count="198" type="stmt"/>
      <line num="9" count="198" type="cond" truecount="1" falsecount="1"/>
      <line num="11" count="198" type="stmt"/>
      <line num="12" count="198" type="stmt"/>
      <line num="16" count="0" type="stmt"/>
      <line num="20" count="0" type="cond" truecount="0" falsecount="2"/>
      <line num="21" count="0" type="stmt"/>
      <line num="23" count="0" type="stmt"/>
      <line num="24" count="0" type="stmt"/>
      <line num="25" count="0" type="stmt"/>
      <line num="27" count="0" type="stmt"/>
      <line num="28" count="0" type="stmt"/>
      <line num="32" count="0" type="cond" truecount="0" falsecount="2"/>
      <line num="33" count="0" type="stmt"/>
      <line num="35" count="0" type="stmt"/>
      <line num="36" count="0" type="stmt"/>
      <line num="37" count="0" type="stmt"/>
      <line num="38" count="0" type="stmt"/>
      <line num="40" count="0" type="stmt"/>
      <line num="41" count="0" type="stmt"/>
      <line num="46" count="0" type="stmt"/>
      <line num="47" count="0" type="stmt"/>
    </file>
  </project>
</coverage>
