{"total": {"lines":{"total":657,"covered":599,"skipped":0,"pct":91.17},"statements":{"total":677,"covered":618,"skipped":0,"pct":91.29},"functions":{"total":60,"covered":52,"skipped":0,"pct":86.67},"branches":{"total":214,"covered":174,"skipped":0,"pct":81.31}}
,"C:\\Users\\Hane\\Desktop\\CSE110\\GitHubPages\\GitHubPages\\myproj\\cse110-w21-group4\\source\\app.js": {"lines":{"total":632,"covered":592,"skipped":0,"pct":93.67},"functions":{"total":55,"covered":50,"skipped":0,"pct":90.91},"statements":{"total":649,"covered":608,"skipped":0,"pct":93.68},"branches":{"total":208,"covered":173,"skipped":0,"pct":83.17}}
,"C:\\Users\\Hane\\Desktop\\CSE110\\GitHubPages\\GitHubPages\\myproj\\cse110-w21-group4\\source\\drag.js": {"lines":{"total":25,"covered":7,"skipped":0,"pct":28},"functions":{"total":5,"covered":2,"skipped":0,"pct":40},"statements":{"total":28,"covered":10,"skipped":0,"pct":35.71},"branches":{"total":6,"covered":1,"skipped":0,"pct":16.67}}
}
