{"C:\\Users\\Hane\\Desktop\\CSE110\\GitHubPages\\GitHubPages\\myproj\\cse110-w21-group4\\source\\app.js": {"path":"C:\\Users\\Hane\\Desktop\\CSE110\\GitHubPages\\GitHubPages\\myproj\\cse110-w21-group4\\source\\app.js","statementMap":{"0":{"start":{"line":10,"column":12},"end":{"line":10,"column":18}},"1":{"start":{"line":11,"column":17},"end":{"line":11,"column":20}},"2":{"start":{"line":12,"column":23},"end":{"line":12,"column":26}},"3":{"start":{"line":13,"column":22},"end":{"line":13,"column":26}},"4":{"start":{"line":15,"column":23},"end":{"line":15,"column":24}},"5":{"start":{"line":17,"column":16},"end":{"line":17,"column":17}},"6":{"start":{"line":18,"column":16},"end":{"line":18,"column":17}},"7":{"start":{"line":19,"column":16},"end":{"line":19,"column":17}},"8":{"start":{"line":20,"column":15},"end":{"line":20,"column":16}},"9":{"start":{"line":21,"column":17},"end":{"line":21,"column":19}},"10":{"start":{"line":22,"column":13},"end":{"line":22,"column":15}},"11":{"start":{"line":24,"column":11},"end":{"line":24,"column":16}},"12":{"start":{"line":25,"column":16},"end":{"line":25,"column":20}},"13":{"start":{"line":28,"column":31},"end":{"line":28,"column":33}},"14":{"start":{"line":35,"column":0},"end":{"line":71,"column":1}},"15":{"start":{"line":36,"column":19},"end":{"line":36,"column":60}},"16":{"start":{"line":39,"column":4},"end":{"line":44,"column":7}},"17":{"start":{"line":41,"column":8},"end":{"line":43,"column":9}},"18":{"start":{"line":42,"column":12},"end":{"line":42,"column":22}},"19":{"start":{"line":48,"column":4},"end":{"line":52,"column":5}},"20":{"start":{"line":49,"column":8},"end":{"line":51,"column":9}},"21":{"start":{"line":50,"column":12},"end":{"line":50,"column":35}},"22":{"start":{"line":59,"column":4},"end":{"line":59,"column":16}},"23":{"start":{"line":60,"column":4},"end":{"line":60,"column":15}},"24":{"start":{"line":61,"column":4},"end":{"line":70,"column":5}},"25":{"start":{"line":62,"column":8},"end":{"line":62,"column":20}},"26":{"start":{"line":63,"column":8},"end":{"line":65,"column":9}},"27":{"start":{"line":64,"column":12},"end":{"line":64,"column":27}},"28":{"start":{"line":67,"column":8},"end":{"line":67,"column":33}},"29":{"start":{"line":68,"column":8},"end":{"line":68,"column":15}},"30":{"start":{"line":69,"column":8},"end":{"line":69,"column":55}},"31":{"start":{"line":81,"column":4},"end":{"line":81,"column":47}},"32":{"start":{"line":83,"column":4},"end":{"line":85,"column":5}},"33":{"start":{"line":84,"column":8},"end":{"line":84,"column":15}},"34":{"start":{"line":86,"column":21},"end":{"line":86,"column":48}},"35":{"start":{"line":87,"column":4},"end":{"line":87,"column":35}},"36":{"start":{"line":88,"column":4},"end":{"line":88,"column":20}},"37":{"start":{"line":95,"column":4},"end":{"line":95,"column":35}},"38":{"start":{"line":96,"column":4},"end":{"line":96,"column":21}},"39":{"start":{"line":97,"column":4},"end":{"line":97,"column":46}},"40":{"start":{"line":104,"column":21},"end":{"line":104,"column":58}},"41":{"start":{"line":105,"column":4},"end":{"line":119,"column":5}},"42":{"start":{"line":106,"column":8},"end":{"line":110,"column":9}},"43":{"start":{"line":107,"column":12},"end":{"line":107,"column":56}},"44":{"start":{"line":109,"column":12},"end":{"line":109,"column":51}},"45":{"start":{"line":111,"column":8},"end":{"line":111,"column":46}},"46":{"start":{"line":113,"column":8},"end":{"line":117,"column":9}},"47":{"start":{"line":114,"column":12},"end":{"line":114,"column":51}},"48":{"start":{"line":116,"column":12},"end":{"line":116,"column":46}},"49":{"start":{"line":118,"column":8},"end":{"line":118,"column":44}},"50":{"start":{"line":127,"column":4},"end":{"line":127,"column":45}},"51":{"start":{"line":128,"column":4},"end":{"line":133,"column":5}},"52":{"start":{"line":129,"column":8},"end":{"line":129,"column":91}},"53":{"start":{"line":131,"column":8},"end":{"line":131,"column":23}},"54":{"start":{"line":132,"column":8},"end":{"line":132,"column":90}},"55":{"start":{"line":134,"column":4},"end":{"line":134,"column":49}},"56":{"start":{"line":135,"column":4},"end":{"line":135,"column":21}},"57":{"start":{"line":144,"column":18},"end":{"line":144,"column":62}},"58":{"start":{"line":145,"column":18},"end":{"line":145,"column":62}},"59":{"start":{"line":147,"column":4},"end":{"line":147,"column":40}},"60":{"start":{"line":157,"column":21},"end":{"line":157,"column":57}},"61":{"start":{"line":158,"column":4},"end":{"line":164,"column":5}},"62":{"start":{"line":159,"column":8},"end":{"line":159,"column":23}},"63":{"start":{"line":160,"column":11},"end":{"line":164,"column":5}},"64":{"start":{"line":161,"column":8},"end":{"line":161,"column":25}},"65":{"start":{"line":162,"column":11},"end":{"line":164,"column":5}},"66":{"start":{"line":163,"column":8},"end":{"line":163,"column":24}},"67":{"start":{"line":165,"column":4},"end":{"line":165,"column":54}},"68":{"start":{"line":166,"column":4},"end":{"line":166,"column":44}},"69":{"start":{"line":174,"column":4},"end":{"line":176,"column":5}},"70":{"start":{"line":175,"column":8},"end":{"line":175,"column":15}},"71":{"start":{"line":178,"column":4},"end":{"line":178,"column":19}},"72":{"start":{"line":181,"column":4},"end":{"line":181,"column":39}},"73":{"start":{"line":182,"column":4},"end":{"line":182,"column":46}},"74":{"start":{"line":183,"column":4},"end":{"line":183,"column":44}},"75":{"start":{"line":185,"column":4},"end":{"line":185,"column":19}},"76":{"start":{"line":186,"column":4},"end":{"line":186,"column":55}},"77":{"start":{"line":187,"column":4},"end":{"line":187,"column":42}},"78":{"start":{"line":189,"column":4},"end":{"line":189,"column":68}},"79":{"start":{"line":190,"column":4},"end":{"line":190,"column":91}},"80":{"start":{"line":190,"column":61},"end":{"line":190,"column":88}},"81":{"start":{"line":191,"column":4},"end":{"line":191,"column":83}},"82":{"start":{"line":194,"column":4},"end":{"line":194,"column":18}},"83":{"start":{"line":196,"column":4},"end":{"line":237,"column":5}},"84":{"start":{"line":197,"column":8},"end":{"line":236,"column":17}},"85":{"start":{"line":199,"column":12},"end":{"line":235,"column":13}},"86":{"start":{"line":200,"column":16},"end":{"line":200,"column":37}},"87":{"start":{"line":201,"column":16},"end":{"line":201,"column":31}},"88":{"start":{"line":203,"column":16},"end":{"line":203,"column":95}},"89":{"start":{"line":204,"column":16},"end":{"line":204,"column":30}},"90":{"start":{"line":205,"column":16},"end":{"line":205,"column":34}},"91":{"start":{"line":206,"column":16},"end":{"line":206,"column":23}},"92":{"start":{"line":207,"column":16},"end":{"line":207,"column":33}},"93":{"start":{"line":210,"column":16},"end":{"line":210,"column":56}},"94":{"start":{"line":211,"column":16},"end":{"line":211,"column":72}},"95":{"start":{"line":212,"column":16},"end":{"line":212,"column":73}},"96":{"start":{"line":213,"column":16},"end":{"line":213,"column":35}},"97":{"start":{"line":215,"column":16},"end":{"line":234,"column":17}},"98":{"start":{"line":216,"column":20},"end":{"line":219,"column":21}},"99":{"start":{"line":217,"column":24},"end":{"line":217,"column":54}},"100":{"start":{"line":218,"column":24},"end":{"line":218,"column":38}},"101":{"start":{"line":220,"column":20},"end":{"line":223,"column":21}},"102":{"start":{"line":221,"column":24},"end":{"line":221,"column":54}},"103":{"start":{"line":222,"column":24},"end":{"line":222,"column":38}},"104":{"start":{"line":224,"column":20},"end":{"line":224,"column":34}},"105":{"start":{"line":225,"column":20},"end":{"line":225,"column":58}},"106":{"start":{"line":226,"column":20},"end":{"line":226,"column":99}},"107":{"start":{"line":228,"column":39},"end":{"line":228,"column":76}},"108":{"start":{"line":229,"column":20},"end":{"line":233,"column":21}},"109":{"start":{"line":230,"column":24},"end":{"line":230,"column":82}},"110":{"start":{"line":231,"column":27},"end":{"line":233,"column":21}},"111":{"start":{"line":232,"column":24},"end":{"line":232,"column":82}},"112":{"start":{"line":248,"column":4},"end":{"line":248,"column":48}},"113":{"start":{"line":249,"column":4},"end":{"line":249,"column":48}},"114":{"start":{"line":251,"column":22},"end":{"line":251,"column":24}},"115":{"start":{"line":252,"column":4},"end":{"line":252,"column":44}},"116":{"start":{"line":252,"column":24},"end":{"line":252,"column":42}},"117":{"start":{"line":253,"column":4},"end":{"line":253,"column":33}},"118":{"start":{"line":254,"column":4},"end":{"line":254,"column":45}},"119":{"start":{"line":254,"column":24},"end":{"line":254,"column":43}},"120":{"start":{"line":255,"column":4},"end":{"line":255,"column":27}},"121":{"start":{"line":256,"column":4},"end":{"line":256,"column":23}},"122":{"start":{"line":263,"column":19},"end":{"line":263,"column":57}},"123":{"start":{"line":265,"column":4},"end":{"line":309,"column":5}},"124":{"start":{"line":266,"column":8},"end":{"line":266,"column":20}},"125":{"start":{"line":267,"column":8},"end":{"line":267,"column":53}},"126":{"start":{"line":268,"column":8},"end":{"line":273,"column":9}},"127":{"start":{"line":269,"column":12},"end":{"line":269,"column":46}},"128":{"start":{"line":270,"column":12},"end":{"line":272,"column":13}},"129":{"start":{"line":271,"column":16},"end":{"line":271,"column":31}},"130":{"start":{"line":275,"column":8},"end":{"line":293,"column":9}},"131":{"start":{"line":277,"column":12},"end":{"line":277,"column":34}},"132":{"start":{"line":280,"column":12},"end":{"line":282,"column":13}},"133":{"start":{"line":281,"column":16},"end":{"line":281,"column":55}},"134":{"start":{"line":285,"column":12},"end":{"line":285,"column":33}},"135":{"start":{"line":286,"column":12},"end":{"line":292,"column":13}},"136":{"start":{"line":287,"column":16},"end":{"line":291,"column":17}},"137":{"start":{"line":288,"column":20},"end":{"line":288,"column":64}},"138":{"start":{"line":290,"column":20},"end":{"line":290,"column":59}},"139":{"start":{"line":295,"column":8},"end":{"line":304,"column":9}},"140":{"start":{"line":296,"column":12},"end":{"line":303,"column":13}},"141":{"start":{"line":297,"column":16},"end":{"line":301,"column":17}},"142":{"start":{"line":298,"column":20},"end":{"line":298,"column":64}},"143":{"start":{"line":300,"column":20},"end":{"line":300,"column":59}},"144":{"start":{"line":302,"column":16},"end":{"line":302,"column":31}},"145":{"start":{"line":305,"column":8},"end":{"line":305,"column":23}},"146":{"start":{"line":306,"column":8},"end":{"line":308,"column":9}},"147":{"start":{"line":307,"column":12},"end":{"line":307,"column":46}},"148":{"start":{"line":320,"column":4},"end":{"line":322,"column":28}},"149":{"start":{"line":330,"column":4},"end":{"line":330,"column":57}},"150":{"start":{"line":334,"column":4},"end":{"line":349,"column":5}},"151":{"start":{"line":334,"column":17},"end":{"line":334,"column":18}},"152":{"start":{"line":336,"column":8},"end":{"line":338,"column":9}},"153":{"start":{"line":337,"column":12},"end":{"line":337,"column":18}},"154":{"start":{"line":339,"column":21},"end":{"line":339,"column":50}},"155":{"start":{"line":341,"column":8},"end":{"line":347,"column":9}},"156":{"start":{"line":342,"column":12},"end":{"line":342,"column":48}},"157":{"start":{"line":343,"column":12},"end":{"line":343,"column":51}},"158":{"start":{"line":345,"column":12},"end":{"line":345,"column":44}},"159":{"start":{"line":346,"column":12},"end":{"line":346,"column":48}},"160":{"start":{"line":348,"column":8},"end":{"line":348,"column":66}},"161":{"start":{"line":350,"column":4},"end":{"line":350,"column":118}},"162":{"start":{"line":351,"column":4},"end":{"line":351,"column":30}},"163":{"start":{"line":352,"column":4},"end":{"line":352,"column":27}},"164":{"start":{"line":359,"column":4},"end":{"line":359,"column":61}},"165":{"start":{"line":360,"column":4},"end":{"line":360,"column":61}},"166":{"start":{"line":361,"column":4},"end":{"line":361,"column":61}},"167":{"start":{"line":362,"column":4},"end":{"line":362,"column":61}},"168":{"start":{"line":369,"column":4},"end":{"line":369,"column":78}},"169":{"start":{"line":380,"column":4},"end":{"line":393,"column":5}},"170":{"start":{"line":382,"column":12},"end":{"line":382,"column":37}},"171":{"start":{"line":383,"column":12},"end":{"line":383,"column":18}},"172":{"start":{"line":386,"column":12},"end":{"line":386,"column":38}},"173":{"start":{"line":387,"column":12},"end":{"line":387,"column":18}},"174":{"start":{"line":389,"column":12},"end":{"line":389,"column":39}},"175":{"start":{"line":390,"column":12},"end":{"line":390,"column":18}},"176":{"start":{"line":392,"column":12},"end":{"line":392,"column":32}},"177":{"start":{"line":395,"column":4},"end":{"line":395,"column":30}},"178":{"start":{"line":405,"column":4},"end":{"line":405,"column":25}},"179":{"start":{"line":406,"column":13},"end":{"line":406,"column":50}},"180":{"start":{"line":407,"column":4},"end":{"line":410,"column":5}},"181":{"start":{"line":408,"column":8},"end":{"line":408,"column":74}},"182":{"start":{"line":409,"column":8},"end":{"line":409,"column":58}},"183":{"start":{"line":411,"column":4},"end":{"line":411,"column":19}},"184":{"start":{"line":412,"column":4},"end":{"line":412,"column":19}},"185":{"start":{"line":413,"column":4},"end":{"line":413,"column":68}},"186":{"start":{"line":414,"column":4},"end":{"line":414,"column":83}},"187":{"start":{"line":416,"column":4},"end":{"line":416,"column":69}},"188":{"start":{"line":417,"column":4},"end":{"line":417,"column":53}},"189":{"start":{"line":420,"column":4},"end":{"line":420,"column":18}},"190":{"start":{"line":421,"column":4},"end":{"line":421,"column":49}},"191":{"start":{"line":423,"column":4},"end":{"line":423,"column":17}},"192":{"start":{"line":424,"column":4},"end":{"line":424,"column":19}},"193":{"start":{"line":425,"column":4},"end":{"line":425,"column":18}},"194":{"start":{"line":432,"column":17},"end":{"line":432,"column":59}},"195":{"start":{"line":433,"column":4},"end":{"line":433,"column":52}},"196":{"start":{"line":434,"column":4},"end":{"line":438,"column":5}},"197":{"start":{"line":435,"column":8},"end":{"line":435,"column":25}},"198":{"start":{"line":452,"column":19},"end":{"line":452,"column":63}},"199":{"start":{"line":453,"column":18},"end":{"line":453,"column":47}},"200":{"start":{"line":454,"column":4},"end":{"line":454,"column":35}},"201":{"start":{"line":455,"column":4},"end":{"line":455,"column":26}},"202":{"start":{"line":457,"column":18},"end":{"line":457,"column":50}},"203":{"start":{"line":458,"column":4},"end":{"line":458,"column":38}},"204":{"start":{"line":459,"column":4},"end":{"line":459,"column":62}},"205":{"start":{"line":461,"column":17},"end":{"line":461,"column":49}},"206":{"start":{"line":462,"column":4},"end":{"line":462,"column":40}},"207":{"start":{"line":463,"column":4},"end":{"line":463,"column":60}},"208":{"start":{"line":465,"column":17},"end":{"line":465,"column":49}},"209":{"start":{"line":466,"column":4},"end":{"line":466,"column":53}},"210":{"start":{"line":467,"column":4},"end":{"line":467,"column":60}},"211":{"start":{"line":469,"column":4},"end":{"line":477,"column":5}},"212":{"start":{"line":470,"column":8},"end":{"line":470,"column":97}},"213":{"start":{"line":471,"column":8},"end":{"line":471,"column":89}},"214":{"start":{"line":472,"column":8},"end":{"line":472,"column":107}},"215":{"start":{"line":474,"column":8},"end":{"line":474,"column":98}},"216":{"start":{"line":475,"column":8},"end":{"line":475,"column":84}},"217":{"start":{"line":476,"column":8},"end":{"line":476,"column":102}},"218":{"start":{"line":479,"column":4},"end":{"line":486,"column":6}},"219":{"start":{"line":480,"column":8},"end":{"line":480,"column":67}},"220":{"start":{"line":481,"column":8},"end":{"line":485,"column":9}},"221":{"start":{"line":482,"column":12},"end":{"line":482,"column":31}},"222":{"start":{"line":484,"column":12},"end":{"line":484,"column":33}},"223":{"start":{"line":488,"column":4},"end":{"line":507,"column":6}},"224":{"start":{"line":489,"column":8},"end":{"line":489,"column":64}},"225":{"start":{"line":490,"column":8},"end":{"line":490,"column":67}},"226":{"start":{"line":491,"column":8},"end":{"line":506,"column":9}},"227":{"start":{"line":492,"column":12},"end":{"line":492,"column":47}},"228":{"start":{"line":493,"column":12},"end":{"line":498,"column":13}},"229":{"start":{"line":494,"column":16},"end":{"line":494,"column":53}},"230":{"start":{"line":495,"column":16},"end":{"line":495,"column":40}},"231":{"start":{"line":497,"column":16},"end":{"line":497,"column":48}},"232":{"start":{"line":500,"column":12},"end":{"line":504,"column":13}},"233":{"start":{"line":501,"column":16},"end":{"line":501,"column":55}},"234":{"start":{"line":503,"column":16},"end":{"line":503,"column":50}},"235":{"start":{"line":505,"column":12},"end":{"line":505,"column":34}},"236":{"start":{"line":509,"column":4},"end":{"line":511,"column":5}},"237":{"start":{"line":510,"column":8},"end":{"line":510,"column":31}},"238":{"start":{"line":513,"column":18},"end":{"line":513,"column":45}},"239":{"start":{"line":514,"column":4},"end":{"line":514,"column":32}},"240":{"start":{"line":515,"column":4},"end":{"line":515,"column":29}},"241":{"start":{"line":517,"column":19},"end":{"line":517,"column":46}},"242":{"start":{"line":518,"column":4},"end":{"line":518,"column":41}},"243":{"start":{"line":519,"column":4},"end":{"line":519,"column":40}},"244":{"start":{"line":520,"column":4},"end":{"line":520,"column":44}},"245":{"start":{"line":521,"column":4},"end":{"line":521,"column":34}},"246":{"start":{"line":523,"column":4},"end":{"line":523,"column":16}},"247":{"start":{"line":524,"column":20},"end":{"line":524,"column":54}},"248":{"start":{"line":525,"column":4},"end":{"line":525,"column":87}},"249":{"start":{"line":526,"column":4},"end":{"line":526,"column":40}},"250":{"start":{"line":528,"column":4},"end":{"line":528,"column":26}},"251":{"start":{"line":530,"column":4},"end":{"line":530,"column":67}},"252":{"start":{"line":533,"column":4},"end":{"line":533,"column":33}},"253":{"start":{"line":534,"column":4},"end":{"line":534,"column":32}},"254":{"start":{"line":535,"column":4},"end":{"line":535,"column":33}},"255":{"start":{"line":536,"column":4},"end":{"line":536,"column":32}},"256":{"start":{"line":537,"column":4},"end":{"line":537,"column":34}},"257":{"start":{"line":539,"column":4},"end":{"line":546,"column":5}},"258":{"start":{"line":540,"column":8},"end":{"line":540,"column":41}},"259":{"start":{"line":541,"column":8},"end":{"line":545,"column":9}},"260":{"start":{"line":542,"column":12},"end":{"line":542,"column":83}},"261":{"start":{"line":544,"column":12},"end":{"line":544,"column":78}},"262":{"start":{"line":548,"column":4},"end":{"line":548,"column":26}},"263":{"start":{"line":549,"column":4},"end":{"line":549,"column":22}},"264":{"start":{"line":563,"column":20},"end":{"line":563,"column":56}},"265":{"start":{"line":564,"column":18},"end":{"line":564,"column":47}},"266":{"start":{"line":565,"column":4},"end":{"line":565,"column":52}},"267":{"start":{"line":566,"column":4},"end":{"line":566,"column":36}},"268":{"start":{"line":568,"column":18},"end":{"line":568,"column":50}},"269":{"start":{"line":569,"column":4},"end":{"line":569,"column":38}},"270":{"start":{"line":570,"column":4},"end":{"line":570,"column":62}},"271":{"start":{"line":572,"column":17},"end":{"line":572,"column":49}},"272":{"start":{"line":573,"column":4},"end":{"line":573,"column":40}},"273":{"start":{"line":574,"column":4},"end":{"line":574,"column":60}},"274":{"start":{"line":580,"column":4},"end":{"line":588,"column":5}},"275":{"start":{"line":581,"column":8},"end":{"line":581,"column":102}},"276":{"start":{"line":582,"column":8},"end":{"line":582,"column":61}},"277":{"start":{"line":585,"column":8},"end":{"line":585,"column":103}},"278":{"start":{"line":586,"column":8},"end":{"line":586,"column":56}},"279":{"start":{"line":590,"column":4},"end":{"line":597,"column":6}},"280":{"start":{"line":591,"column":8},"end":{"line":591,"column":65}},"281":{"start":{"line":592,"column":8},"end":{"line":596,"column":9}},"282":{"start":{"line":593,"column":12},"end":{"line":593,"column":29}},"283":{"start":{"line":595,"column":12},"end":{"line":595,"column":31}},"284":{"start":{"line":599,"column":4},"end":{"line":601,"column":6}},"285":{"start":{"line":600,"column":8},"end":{"line":600,"column":28}},"286":{"start":{"line":607,"column":18},"end":{"line":607,"column":45}},"287":{"start":{"line":608,"column":4},"end":{"line":608,"column":29}},"288":{"start":{"line":610,"column":19},"end":{"line":610,"column":46}},"289":{"start":{"line":611,"column":4},"end":{"line":611,"column":51}},"290":{"start":{"line":612,"column":4},"end":{"line":612,"column":40}},"291":{"start":{"line":613,"column":4},"end":{"line":613,"column":44}},"292":{"start":{"line":614,"column":4},"end":{"line":614,"column":34}},"293":{"start":{"line":616,"column":4},"end":{"line":616,"column":33}},"294":{"start":{"line":617,"column":4},"end":{"line":617,"column":32}},"295":{"start":{"line":618,"column":4},"end":{"line":618,"column":33}},"296":{"start":{"line":621,"column":4},"end":{"line":621,"column":35}},"297":{"start":{"line":623,"column":4},"end":{"line":625,"column":5}},"298":{"start":{"line":624,"column":8},"end":{"line":624,"column":88}},"299":{"start":{"line":626,"column":4},"end":{"line":626,"column":20}},"300":{"start":{"line":627,"column":4},"end":{"line":627,"column":26}},"301":{"start":{"line":628,"column":4},"end":{"line":628,"column":20}},"302":{"start":{"line":638,"column":23},"end":{"line":638,"column":56}},"303":{"start":{"line":639,"column":4},"end":{"line":639,"column":74}},"304":{"start":{"line":640,"column":21},"end":{"line":640,"column":64}},"305":{"start":{"line":642,"column":4},"end":{"line":644,"column":5}},"306":{"start":{"line":643,"column":8},"end":{"line":643,"column":88}},"307":{"start":{"line":645,"column":4},"end":{"line":645,"column":16}},"308":{"start":{"line":646,"column":4},"end":{"line":646,"column":48}},"309":{"start":{"line":647,"column":20},"end":{"line":647,"column":54}},"310":{"start":{"line":648,"column":4},"end":{"line":648,"column":87}},"311":{"start":{"line":650,"column":4},"end":{"line":650,"column":23}},"312":{"start":{"line":660,"column":23},"end":{"line":660,"column":56}},"313":{"start":{"line":661,"column":4},"end":{"line":661,"column":77}},"314":{"start":{"line":662,"column":21},"end":{"line":662,"column":64}},"315":{"start":{"line":664,"column":4},"end":{"line":666,"column":5}},"316":{"start":{"line":665,"column":8},"end":{"line":665,"column":91}},"317":{"start":{"line":667,"column":4},"end":{"line":667,"column":16}},"318":{"start":{"line":668,"column":4},"end":{"line":668,"column":49}},"319":{"start":{"line":669,"column":20},"end":{"line":669,"column":54}},"320":{"start":{"line":670,"column":4},"end":{"line":670,"column":87}},"321":{"start":{"line":672,"column":4},"end":{"line":672,"column":25}},"322":{"start":{"line":682,"column":21},"end":{"line":682,"column":64}},"323":{"start":{"line":683,"column":22},"end":{"line":683,"column":58}},"324":{"start":{"line":684,"column":4},"end":{"line":684,"column":38}},"325":{"start":{"line":685,"column":4},"end":{"line":689,"column":5}},"326":{"start":{"line":686,"column":8},"end":{"line":686,"column":81}},"327":{"start":{"line":688,"column":8},"end":{"line":688,"column":76}},"328":{"start":{"line":690,"column":4},"end":{"line":690,"column":28}},"329":{"start":{"line":691,"column":4},"end":{"line":691,"column":20}},"330":{"start":{"line":702,"column":19},"end":{"line":702,"column":68}},"331":{"start":{"line":704,"column":23},"end":{"line":704,"column":66}},"332":{"start":{"line":706,"column":4},"end":{"line":708,"column":5}},"333":{"start":{"line":707,"column":8},"end":{"line":707,"column":20}},"334":{"start":{"line":710,"column":4},"end":{"line":714,"column":5}},"335":{"start":{"line":711,"column":26},"end":{"line":711,"column":62}},"336":{"start":{"line":712,"column":8},"end":{"line":712,"column":42}},"337":{"start":{"line":715,"column":30},"end":{"line":715,"column":74}},"338":{"start":{"line":716,"column":4},"end":{"line":716,"column":69}},"339":{"start":{"line":717,"column":4},"end":{"line":717,"column":16}},"340":{"start":{"line":719,"column":20},"end":{"line":719,"column":54}},"341":{"start":{"line":720,"column":4},"end":{"line":720,"column":87}},"342":{"start":{"line":722,"column":4},"end":{"line":724,"column":5}},"343":{"start":{"line":723,"column":8},"end":{"line":723,"column":48}},"344":{"start":{"line":727,"column":4},"end":{"line":727,"column":18}},"345":{"start":{"line":729,"column":4},"end":{"line":729,"column":55}},"346":{"start":{"line":730,"column":4},"end":{"line":730,"column":67}},"347":{"start":{"line":732,"column":4},"end":{"line":732,"column":26}},"348":{"start":{"line":742,"column":30},"end":{"line":742,"column":74}},"349":{"start":{"line":743,"column":4},"end":{"line":745,"column":5}},"350":{"start":{"line":744,"column":8},"end":{"line":744,"column":67}},"351":{"start":{"line":747,"column":22},"end":{"line":747,"column":58}},"352":{"start":{"line":748,"column":4},"end":{"line":750,"column":5}},"353":{"start":{"line":749,"column":8},"end":{"line":749,"column":51}},"354":{"start":{"line":752,"column":4},"end":{"line":752,"column":18}},"355":{"start":{"line":753,"column":4},"end":{"line":753,"column":18}},"356":{"start":{"line":754,"column":4},"end":{"line":754,"column":17}},"357":{"start":{"line":755,"column":20},"end":{"line":755,"column":54}},"358":{"start":{"line":757,"column":4},"end":{"line":759,"column":5}},"359":{"start":{"line":758,"column":8},"end":{"line":758,"column":48}},"360":{"start":{"line":760,"column":4},"end":{"line":760,"column":20}},"361":{"start":{"line":761,"column":4},"end":{"line":761,"column":42}},"362":{"start":{"line":762,"column":4},"end":{"line":762,"column":19}},"363":{"start":{"line":763,"column":4},"end":{"line":763,"column":28}},"364":{"start":{"line":773,"column":28},"end":{"line":773,"column":72}},"365":{"start":{"line":774,"column":23},"end":{"line":774,"column":49}},"366":{"start":{"line":775,"column":4},"end":{"line":779,"column":5}},"367":{"start":{"line":775,"column":17},"end":{"line":775,"column":18}},"368":{"start":{"line":776,"column":23},"end":{"line":776,"column":38}},"369":{"start":{"line":777,"column":23},"end":{"line":777,"column":42}},"370":{"start":{"line":778,"column":8},"end":{"line":778,"column":53}},"371":{"start":{"line":783,"column":20},"end":{"line":783,"column":56}},"372":{"start":{"line":784,"column":25},"end":{"line":784,"column":43}},"373":{"start":{"line":785,"column":4},"end":{"line":789,"column":5}},"374":{"start":{"line":785,"column":17},"end":{"line":785,"column":18}},"375":{"start":{"line":786,"column":25},"end":{"line":786,"column":42}},"376":{"start":{"line":787,"column":23},"end":{"line":787,"column":44}},"377":{"start":{"line":788,"column":8},"end":{"line":788,"column":55}},"378":{"start":{"line":798,"column":4},"end":{"line":798,"column":19}},"379":{"start":{"line":799,"column":18},"end":{"line":799,"column":59}},"380":{"start":{"line":800,"column":21},"end":{"line":800,"column":55}},"381":{"start":{"line":802,"column":4},"end":{"line":808,"column":5}},"382":{"start":{"line":803,"column":8},"end":{"line":803,"column":55}},"383":{"start":{"line":804,"column":8},"end":{"line":804,"column":34}},"384":{"start":{"line":805,"column":11},"end":{"line":808,"column":5}},"385":{"start":{"line":806,"column":8},"end":{"line":806,"column":59}},"386":{"start":{"line":807,"column":8},"end":{"line":807,"column":44}},"387":{"start":{"line":817,"column":17},"end":{"line":817,"column":44}},"388":{"start":{"line":819,"column":4},"end":{"line":819,"column":48}},"389":{"start":{"line":828,"column":17},"end":{"line":828,"column":44}},"390":{"start":{"line":829,"column":4},"end":{"line":831,"column":5}},"391":{"start":{"line":830,"column":8},"end":{"line":830,"column":23}},"392":{"start":{"line":833,"column":4},"end":{"line":833,"column":48}},"393":{"start":{"line":840,"column":4},"end":{"line":840,"column":84}},"394":{"start":{"line":841,"column":4},"end":{"line":841,"column":92}},"395":{"start":{"line":842,"column":4},"end":{"line":842,"column":89}},"396":{"start":{"line":843,"column":4},"end":{"line":843,"column":89}},"397":{"start":{"line":844,"column":4},"end":{"line":844,"column":87}},"398":{"start":{"line":858,"column":4},"end":{"line":858,"column":84}},"399":{"start":{"line":859,"column":4},"end":{"line":859,"column":92}},"400":{"start":{"line":860,"column":4},"end":{"line":860,"column":89}},"401":{"start":{"line":861,"column":4},"end":{"line":861,"column":89}},"402":{"start":{"line":862,"column":4},"end":{"line":862,"column":87}},"403":{"start":{"line":872,"column":11},"end":{"line":872,"column":12}},"404":{"start":{"line":878,"column":4},"end":{"line":880,"column":5}},"405":{"start":{"line":879,"column":8},"end":{"line":879,"column":15}},"406":{"start":{"line":881,"column":4},"end":{"line":881,"column":11}},"407":{"start":{"line":882,"column":16},"end":{"line":882,"column":53}},"408":{"start":{"line":883,"column":4},"end":{"line":883,"column":49}},"409":{"start":{"line":884,"column":18},"end":{"line":884,"column":57}},"410":{"start":{"line":885,"column":4},"end":{"line":885,"column":53}},"411":{"start":{"line":886,"column":4},"end":{"line":888,"column":5}},"412":{"start":{"line":887,"column":8},"end":{"line":887,"column":43}},"413":{"start":{"line":889,"column":4},"end":{"line":889,"column":62}},"414":{"start":{"line":890,"column":4},"end":{"line":890,"column":67}},"415":{"start":{"line":899,"column":4},"end":{"line":899,"column":67}},"416":{"start":{"line":900,"column":4},"end":{"line":905,"column":5}},"417":{"start":{"line":901,"column":8},"end":{"line":901,"column":33}},"418":{"start":{"line":902,"column":8},"end":{"line":902,"column":17}},"419":{"start":{"line":904,"column":8},"end":{"line":904,"column":15}},"420":{"start":{"line":906,"column":4},"end":{"line":906,"column":11}},"421":{"start":{"line":907,"column":16},"end":{"line":907,"column":53}},"422":{"start":{"line":908,"column":4},"end":{"line":908,"column":49}},"423":{"start":{"line":909,"column":18},"end":{"line":909,"column":57}},"424":{"start":{"line":910,"column":4},"end":{"line":910,"column":53}},"425":{"start":{"line":911,"column":4},"end":{"line":911,"column":62}},"426":{"start":{"line":912,"column":4},"end":{"line":922,"column":5}},"427":{"start":{"line":913,"column":8},"end":{"line":913,"column":46}},"428":{"start":{"line":914,"column":8},"end":{"line":915,"column":118}},"429":{"start":{"line":916,"column":8},"end":{"line":920,"column":9}},"430":{"start":{"line":917,"column":12},"end":{"line":917,"column":167}},"431":{"start":{"line":919,"column":12},"end":{"line":919,"column":162}},"432":{"start":{"line":921,"column":8},"end":{"line":921,"column":72}},"433":{"start":{"line":930,"column":16},"end":{"line":930,"column":58}},"434":{"start":{"line":931,"column":4},"end":{"line":931,"column":57}},"435":{"start":{"line":932,"column":4},"end":{"line":934,"column":13}},"436":{"start":{"line":933,"column":8},"end":{"line":933,"column":29}},"437":{"start":{"line":935,"column":4},"end":{"line":935,"column":18}},"438":{"start":{"line":943,"column":4},"end":{"line":956,"column":5}},"439":{"start":{"line":945,"column":12},"end":{"line":945,"column":34}},"440":{"start":{"line":946,"column":12},"end":{"line":946,"column":18}},"441":{"start":{"line":948,"column":12},"end":{"line":948,"column":32}},"442":{"start":{"line":949,"column":12},"end":{"line":949,"column":18}},"443":{"start":{"line":951,"column":12},"end":{"line":951,"column":33}},"444":{"start":{"line":952,"column":12},"end":{"line":952,"column":18}},"445":{"start":{"line":955,"column":12},"end":{"line":955,"column":34}},"446":{"start":{"line":967,"column":4},"end":{"line":967,"column":51}},"447":{"start":{"line":968,"column":4},"end":{"line":968,"column":21}},"448":{"start":{"line":969,"column":17},"end":{"line":969,"column":54}},"449":{"start":{"line":970,"column":4},"end":{"line":970,"column":40}},"450":{"start":{"line":972,"column":4},"end":{"line":976,"column":5}},"451":{"start":{"line":973,"column":8},"end":{"line":973,"column":41}},"452":{"start":{"line":975,"column":8},"end":{"line":975,"column":23}},"453":{"start":{"line":978,"column":19},"end":{"line":978,"column":57}},"454":{"start":{"line":979,"column":4},"end":{"line":979,"column":43}},"455":{"start":{"line":981,"column":4},"end":{"line":1092,"column":5}},"456":{"start":{"line":982,"column":27},"end":{"line":982,"column":66}},"457":{"start":{"line":983,"column":8},"end":{"line":983,"column":72}},"458":{"start":{"line":985,"column":25},"end":{"line":985,"column":62}},"459":{"start":{"line":986,"column":8},"end":{"line":990,"column":9}},"460":{"start":{"line":987,"column":12},"end":{"line":987,"column":51}},"461":{"start":{"line":989,"column":12},"end":{"line":989,"column":56}},"462":{"start":{"line":992,"column":22},"end":{"line":992,"column":67}},"463":{"start":{"line":993,"column":8},"end":{"line":995,"column":9}},"464":{"start":{"line":993,"column":21},"end":{"line":993,"column":22}},"465":{"start":{"line":994,"column":12},"end":{"line":994,"column":51}},"466":{"start":{"line":997,"column":30},"end":{"line":997,"column":76}},"467":{"start":{"line":998,"column":8},"end":{"line":1000,"column":9}},"468":{"start":{"line":998,"column":21},"end":{"line":998,"column":22}},"469":{"start":{"line":999,"column":12},"end":{"line":999,"column":60}},"470":{"start":{"line":1002,"column":20},"end":{"line":1002,"column":59}},"471":{"start":{"line":1003,"column":8},"end":{"line":1008,"column":9}},"472":{"start":{"line":1003,"column":21},"end":{"line":1003,"column":22}},"473":{"start":{"line":1004,"column":12},"end":{"line":1004,"column":48}},"474":{"start":{"line":1005,"column":12},"end":{"line":1007,"column":13}},"475":{"start":{"line":1006,"column":16},"end":{"line":1006,"column":55}},"476":{"start":{"line":1010,"column":21},"end":{"line":1010,"column":54}},"477":{"start":{"line":1011,"column":8},"end":{"line":1011,"column":42}},"478":{"start":{"line":1012,"column":8},"end":{"line":1014,"column":9}},"479":{"start":{"line":1013,"column":12},"end":{"line":1013,"column":50}},"480":{"start":{"line":1016,"column":23},"end":{"line":1016,"column":65}},"481":{"start":{"line":1017,"column":8},"end":{"line":1017,"column":44}},"482":{"start":{"line":1018,"column":8},"end":{"line":1018,"column":63}},"483":{"start":{"line":1020,"column":24},"end":{"line":1020,"column":67}},"484":{"start":{"line":1021,"column":8},"end":{"line":1032,"column":9}},"485":{"start":{"line":1021,"column":21},"end":{"line":1021,"column":22}},"486":{"start":{"line":1022,"column":12},"end":{"line":1022,"column":91}},"487":{"start":{"line":1023,"column":25},"end":{"line":1023,"column":64}},"488":{"start":{"line":1024,"column":12},"end":{"line":1028,"column":13}},"489":{"start":{"line":1025,"column":16},"end":{"line":1025,"column":80}},"490":{"start":{"line":1027,"column":16},"end":{"line":1027,"column":82}},"491":{"start":{"line":1029,"column":12},"end":{"line":1031,"column":13}},"492":{"start":{"line":1030,"column":16},"end":{"line":1030,"column":85}},"493":{"start":{"line":1033,"column":11},"end":{"line":1092,"column":5}},"494":{"start":{"line":1034,"column":27},"end":{"line":1034,"column":66}},"495":{"start":{"line":1035,"column":8},"end":{"line":1035,"column":72}},"496":{"start":{"line":1037,"column":25},"end":{"line":1037,"column":62}},"497":{"start":{"line":1038,"column":8},"end":{"line":1042,"column":9}},"498":{"start":{"line":1039,"column":12},"end":{"line":1039,"column":46}},"499":{"start":{"line":1041,"column":12},"end":{"line":1041,"column":51}},"500":{"start":{"line":1044,"column":22},"end":{"line":1044,"column":67}},"501":{"start":{"line":1045,"column":8},"end":{"line":1049,"column":9}},"502":{"start":{"line":1045,"column":21},"end":{"line":1045,"column":22}},"503":{"start":{"line":1046,"column":12},"end":{"line":1048,"column":13}},"504":{"start":{"line":1047,"column":16},"end":{"line":1047,"column":58}},"505":{"start":{"line":1051,"column":30},"end":{"line":1051,"column":76}},"506":{"start":{"line":1052,"column":8},"end":{"line":1054,"column":9}},"507":{"start":{"line":1052,"column":21},"end":{"line":1052,"column":22}},"508":{"start":{"line":1053,"column":12},"end":{"line":1053,"column":57}},"509":{"start":{"line":1056,"column":20},"end":{"line":1056,"column":59}},"510":{"start":{"line":1057,"column":8},"end":{"line":1062,"column":9}},"511":{"start":{"line":1057,"column":21},"end":{"line":1057,"column":22}},"512":{"start":{"line":1058,"column":12},"end":{"line":1058,"column":48}},"513":{"start":{"line":1059,"column":12},"end":{"line":1061,"column":13}},"514":{"start":{"line":1060,"column":16},"end":{"line":1060,"column":55}},"515":{"start":{"line":1064,"column":21},"end":{"line":1064,"column":54}},"516":{"start":{"line":1065,"column":8},"end":{"line":1065,"column":43}},"517":{"start":{"line":1066,"column":8},"end":{"line":1068,"column":9}},"518":{"start":{"line":1067,"column":12},"end":{"line":1067,"column":49}},"519":{"start":{"line":1070,"column":23},"end":{"line":1070,"column":65}},"520":{"start":{"line":1071,"column":8},"end":{"line":1071,"column":47}},"521":{"start":{"line":1072,"column":8},"end":{"line":1076,"column":9}},"522":{"start":{"line":1073,"column":12},"end":{"line":1073,"column":49}},"523":{"start":{"line":1075,"column":12},"end":{"line":1075,"column":50}},"524":{"start":{"line":1078,"column":24},"end":{"line":1078,"column":67}},"525":{"start":{"line":1079,"column":8},"end":{"line":1091,"column":9}},"526":{"start":{"line":1079,"column":21},"end":{"line":1079,"column":22}},"527":{"start":{"line":1081,"column":12},"end":{"line":1081,"column":91}},"528":{"start":{"line":1082,"column":25},"end":{"line":1082,"column":64}},"529":{"start":{"line":1083,"column":12},"end":{"line":1087,"column":13}},"530":{"start":{"line":1084,"column":16},"end":{"line":1084,"column":75}},"531":{"start":{"line":1086,"column":16},"end":{"line":1086,"column":77}},"532":{"start":{"line":1088,"column":12},"end":{"line":1090,"column":13}},"533":{"start":{"line":1089,"column":16},"end":{"line":1089,"column":80}},"534":{"start":{"line":1094,"column":4},"end":{"line":1099,"column":5}},"535":{"start":{"line":1095,"column":8},"end":{"line":1095,"column":29}},"536":{"start":{"line":1097,"column":8},"end":{"line":1097,"column":29}},"537":{"start":{"line":1098,"column":8},"end":{"line":1098,"column":23}},"538":{"start":{"line":1108,"column":4},"end":{"line":1108,"column":54}},"539":{"start":{"line":1109,"column":4},"end":{"line":1109,"column":29}},"540":{"start":{"line":1116,"column":20},"end":{"line":1116,"column":55}},"541":{"start":{"line":1117,"column":4},"end":{"line":1131,"column":5}},"542":{"start":{"line":1119,"column":8},"end":{"line":1127,"column":9}},"543":{"start":{"line":1120,"column":12},"end":{"line":1120,"column":24}},"544":{"start":{"line":1121,"column":15},"end":{"line":1127,"column":9}},"545":{"start":{"line":1122,"column":12},"end":{"line":1122,"column":24}},"546":{"start":{"line":1123,"column":15},"end":{"line":1127,"column":9}},"547":{"start":{"line":1124,"column":12},"end":{"line":1124,"column":24}},"548":{"start":{"line":1126,"column":12},"end":{"line":1126,"column":24}},"549":{"start":{"line":1128,"column":8},"end":{"line":1128,"column":50}},"550":{"start":{"line":1130,"column":8},"end":{"line":1130,"column":25}},"551":{"start":{"line":1133,"column":4},"end":{"line":1133,"column":41}},"552":{"start":{"line":1134,"column":4},"end":{"line":1134,"column":41}},"553":{"start":{"line":1135,"column":4},"end":{"line":1135,"column":69}},"554":{"start":{"line":1136,"column":4},"end":{"line":1136,"column":83}},"555":{"start":{"line":1137,"column":4},"end":{"line":1137,"column":99}},"556":{"start":{"line":1138,"column":4},"end":{"line":1138,"column":84}},"557":{"start":{"line":1139,"column":4},"end":{"line":1139,"column":69}},"558":{"start":{"line":1140,"column":4},"end":{"line":1140,"column":71}},"559":{"start":{"line":1141,"column":4},"end":{"line":1141,"column":79}},"560":{"start":{"line":1142,"column":4},"end":{"line":1142,"column":71}},"561":{"start":{"line":1144,"column":4},"end":{"line":1144,"column":80}},"562":{"start":{"line":1145,"column":4},"end":{"line":1145,"column":77}},"563":{"start":{"line":1146,"column":4},"end":{"line":1146,"column":81}},"564":{"start":{"line":1147,"column":4},"end":{"line":1147,"column":79}},"565":{"start":{"line":1148,"column":4},"end":{"line":1148,"column":77}},"566":{"start":{"line":1149,"column":4},"end":{"line":1149,"column":81}},"567":{"start":{"line":1150,"column":4},"end":{"line":1150,"column":75}},"568":{"start":{"line":1151,"column":4},"end":{"line":1151,"column":78}},"569":{"start":{"line":1152,"column":4},"end":{"line":1152,"column":76}},"570":{"start":{"line":1154,"column":4},"end":{"line":1154,"column":76}},"571":{"start":{"line":1156,"column":4},"end":{"line":1156,"column":74}},"572":{"start":{"line":1157,"column":4},"end":{"line":1157,"column":75}},"573":{"start":{"line":1158,"column":4},"end":{"line":1158,"column":74}},"574":{"start":{"line":1159,"column":16},"end":{"line":1159,"column":60}},"575":{"start":{"line":1160,"column":4},"end":{"line":1162,"column":5}},"576":{"start":{"line":1160,"column":17},"end":{"line":1160,"column":18}},"577":{"start":{"line":1161,"column":8},"end":{"line":1161,"column":49}},"578":{"start":{"line":1163,"column":4},"end":{"line":1163,"column":77}},"579":{"start":{"line":1165,"column":4},"end":{"line":1165,"column":73}},"580":{"start":{"line":1166,"column":4},"end":{"line":1166,"column":71}},"581":{"start":{"line":1167,"column":4},"end":{"line":1167,"column":85}},"582":{"start":{"line":1168,"column":4},"end":{"line":1168,"column":81}},"583":{"start":{"line":1169,"column":4},"end":{"line":1169,"column":67}},"584":{"start":{"line":1170,"column":4},"end":{"line":1170,"column":67}},"585":{"start":{"line":1171,"column":4},"end":{"line":1175,"column":5}},"586":{"start":{"line":1172,"column":8},"end":{"line":1172,"column":91}},"587":{"start":{"line":1174,"column":8},"end":{"line":1174,"column":90}},"588":{"start":{"line":1176,"column":4},"end":{"line":1184,"column":5}},"589":{"start":{"line":1177,"column":8},"end":{"line":1177,"column":73}},"590":{"start":{"line":1178,"column":8},"end":{"line":1178,"column":73}},"591":{"start":{"line":1179,"column":23},"end":{"line":1179,"column":68}},"592":{"start":{"line":1180,"column":8},"end":{"line":1183,"column":9}},"593":{"start":{"line":1180,"column":21},"end":{"line":1180,"column":22}},"594":{"start":{"line":1181,"column":26},"end":{"line":1181,"column":37}},"595":{"start":{"line":1182,"column":12},"end":{"line":1182,"column":46}},"596":{"start":{"line":1185,"column":4},"end":{"line":1185,"column":76}},"597":{"start":{"line":1186,"column":4},"end":{"line":1186,"column":76}},"598":{"start":{"line":1187,"column":4},"end":{"line":1187,"column":76}},"599":{"start":{"line":1188,"column":4},"end":{"line":1188,"column":76}},"600":{"start":{"line":1189,"column":4},"end":{"line":1189,"column":97}},"601":{"start":{"line":1198,"column":21},"end":{"line":1198,"column":67}},"602":{"start":{"line":1199,"column":4},"end":{"line":1201,"column":5}},"603":{"start":{"line":1200,"column":8},"end":{"line":1200,"column":15}},"604":{"start":{"line":1203,"column":4},"end":{"line":1205,"column":5}},"605":{"start":{"line":1203,"column":17},"end":{"line":1203,"column":18}},"606":{"start":{"line":1204,"column":8},"end":{"line":1204,"column":34}},"607":{"start":{"line":1208,"column":4},"end":{"line":1212,"column":5}},"608":{"start":{"line":1209,"column":8},"end":{"line":1209,"column":54}},"609":{"start":{"line":1211,"column":8},"end":{"line":1211,"column":41}},"610":{"start":{"line":1219,"column":4},"end":{"line":1219,"column":82}},"611":{"start":{"line":1220,"column":4},"end":{"line":1220,"column":82}},"612":{"start":{"line":1221,"column":4},"end":{"line":1221,"column":84}},"613":{"start":{"line":1222,"column":4},"end":{"line":1222,"column":84}},"614":{"start":{"line":1223,"column":4},"end":{"line":1223,"column":82}},"615":{"start":{"line":1224,"column":4},"end":{"line":1224,"column":82}},"616":{"start":{"line":1225,"column":4},"end":{"line":1225,"column":80}},"617":{"start":{"line":1226,"column":4},"end":{"line":1226,"column":47}},"618":{"start":{"line":1227,"column":4},"end":{"line":1227,"column":21}},"619":{"start":{"line":1228,"column":4},"end":{"line":1228,"column":57}},"620":{"start":{"line":1229,"column":4},"end":{"line":1233,"column":5}},"621":{"start":{"line":1230,"column":8},"end":{"line":1230,"column":91}},"622":{"start":{"line":1232,"column":8},"end":{"line":1232,"column":90}},"623":{"start":{"line":1241,"column":4},"end":{"line":1241,"column":78}},"624":{"start":{"line":1242,"column":4},"end":{"line":1242,"column":78}},"625":{"start":{"line":1243,"column":4},"end":{"line":1243,"column":80}},"626":{"start":{"line":1244,"column":4},"end":{"line":1244,"column":80}},"627":{"start":{"line":1245,"column":4},"end":{"line":1245,"column":78}},"628":{"start":{"line":1246,"column":4},"end":{"line":1246,"column":78}},"629":{"start":{"line":1248,"column":4},"end":{"line":1248,"column":76}},"630":{"start":{"line":1249,"column":4},"end":{"line":1249,"column":39}},"631":{"start":{"line":1251,"column":4},"end":{"line":1251,"column":49}},"632":{"start":{"line":1260,"column":4},"end":{"line":1260,"column":21}},"633":{"start":{"line":1263,"column":0},"end":{"line":1268,"column":3}}},"fnMap":{"0":{"name":"(anonymous_0)","decl":{"start":{"line":35,"column":16},"end":{"line":35,"column":17}},"loc":{"start":{"line":35,"column":28},"end":{"line":71,"column":1}},"line":35},"1":{"name":"(anonymous_1)","decl":{"start":{"line":39,"column":40},"end":{"line":39,"column":41}},"loc":{"start":{"line":39,"column":53},"end":{"line":44,"column":5}},"line":39},"2":{"name":"(anonymous_2)","decl":{"start":{"line":48,"column":21},"end":{"line":48,"column":22}},"loc":{"start":{"line":48,"column":38},"end":{"line":52,"column":5}},"line":48},"3":{"name":"playAudio","decl":{"start":{"line":80,"column":9},"end":{"line":80,"column":18}},"loc":{"start":{"line":80,"column":23},"end":{"line":89,"column":1}},"line":80},"4":{"name":"toggleMute","decl":{"start":{"line":94,"column":9},"end":{"line":94,"column":19}},"loc":{"start":{"line":94,"column":22},"end":{"line":98,"column":1}},"line":94},"5":{"name":"changeMuteIcon","decl":{"start":{"line":103,"column":9},"end":{"line":103,"column":23}},"loc":{"start":{"line":103,"column":26},"end":{"line":120,"column":1}},"line":103},"6":{"name":"toggleAnimation","decl":{"start":{"line":126,"column":9},"end":{"line":126,"column":24}},"loc":{"start":{"line":126,"column":27},"end":{"line":136,"column":1}},"line":126},"7":{"name":"setInputTimes","decl":{"start":{"line":143,"column":9},"end":{"line":143,"column":22}},"loc":{"start":{"line":143,"column":30},"end":{"line":148,"column":1}},"line":143},"8":{"name":"checkValue","decl":{"start":{"line":156,"column":9},"end":{"line":156,"column":19}},"loc":{"start":{"line":156,"column":27},"end":{"line":167,"column":1}},"line":156},"9":{"name":"start","decl":{"start":{"line":173,"column":9},"end":{"line":173,"column":14}},"loc":{"start":{"line":173,"column":17},"end":{"line":238,"column":1}},"line":173},"10":{"name":"(anonymous_10)","decl":{"start":{"line":190,"column":47},"end":{"line":190,"column":48}},"loc":{"start":{"line":190,"column":59},"end":{"line":190,"column":90}},"line":190},"11":{"name":"(anonymous_11)","decl":{"start":{"line":197,"column":28},"end":{"line":197,"column":29}},"loc":{"start":{"line":197,"column":40},"end":{"line":236,"column":9}},"line":197},"12":{"name":"convertSeconds","decl":{"start":{"line":247,"column":9},"end":{"line":247,"column":23}},"loc":{"start":{"line":247,"column":42},"end":{"line":257,"column":1}},"line":247},"13":{"name":"updatePhase","decl":{"start":{"line":262,"column":9},"end":{"line":262,"column":20}},"loc":{"start":{"line":262,"column":23},"end":{"line":310,"column":1}},"line":262},"14":{"name":"setTimeRemaining","decl":{"start":{"line":319,"column":9},"end":{"line":319,"column":25}},"loc":{"start":{"line":319,"column":28},"end":{"line":323,"column":1}},"line":319},"15":{"name":"displayCongrats","decl":{"start":{"line":329,"column":9},"end":{"line":329,"column":24}},"loc":{"start":{"line":329,"column":27},"end":{"line":353,"column":1}},"line":329},"16":{"name":"hidePotatoes","decl":{"start":{"line":358,"column":9},"end":{"line":358,"column":21}},"loc":{"start":{"line":358,"column":24},"end":{"line":363,"column":1}},"line":358},"17":{"name":"showPotatoes","decl":{"start":{"line":368,"column":9},"end":{"line":368,"column":21}},"loc":{"start":{"line":368,"column":24},"end":{"line":370,"column":1}},"line":368},"18":{"name":"setPageTitle","decl":{"start":{"line":378,"column":9},"end":{"line":378,"column":21}},"loc":{"start":{"line":378,"column":28},"end":{"line":396,"column":1}},"line":378},"19":{"name":"stop","decl":{"start":{"line":403,"column":9},"end":{"line":403,"column":13}},"loc":{"start":{"line":403,"column":16},"end":{"line":426,"column":1}},"line":403},"20":{"name":"addTask","decl":{"start":{"line":431,"column":9},"end":{"line":431,"column":16}},"loc":{"start":{"line":431,"column":19},"end":{"line":439,"column":1}},"line":431},"21":{"name":"createTask","decl":{"start":{"line":451,"column":9},"end":{"line":451,"column":19}},"loc":{"start":{"line":451,"column":26},"end":{"line":550,"column":1}},"line":451},"22":{"name":"(anonymous_22)","decl":{"start":{"line":479,"column":22},"end":{"line":479,"column":23}},"loc":{"start":{"line":479,"column":34},"end":{"line":486,"column":5}},"line":479},"23":{"name":"(anonymous_23)","decl":{"start":{"line":488,"column":21},"end":{"line":488,"column":22}},"loc":{"start":{"line":488,"column":33},"end":{"line":507,"column":5}},"line":488},"24":{"name":"(anonymous_24)","decl":{"start":{"line":509,"column":21},"end":{"line":509,"column":22}},"loc":{"start":{"line":509,"column":33},"end":{"line":511,"column":5}},"line":509},"25":{"name":"createPinnedTask","decl":{"start":{"line":562,"column":9},"end":{"line":562,"column":25}},"loc":{"start":{"line":562,"column":42},"end":{"line":629,"column":1}},"line":562},"26":{"name":"(anonymous_26)","decl":{"start":{"line":590,"column":22},"end":{"line":590,"column":23}},"loc":{"start":{"line":590,"column":34},"end":{"line":597,"column":5}},"line":590},"27":{"name":"(anonymous_27)","decl":{"start":{"line":599,"column":21},"end":{"line":599,"column":22}},"loc":{"start":{"line":599,"column":33},"end":{"line":601,"column":5}},"line":599},"28":{"name":"markDone","decl":{"start":{"line":637,"column":9},"end":{"line":637,"column":17}},"loc":{"start":{"line":637,"column":28},"end":{"line":651,"column":1}},"line":637},"29":{"name":"unmark","decl":{"start":{"line":659,"column":9},"end":{"line":659,"column":15}},"loc":{"start":{"line":659,"column":26},"end":{"line":673,"column":1}},"line":659},"30":{"name":"unpinTask","decl":{"start":{"line":681,"column":9},"end":{"line":681,"column":18}},"loc":{"start":{"line":681,"column":29},"end":{"line":692,"column":1}},"line":681},"31":{"name":"deleteTask","decl":{"start":{"line":701,"column":9},"end":{"line":701,"column":19}},"loc":{"start":{"line":701,"column":30},"end":{"line":734,"column":1}},"line":701},"32":{"name":"deleteAllTasks","decl":{"start":{"line":741,"column":9},"end":{"line":741,"column":23}},"loc":{"start":{"line":741,"column":26},"end":{"line":766,"column":1}},"line":741},"33":{"name":"setARIASkip","decl":{"start":{"line":772,"column":9},"end":{"line":772,"column":20}},"loc":{"start":{"line":772,"column":23},"end":{"line":780,"column":1}},"line":772},"34":{"name":"setPinnedSkip","decl":{"start":{"line":782,"column":9},"end":{"line":782,"column":22}},"loc":{"start":{"line":782,"column":25},"end":{"line":790,"column":1}},"line":782},"35":{"name":"confirmationPrompt","decl":{"start":{"line":796,"column":9},"end":{"line":796,"column":27}},"loc":{"start":{"line":796,"column":36},"end":{"line":809,"column":1}},"line":796},"36":{"name":"show","decl":{"start":{"line":816,"column":9},"end":{"line":816,"column":13}},"loc":{"start":{"line":816,"column":18},"end":{"line":820,"column":1}},"line":816},"37":{"name":"hide","decl":{"start":{"line":827,"column":9},"end":{"line":827,"column":13}},"loc":{"start":{"line":827,"column":18},"end":{"line":834,"column":1}},"line":827},"38":{"name":"showOptions","decl":{"start":{"line":839,"column":9},"end":{"line":839,"column":20}},"loc":{"start":{"line":839,"column":23},"end":{"line":852,"column":1}},"line":839},"39":{"name":"hideOptions","decl":{"start":{"line":857,"column":9},"end":{"line":857,"column":20}},"loc":{"start":{"line":857,"column":23},"end":{"line":869,"column":1}},"line":857},"40":{"name":"back","decl":{"start":{"line":877,"column":9},"end":{"line":877,"column":13}},"loc":{"start":{"line":877,"column":16},"end":{"line":892,"column":1}},"line":877},"41":{"name":"next","decl":{"start":{"line":898,"column":9},"end":{"line":898,"column":13}},"loc":{"start":{"line":898,"column":16},"end":{"line":923,"column":1}},"line":898},"42":{"name":"notifyUser","decl":{"start":{"line":929,"column":9},"end":{"line":929,"column":19}},"loc":{"start":{"line":929,"column":28},"end":{"line":936,"column":1}},"line":929},"43":{"name":"(anonymous_43)","decl":{"start":{"line":932,"column":15},"end":{"line":932,"column":16}},"loc":{"start":{"line":932,"column":27},"end":{"line":934,"column":5}},"line":932},"44":{"name":"loadTheme","decl":{"start":{"line":942,"column":9},"end":{"line":942,"column":18}},"loc":{"start":{"line":942,"column":21},"end":{"line":957,"column":1}},"line":942},"45":{"name":"changeTheme","decl":{"start":{"line":966,"column":9},"end":{"line":966,"column":20}},"loc":{"start":{"line":966,"column":31},"end":{"line":1101,"column":1}},"line":966},"46":{"name":"setLang","decl":{"start":{"line":1107,"column":9},"end":{"line":1107,"column":16}},"loc":{"start":{"line":1107,"column":31},"end":{"line":1110,"column":1}},"line":1107},"47":{"name":"loadLang","decl":{"start":{"line":1115,"column":9},"end":{"line":1115,"column":17}},"loc":{"start":{"line":1115,"column":20},"end":{"line":1191,"column":1}},"line":1115},"48":{"name":"loadTasks","decl":{"start":{"line":1197,"column":9},"end":{"line":1197,"column":18}},"loc":{"start":{"line":1197,"column":21},"end":{"line":1213,"column":1}},"line":1197},"49":{"name":"loadSettings","decl":{"start":{"line":1218,"column":9},"end":{"line":1218,"column":21}},"loc":{"start":{"line":1218,"column":24},"end":{"line":1234,"column":1}},"line":1218},"50":{"name":"saveSettings","decl":{"start":{"line":1239,"column":9},"end":{"line":1239,"column":21}},"loc":{"start":{"line":1239,"column":24},"end":{"line":1252,"column":1}},"line":1239},"51":{"name":"setPhase","decl":{"start":{"line":1259,"column":9},"end":{"line":1259,"column":17}},"loc":{"start":{"line":1259,"column":28},"end":{"line":1261,"column":1}},"line":1259}},"branchMap":{"0":{"loc":{"start":{"line":41,"column":8},"end":{"line":43,"column":9}},"type":"if","locations":[{"start":{"line":41,"column":8},"end":{"line":43,"column":9}},{"start":{"line":41,"column":8},"end":{"line":43,"column":9}}],"line":41},"1":{"loc":{"start":{"line":49,"column":8},"end":{"line":51,"column":9}},"type":"if","locations":[{"start":{"line":49,"column":8},"end":{"line":51,"column":9}},{"start":{"line":49,"column":8},"end":{"line":51,"column":9}}],"line":49},"2":{"loc":{"start":{"line":61,"column":4},"end":{"line":70,"column":5}},"type":"if","locations":[{"start":{"line":61,"column":4},"end":{"line":70,"column":5}},{"start":{"line":61,"column":4},"end":{"line":70,"column":5}}],"line":61},"3":{"loc":{"start":{"line":63,"column":8},"end":{"line":65,"column":9}},"type":"if","locations":[{"start":{"line":63,"column":8},"end":{"line":65,"column":9}},{"start":{"line":63,"column":8},"end":{"line":65,"column":9}}],"line":63},"4":{"loc":{"start":{"line":83,"column":4},"end":{"line":85,"column":5}},"type":"if","locations":[{"start":{"line":83,"column":4},"end":{"line":85,"column":5}},{"start":{"line":83,"column":4},"end":{"line":85,"column":5}}],"line":83},"5":{"loc":{"start":{"line":83,"column":8},"end":{"line":83,"column":37}},"type":"binary-expr","locations":[{"start":{"line":83,"column":8},"end":{"line":83,"column":19}},{"start":{"line":83,"column":23},"end":{"line":83,"column":37}}],"line":83},"6":{"loc":{"start":{"line":105,"column":4},"end":{"line":119,"column":5}},"type":"if","locations":[{"start":{"line":105,"column":4},"end":{"line":119,"column":5}},{"start":{"line":105,"column":4},"end":{"line":119,"column":5}}],"line":105},"7":{"loc":{"start":{"line":106,"column":8},"end":{"line":110,"column":9}},"type":"if","locations":[{"start":{"line":106,"column":8},"end":{"line":110,"column":9}},{"start":{"line":106,"column":8},"end":{"line":110,"column":9}}],"line":106},"8":{"loc":{"start":{"line":113,"column":8},"end":{"line":117,"column":9}},"type":"if","locations":[{"start":{"line":113,"column":8},"end":{"line":117,"column":9}},{"start":{"line":113,"column":8},"end":{"line":117,"column":9}}],"line":113},"9":{"loc":{"start":{"line":128,"column":4},"end":{"line":133,"column":5}},"type":"if","locations":[{"start":{"line":128,"column":4},"end":{"line":133,"column":5}},{"start":{"line":128,"column":4},"end":{"line":133,"column":5}}],"line":128},"10":{"loc":{"start":{"line":158,"column":4},"end":{"line":164,"column":5}},"type":"if","locations":[{"start":{"line":158,"column":4},"end":{"line":164,"column":5}},{"start":{"line":158,"column":4},"end":{"line":164,"column":5}}],"line":158},"11":{"loc":{"start":{"line":160,"column":11},"end":{"line":164,"column":5}},"type":"if","locations":[{"start":{"line":160,"column":11},"end":{"line":164,"column":5}},{"start":{"line":160,"column":11},"end":{"line":164,"column":5}}],"line":160},"12":{"loc":{"start":{"line":160,"column":15},"end":{"line":160,"column":52}},"type":"binary-expr","locations":[{"start":{"line":160,"column":15},"end":{"line":160,"column":32}},{"start":{"line":160,"column":36},"end":{"line":160,"column":52}}],"line":160},"13":{"loc":{"start":{"line":162,"column":11},"end":{"line":164,"column":5}},"type":"if","locations":[{"start":{"line":162,"column":11},"end":{"line":164,"column":5}},{"start":{"line":162,"column":11},"end":{"line":164,"column":5}}],"line":162},"14":{"loc":{"start":{"line":162,"column":15},"end":{"line":162,"column":52}},"type":"binary-expr","locations":[{"start":{"line":162,"column":15},"end":{"line":162,"column":32}},{"start":{"line":162,"column":36},"end":{"line":162,"column":52}}],"line":162},"15":{"loc":{"start":{"line":174,"column":4},"end":{"line":176,"column":5}},"type":"if","locations":[{"start":{"line":174,"column":4},"end":{"line":176,"column":5}},{"start":{"line":174,"column":4},"end":{"line":176,"column":5}}],"line":174},"16":{"loc":{"start":{"line":196,"column":4},"end":{"line":237,"column":5}},"type":"if","locations":[{"start":{"line":196,"column":4},"end":{"line":237,"column":5}},{"start":{"line":196,"column":4},"end":{"line":237,"column":5}}],"line":196},"17":{"loc":{"start":{"line":199,"column":12},"end":{"line":235,"column":13}},"type":"if","locations":[{"start":{"line":199,"column":12},"end":{"line":235,"column":13}},{"start":{"line":199,"column":12},"end":{"line":235,"column":13}}],"line":199},"18":{"loc":{"start":{"line":215,"column":16},"end":{"line":234,"column":17}},"type":"if","locations":[{"start":{"line":215,"column":16},"end":{"line":234,"column":17}},{"start":{"line":215,"column":16},"end":{"line":234,"column":17}}],"line":215},"19":{"loc":{"start":{"line":216,"column":20},"end":{"line":219,"column":21}},"type":"if","locations":[{"start":{"line":216,"column":20},"end":{"line":219,"column":21}},{"start":{"line":216,"column":20},"end":{"line":219,"column":21}}],"line":216},"20":{"loc":{"start":{"line":220,"column":20},"end":{"line":223,"column":21}},"type":"if","locations":[{"start":{"line":220,"column":20},"end":{"line":223,"column":21}},{"start":{"line":220,"column":20},"end":{"line":223,"column":21}}],"line":220},"21":{"loc":{"start":{"line":229,"column":20},"end":{"line":233,"column":21}},"type":"if","locations":[{"start":{"line":229,"column":20},"end":{"line":233,"column":21}},{"start":{"line":229,"column":20},"end":{"line":233,"column":21}}],"line":229},"22":{"loc":{"start":{"line":229,"column":24},"end":{"line":229,"column":92}},"type":"binary-expr","locations":[{"start":{"line":229,"column":24},"end":{"line":229,"column":41}},{"start":{"line":229,"column":45},"end":{"line":229,"column":67}},{"start":{"line":229,"column":71},"end":{"line":229,"column":92}}],"line":229},"23":{"loc":{"start":{"line":231,"column":27},"end":{"line":233,"column":21}},"type":"if","locations":[{"start":{"line":231,"column":27},"end":{"line":233,"column":21}},{"start":{"line":231,"column":27},"end":{"line":233,"column":21}}],"line":231},"24":{"loc":{"start":{"line":252,"column":4},"end":{"line":252,"column":44}},"type":"if","locations":[{"start":{"line":252,"column":4},"end":{"line":252,"column":44}},{"start":{"line":252,"column":4},"end":{"line":252,"column":44}}],"line":252},"25":{"loc":{"start":{"line":254,"column":4},"end":{"line":254,"column":45}},"type":"if","locations":[{"start":{"line":254,"column":4},"end":{"line":254,"column":45}},{"start":{"line":254,"column":4},"end":{"line":254,"column":45}}],"line":254},"26":{"loc":{"start":{"line":265,"column":4},"end":{"line":309,"column":5}},"type":"if","locations":[{"start":{"line":265,"column":4},"end":{"line":309,"column":5}},{"start":{"line":265,"column":4},"end":{"line":309,"column":5}}],"line":265},"27":{"loc":{"start":{"line":268,"column":8},"end":{"line":273,"column":9}},"type":"if","locations":[{"start":{"line":268,"column":8},"end":{"line":273,"column":9}},{"start":{"line":268,"column":8},"end":{"line":273,"column":9}}],"line":268},"28":{"loc":{"start":{"line":270,"column":12},"end":{"line":272,"column":13}},"type":"if","locations":[{"start":{"line":270,"column":12},"end":{"line":272,"column":13}},{"start":{"line":270,"column":12},"end":{"line":272,"column":13}}],"line":270},"29":{"loc":{"start":{"line":270,"column":16},"end":{"line":270,"column":56}},"type":"binary-expr","locations":[{"start":{"line":270,"column":16},"end":{"line":270,"column":33}},{"start":{"line":270,"column":37},"end":{"line":270,"column":56}}],"line":270},"30":{"loc":{"start":{"line":275,"column":8},"end":{"line":293,"column":9}},"type":"if","locations":[{"start":{"line":275,"column":8},"end":{"line":293,"column":9}},{"start":{"line":275,"column":8},"end":{"line":293,"column":9}}],"line":275},"31":{"loc":{"start":{"line":280,"column":12},"end":{"line":282,"column":13}},"type":"if","locations":[{"start":{"line":280,"column":12},"end":{"line":282,"column":13}},{"start":{"line":280,"column":12},"end":{"line":282,"column":13}}],"line":280},"32":{"loc":{"start":{"line":286,"column":12},"end":{"line":292,"column":13}},"type":"if","locations":[{"start":{"line":286,"column":12},"end":{"line":292,"column":13}},{"start":{"line":286,"column":12},"end":{"line":292,"column":13}}],"line":286},"33":{"loc":{"start":{"line":287,"column":16},"end":{"line":291,"column":17}},"type":"if","locations":[{"start":{"line":287,"column":16},"end":{"line":291,"column":17}},{"start":{"line":287,"column":16},"end":{"line":291,"column":17}}],"line":287},"34":{"loc":{"start":{"line":287,"column":20},"end":{"line":287,"column":48}},"type":"binary-expr","locations":[{"start":{"line":287,"column":20},"end":{"line":287,"column":32}},{"start":{"line":287,"column":36},"end":{"line":287,"column":48}}],"line":287},"35":{"loc":{"start":{"line":295,"column":8},"end":{"line":304,"column":9}},"type":"if","locations":[{"start":{"line":295,"column":8},"end":{"line":304,"column":9}},{"start":{"line":295,"column":8},"end":{"line":304,"column":9}}],"line":295},"36":{"loc":{"start":{"line":296,"column":12},"end":{"line":303,"column":13}},"type":"if","locations":[{"start":{"line":296,"column":12},"end":{"line":303,"column":13}},{"start":{"line":296,"column":12},"end":{"line":303,"column":13}}],"line":296},"37":{"loc":{"start":{"line":297,"column":16},"end":{"line":301,"column":17}},"type":"if","locations":[{"start":{"line":297,"column":16},"end":{"line":301,"column":17}},{"start":{"line":297,"column":16},"end":{"line":301,"column":17}}],"line":297},"38":{"loc":{"start":{"line":297,"column":20},"end":{"line":297,"column":48}},"type":"binary-expr","locations":[{"start":{"line":297,"column":20},"end":{"line":297,"column":32}},{"start":{"line":297,"column":36},"end":{"line":297,"column":48}}],"line":297},"39":{"loc":{"start":{"line":306,"column":8},"end":{"line":308,"column":9}},"type":"if","locations":[{"start":{"line":306,"column":8},"end":{"line":308,"column":9}},{"start":{"line":306,"column":8},"end":{"line":308,"column":9}}],"line":306},"40":{"loc":{"start":{"line":320,"column":11},"end":{"line":322,"column":27}},"type":"cond-expr","locations":[{"start":{"line":320,"column":31},"end":{"line":320,"column":41}},{"start":{"line":321,"column":8},"end":{"line":322,"column":27}}],"line":320},"41":{"loc":{"start":{"line":321,"column":8},"end":{"line":322,"column":27}},"type":"cond-expr","locations":[{"start":{"line":321,"column":35},"end":{"line":321,"column":51}},{"start":{"line":322,"column":12},"end":{"line":322,"column":27}}],"line":321},"42":{"loc":{"start":{"line":336,"column":8},"end":{"line":338,"column":9}},"type":"if","locations":[{"start":{"line":336,"column":8},"end":{"line":338,"column":9}},{"start":{"line":336,"column":8},"end":{"line":338,"column":9}}],"line":336},"43":{"loc":{"start":{"line":341,"column":8},"end":{"line":347,"column":9}},"type":"if","locations":[{"start":{"line":341,"column":8},"end":{"line":347,"column":9}},{"start":{"line":341,"column":8},"end":{"line":347,"column":9}}],"line":341},"44":{"loc":{"start":{"line":380,"column":4},"end":{"line":393,"column":5}},"type":"switch","locations":[{"start":{"line":381,"column":8},"end":{"line":383,"column":18}},{"start":{"line":384,"column":8},"end":{"line":384,"column":27}},{"start":{"line":385,"column":8},"end":{"line":387,"column":18}},{"start":{"line":388,"column":8},"end":{"line":390,"column":18}},{"start":{"line":391,"column":8},"end":{"line":392,"column":32}}],"line":380},"45":{"loc":{"start":{"line":407,"column":4},"end":{"line":410,"column":5}},"type":"if","locations":[{"start":{"line":407,"column":4},"end":{"line":410,"column":5}},{"start":{"line":407,"column":4},"end":{"line":410,"column":5}}],"line":407},"46":{"loc":{"start":{"line":407,"column":8},"end":{"line":407,"column":44}},"type":"binary-expr","locations":[{"start":{"line":407,"column":8},"end":{"line":407,"column":25}},{"start":{"line":407,"column":29},"end":{"line":407,"column":44}}],"line":407},"47":{"loc":{"start":{"line":434,"column":4},"end":{"line":438,"column":5}},"type":"if","locations":[{"start":{"line":434,"column":4},"end":{"line":438,"column":5}},{"start":{"line":434,"column":4},"end":{"line":438,"column":5}}],"line":434},"48":{"loc":{"start":{"line":469,"column":4},"end":{"line":477,"column":5}},"type":"if","locations":[{"start":{"line":469,"column":4},"end":{"line":477,"column":5}},{"start":{"line":469,"column":4},"end":{"line":477,"column":5}}],"line":469},"49":{"loc":{"start":{"line":481,"column":8},"end":{"line":485,"column":9}},"type":"if","locations":[{"start":{"line":481,"column":8},"end":{"line":485,"column":9}},{"start":{"line":481,"column":8},"end":{"line":485,"column":9}}],"line":481},"50":{"loc":{"start":{"line":491,"column":8},"end":{"line":506,"column":9}},"type":"if","locations":[{"start":{"line":491,"column":8},"end":{"line":506,"column":9}},{"start":{"line":491,"column":8},"end":{"line":506,"column":9}}],"line":491},"51":{"loc":{"start":{"line":493,"column":12},"end":{"line":498,"column":13}},"type":"if","locations":[{"start":{"line":493,"column":12},"end":{"line":498,"column":13}},{"start":{"line":493,"column":12},"end":{"line":498,"column":13}}],"line":493},"52":{"loc":{"start":{"line":500,"column":12},"end":{"line":504,"column":13}},"type":"if","locations":[{"start":{"line":500,"column":12},"end":{"line":504,"column":13}},{"start":{"line":500,"column":12},"end":{"line":504,"column":13}}],"line":500},"53":{"loc":{"start":{"line":539,"column":4},"end":{"line":546,"column":5}},"type":"if","locations":[{"start":{"line":539,"column":4},"end":{"line":546,"column":5}},{"start":{"line":539,"column":4},"end":{"line":546,"column":5}}],"line":539},"54":{"loc":{"start":{"line":541,"column":8},"end":{"line":545,"column":9}},"type":"if","locations":[{"start":{"line":541,"column":8},"end":{"line":545,"column":9}},{"start":{"line":541,"column":8},"end":{"line":545,"column":9}}],"line":541},"55":{"loc":{"start":{"line":580,"column":4},"end":{"line":588,"column":5}},"type":"if","locations":[{"start":{"line":580,"column":4},"end":{"line":588,"column":5}},{"start":{"line":580,"column":4},"end":{"line":588,"column":5}}],"line":580},"56":{"loc":{"start":{"line":592,"column":8},"end":{"line":596,"column":9}},"type":"if","locations":[{"start":{"line":592,"column":8},"end":{"line":596,"column":9}},{"start":{"line":592,"column":8},"end":{"line":596,"column":9}}],"line":592},"57":{"loc":{"start":{"line":623,"column":4},"end":{"line":625,"column":5}},"type":"if","locations":[{"start":{"line":623,"column":4},"end":{"line":625,"column":5}},{"start":{"line":623,"column":4},"end":{"line":625,"column":5}}],"line":623},"58":{"loc":{"start":{"line":642,"column":4},"end":{"line":644,"column":5}},"type":"if","locations":[{"start":{"line":642,"column":4},"end":{"line":644,"column":5}},{"start":{"line":642,"column":4},"end":{"line":644,"column":5}}],"line":642},"59":{"loc":{"start":{"line":664,"column":4},"end":{"line":666,"column":5}},"type":"if","locations":[{"start":{"line":664,"column":4},"end":{"line":666,"column":5}},{"start":{"line":664,"column":4},"end":{"line":666,"column":5}}],"line":664},"60":{"loc":{"start":{"line":685,"column":4},"end":{"line":689,"column":5}},"type":"if","locations":[{"start":{"line":685,"column":4},"end":{"line":689,"column":5}},{"start":{"line":685,"column":4},"end":{"line":689,"column":5}}],"line":685},"61":{"loc":{"start":{"line":706,"column":4},"end":{"line":708,"column":5}},"type":"if","locations":[{"start":{"line":706,"column":4},"end":{"line":708,"column":5}},{"start":{"line":706,"column":4},"end":{"line":708,"column":5}}],"line":706},"62":{"loc":{"start":{"line":710,"column":4},"end":{"line":714,"column":5}},"type":"if","locations":[{"start":{"line":710,"column":4},"end":{"line":714,"column":5}},{"start":{"line":710,"column":4},"end":{"line":714,"column":5}}],"line":710},"63":{"loc":{"start":{"line":722,"column":4},"end":{"line":724,"column":5}},"type":"if","locations":[{"start":{"line":722,"column":4},"end":{"line":724,"column":5}},{"start":{"line":722,"column":4},"end":{"line":724,"column":5}}],"line":722},"64":{"loc":{"start":{"line":757,"column":4},"end":{"line":759,"column":5}},"type":"if","locations":[{"start":{"line":757,"column":4},"end":{"line":759,"column":5}},{"start":{"line":757,"column":4},"end":{"line":759,"column":5}}],"line":757},"65":{"loc":{"start":{"line":802,"column":4},"end":{"line":808,"column":5}},"type":"if","locations":[{"start":{"line":802,"column":4},"end":{"line":808,"column":5}},{"start":{"line":802,"column":4},"end":{"line":808,"column":5}}],"line":802},"66":{"loc":{"start":{"line":805,"column":11},"end":{"line":808,"column":5}},"type":"if","locations":[{"start":{"line":805,"column":11},"end":{"line":808,"column":5}},{"start":{"line":805,"column":11},"end":{"line":808,"column":5}}],"line":805},"67":{"loc":{"start":{"line":829,"column":4},"end":{"line":831,"column":5}},"type":"if","locations":[{"start":{"line":829,"column":4},"end":{"line":831,"column":5}},{"start":{"line":829,"column":4},"end":{"line":831,"column":5}}],"line":829},"68":{"loc":{"start":{"line":878,"column":4},"end":{"line":880,"column":5}},"type":"if","locations":[{"start":{"line":878,"column":4},"end":{"line":880,"column":5}},{"start":{"line":878,"column":4},"end":{"line":880,"column":5}}],"line":878},"69":{"loc":{"start":{"line":886,"column":4},"end":{"line":888,"column":5}},"type":"if","locations":[{"start":{"line":886,"column":4},"end":{"line":888,"column":5}},{"start":{"line":886,"column":4},"end":{"line":888,"column":5}}],"line":886},"70":{"loc":{"start":{"line":900,"column":4},"end":{"line":905,"column":5}},"type":"if","locations":[{"start":{"line":900,"column":4},"end":{"line":905,"column":5}},{"start":{"line":900,"column":4},"end":{"line":905,"column":5}}],"line":900},"71":{"loc":{"start":{"line":912,"column":4},"end":{"line":922,"column":5}},"type":"if","locations":[{"start":{"line":912,"column":4},"end":{"line":922,"column":5}},{"start":{"line":912,"column":4},"end":{"line":922,"column":5}}],"line":912},"72":{"loc":{"start":{"line":916,"column":8},"end":{"line":920,"column":9}},"type":"if","locations":[{"start":{"line":916,"column":8},"end":{"line":920,"column":9}},{"start":{"line":916,"column":8},"end":{"line":920,"column":9}}],"line":916},"73":{"loc":{"start":{"line":943,"column":4},"end":{"line":956,"column":5}},"type":"switch","locations":[{"start":{"line":944,"column":8},"end":{"line":946,"column":18}},{"start":{"line":947,"column":8},"end":{"line":949,"column":18}},{"start":{"line":950,"column":8},"end":{"line":952,"column":18}},{"start":{"line":953,"column":8},"end":{"line":955,"column":34}}],"line":943},"74":{"loc":{"start":{"line":972,"column":4},"end":{"line":976,"column":5}},"type":"if","locations":[{"start":{"line":972,"column":4},"end":{"line":976,"column":5}},{"start":{"line":972,"column":4},"end":{"line":976,"column":5}}],"line":972},"75":{"loc":{"start":{"line":981,"column":4},"end":{"line":1092,"column":5}},"type":"if","locations":[{"start":{"line":981,"column":4},"end":{"line":1092,"column":5}},{"start":{"line":981,"column":4},"end":{"line":1092,"column":5}}],"line":981},"76":{"loc":{"start":{"line":986,"column":8},"end":{"line":990,"column":9}},"type":"if","locations":[{"start":{"line":986,"column":8},"end":{"line":990,"column":9}},{"start":{"line":986,"column":8},"end":{"line":990,"column":9}}],"line":986},"77":{"loc":{"start":{"line":1005,"column":12},"end":{"line":1007,"column":13}},"type":"if","locations":[{"start":{"line":1005,"column":12},"end":{"line":1007,"column":13}},{"start":{"line":1005,"column":12},"end":{"line":1007,"column":13}}],"line":1005},"78":{"loc":{"start":{"line":1012,"column":8},"end":{"line":1014,"column":9}},"type":"if","locations":[{"start":{"line":1012,"column":8},"end":{"line":1014,"column":9}},{"start":{"line":1012,"column":8},"end":{"line":1014,"column":9}}],"line":1012},"79":{"loc":{"start":{"line":1024,"column":12},"end":{"line":1028,"column":13}},"type":"if","locations":[{"start":{"line":1024,"column":12},"end":{"line":1028,"column":13}},{"start":{"line":1024,"column":12},"end":{"line":1028,"column":13}}],"line":1024},"80":{"loc":{"start":{"line":1029,"column":12},"end":{"line":1031,"column":13}},"type":"if","locations":[{"start":{"line":1029,"column":12},"end":{"line":1031,"column":13}},{"start":{"line":1029,"column":12},"end":{"line":1031,"column":13}}],"line":1029},"81":{"loc":{"start":{"line":1033,"column":11},"end":{"line":1092,"column":5}},"type":"if","locations":[{"start":{"line":1033,"column":11},"end":{"line":1092,"column":5}},{"start":{"line":1033,"column":11},"end":{"line":1092,"column":5}}],"line":1033},"82":{"loc":{"start":{"line":1033,"column":15},"end":{"line":1033,"column":58}},"type":"binary-expr","locations":[{"start":{"line":1033,"column":15},"end":{"line":1033,"column":35}},{"start":{"line":1033,"column":39},"end":{"line":1033,"column":58}}],"line":1033},"83":{"loc":{"start":{"line":1038,"column":8},"end":{"line":1042,"column":9}},"type":"if","locations":[{"start":{"line":1038,"column":8},"end":{"line":1042,"column":9}},{"start":{"line":1038,"column":8},"end":{"line":1042,"column":9}}],"line":1038},"84":{"loc":{"start":{"line":1046,"column":12},"end":{"line":1048,"column":13}},"type":"if","locations":[{"start":{"line":1046,"column":12},"end":{"line":1048,"column":13}},{"start":{"line":1046,"column":12},"end":{"line":1048,"column":13}}],"line":1046},"85":{"loc":{"start":{"line":1059,"column":12},"end":{"line":1061,"column":13}},"type":"if","locations":[{"start":{"line":1059,"column":12},"end":{"line":1061,"column":13}},{"start":{"line":1059,"column":12},"end":{"line":1061,"column":13}}],"line":1059},"86":{"loc":{"start":{"line":1066,"column":8},"end":{"line":1068,"column":9}},"type":"if","locations":[{"start":{"line":1066,"column":8},"end":{"line":1068,"column":9}},{"start":{"line":1066,"column":8},"end":{"line":1068,"column":9}}],"line":1066},"87":{"loc":{"start":{"line":1072,"column":8},"end":{"line":1076,"column":9}},"type":"if","locations":[{"start":{"line":1072,"column":8},"end":{"line":1076,"column":9}},{"start":{"line":1072,"column":8},"end":{"line":1076,"column":9}}],"line":1072},"88":{"loc":{"start":{"line":1083,"column":12},"end":{"line":1087,"column":13}},"type":"if","locations":[{"start":{"line":1083,"column":12},"end":{"line":1087,"column":13}},{"start":{"line":1083,"column":12},"end":{"line":1087,"column":13}}],"line":1083},"89":{"loc":{"start":{"line":1088,"column":12},"end":{"line":1090,"column":13}},"type":"if","locations":[{"start":{"line":1088,"column":12},"end":{"line":1090,"column":13}},{"start":{"line":1088,"column":12},"end":{"line":1090,"column":13}}],"line":1088},"90":{"loc":{"start":{"line":1094,"column":4},"end":{"line":1099,"column":5}},"type":"if","locations":[{"start":{"line":1094,"column":4},"end":{"line":1099,"column":5}},{"start":{"line":1094,"column":4},"end":{"line":1099,"column":5}}],"line":1094},"91":{"loc":{"start":{"line":1117,"column":4},"end":{"line":1131,"column":5}},"type":"if","locations":[{"start":{"line":1117,"column":4},"end":{"line":1131,"column":5}},{"start":{"line":1117,"column":4},"end":{"line":1131,"column":5}}],"line":1117},"92":{"loc":{"start":{"line":1119,"column":8},"end":{"line":1127,"column":9}},"type":"if","locations":[{"start":{"line":1119,"column":8},"end":{"line":1127,"column":9}},{"start":{"line":1119,"column":8},"end":{"line":1127,"column":9}}],"line":1119},"93":{"loc":{"start":{"line":1121,"column":15},"end":{"line":1127,"column":9}},"type":"if","locations":[{"start":{"line":1121,"column":15},"end":{"line":1127,"column":9}},{"start":{"line":1121,"column":15},"end":{"line":1127,"column":9}}],"line":1121},"94":{"loc":{"start":{"line":1123,"column":15},"end":{"line":1127,"column":9}},"type":"if","locations":[{"start":{"line":1123,"column":15},"end":{"line":1127,"column":9}},{"start":{"line":1123,"column":15},"end":{"line":1127,"column":9}}],"line":1123},"95":{"loc":{"start":{"line":1171,"column":4},"end":{"line":1175,"column":5}},"type":"if","locations":[{"start":{"line":1171,"column":4},"end":{"line":1175,"column":5}},{"start":{"line":1171,"column":4},"end":{"line":1175,"column":5}}],"line":1171},"96":{"loc":{"start":{"line":1176,"column":4},"end":{"line":1184,"column":5}},"type":"if","locations":[{"start":{"line":1176,"column":4},"end":{"line":1184,"column":5}},{"start":{"line":1176,"column":4},"end":{"line":1184,"column":5}}],"line":1176},"97":{"loc":{"start":{"line":1199,"column":4},"end":{"line":1201,"column":5}},"type":"if","locations":[{"start":{"line":1199,"column":4},"end":{"line":1201,"column":5}},{"start":{"line":1199,"column":4},"end":{"line":1201,"column":5}}],"line":1199},"98":{"loc":{"start":{"line":1208,"column":4},"end":{"line":1212,"column":5}},"type":"if","locations":[{"start":{"line":1208,"column":4},"end":{"line":1212,"column":5}},{"start":{"line":1208,"column":4},"end":{"line":1212,"column":5}}],"line":1208},"99":{"loc":{"start":{"line":1229,"column":4},"end":{"line":1233,"column":5}},"type":"if","locations":[{"start":{"line":1229,"column":4},"end":{"line":1233,"column":5}},{"start":{"line":1229,"column":4},"end":{"line":1233,"column":5}}],"line":1229}},"s":{"0":1,"1":1,"2":1,"3":1,"4":1,"5":1,"6":1,"7":1,"8":1,"9":1,"10":1,"11":1,"12":1,"13":1,"14":1,"15":0,"16":0,"17":0,"18":0,"19":0,"20":0,"21":0,"22":0,"23":0,"24":0,"25":0,"26":0,"27":0,"28":0,"29":0,"30":0,"31":0,"32":0,"33":0,"34":0,"35":0,"36":0,"37":0,"38":0,"39":0,"40":0,"41":0,"42":0,"43":0,"44":0,"45":0,"46":0,"47":0,"48":0,"49":0,"50":0,"51":0,"52":0,"53":0,"54":0,"55":0,"56":0,"57":0,"58":0,"59":0,"60":0,"61":0,"62":0,"63":0,"64":0,"65":0,"66":0,"67":0,"68":0,"69":0,"70":0,"71":0,"72":0,"73":0,"74":0,"75":0,"76":0,"77":0,"78":0,"79":0,"80":0,"81":0,"82":0,"83":0,"84":0,"85":0,"86":0,"87":0,"88":0,"89":0,"90":0,"91":0,"92":0,"93":0,"94":0,"95":0,"96":0,"97":0,"98":0,"99":0,"100":0,"101":0,"102":0,"103":0,"104":0,"105":0,"106":0,"107":0,"108":0,"109":0,"110":0,"111":0,"112":5,"113":5,"114":5,"115":5,"116":4,"117":5,"118":5,"119":4,"120":5,"121":5,"122":0,"123":0,"124":0,"125":0,"126":0,"127":0,"128":0,"129":0,"130":0,"131":0,"132":0,"133":0,"134":0,"135":0,"136":0,"137":0,"138":0,"139":0,"140":0,"141":0,"142":0,"143":0,"144":0,"145":0,"146":0,"147":0,"148":3,"149":0,"150":0,"151":0,"152":0,"153":0,"154":0,"155":0,"156":0,"157":0,"158":0,"159":0,"160":0,"161":0,"162":0,"163":0,"164":0,"165":0,"166":0,"167":0,"168":0,"169":4,"170":1,"171":1,"172":2,"173":2,"174":1,"175":1,"176":0,"177":4,"178":0,"179":0,"180":0,"181":0,"182":0,"183":0,"184":0,"185":0,"186":0,"187":0,"188":0,"189":0,"190":0,"191":0,"192":0,"193":0,"194":0,"195":0,"196":0,"197":0,"198":0,"199":0,"200":0,"201":0,"202":0,"203":0,"204":0,"205":0,"206":0,"207":0,"208":0,"209":0,"210":0,"211":0,"212":0,"213":0,"214":0,"215":0,"216":0,"217":0,"218":0,"219":0,"220":0,"221":0,"222":0,"223":0,"224":0,"225":0,"226":0,"227":0,"228":0,"229":0,"230":0,"231":0,"232":0,"233":0,"234":0,"235":0,"236":0,"237":0,"238":0,"239":0,"240":0,"241":0,"242":0,"243":0,"244":0,"245":0,"246":0,"247":0,"248":0,"249":0,"250":0,"251":0,"252":0,"253":0,"254":0,"255":0,"256":0,"257":0,"258":0,"259":0,"260":0,"261":0,"262":0,"263":0,"264":0,"265":0,"266":0,"267":0,"268":0,"269":0,"270":0,"271":0,"272":0,"273":0,"274":0,"275":0,"276":0,"277":0,"278":0,"279":0,"280":0,"281":0,"282":0,"283":0,"284":0,"285":0,"286":0,"287":0,"288":0,"289":0,"290":0,"291":0,"292":0,"293":0,"294":0,"295":0,"296":0,"297":0,"298":0,"299":0,"300":0,"301":0,"302":0,"303":0,"304":0,"305":0,"306":0,"307":0,"308":0,"309":0,"310":0,"311":0,"312":0,"313":0,"314":0,"315":0,"316":0,"317":0,"318":0,"319":0,"320":0,"321":0,"322":0,"323":0,"324":0,"325":0,"326":0,"327":0,"328":0,"329":0,"330":0,"331":0,"332":0,"333":0,"334":0,"335":0,"336":0,"337":0,"338":0,"339":0,"340":0,"341":0,"342":0,"343":0,"344":0,"345":0,"346":0,"347":0,"348":0,"349":0,"350":0,"351":0,"352":0,"353":0,"354":0,"355":0,"356":0,"357":0,"358":0,"359":0,"360":0,"361":0,"362":0,"363":0,"364":0,"365":0,"366":0,"367":0,"368":0,"369":0,"370":0,"371":0,"372":0,"373":0,"374":0,"375":0,"376":0,"377":0,"378":0,"379":0,"380":0,"381":0,"382":0,"383":0,"384":0,"385":0,"386":0,"387":0,"388":0,"389":0,"390":0,"391":0,"392":0,"393":0,"394":0,"395":0,"396":0,"397":0,"398":0,"399":0,"400":0,"401":0,"402":0,"403":1,"404":0,"405":0,"406":0,"407":0,"408":0,"409":0,"410":0,"411":0,"412":0,"413":0,"414":0,"415":0,"416":0,"417":0,"418":0,"419":0,"420":0,"421":0,"422":0,"423":0,"424":0,"425":0,"426":0,"427":0,"428":0,"429":0,"430":0,"431":0,"432":0,"433":0,"434":0,"435":0,"436":0,"437":0,"438":0,"439":0,"440":0,"441":0,"442":0,"443":0,"444":0,"445":0,"446":0,"447":0,"448":0,"449":0,"450":0,"451":0,"452":0,"453":0,"454":0,"455":0,"456":0,"457":0,"458":0,"459":0,"460":0,"461":0,"462":0,"463":0,"464":0,"465":0,"466":0,"467":0,"468":0,"469":0,"470":0,"471":0,"472":0,"473":0,"474":0,"475":0,"476":0,"477":0,"478":0,"479":0,"480":0,"481":0,"482":0,"483":0,"484":0,"485":0,"486":0,"487":0,"488":0,"489":0,"490":0,"491":0,"492":0,"493":0,"494":0,"495":0,"496":0,"497":0,"498":0,"499":0,"500":0,"501":0,"502":0,"503":0,"504":0,"505":0,"506":0,"507":0,"508":0,"509":0,"510":0,"511":0,"512":0,"513":0,"514":0,"515":0,"516":0,"517":0,"518":0,"519":0,"520":0,"521":0,"522":0,"523":0,"524":0,"525":0,"526":0,"527":0,"528":0,"529":0,"530":0,"531":0,"532":0,"533":0,"534":0,"535":0,"536":0,"537":0,"538":0,"539":0,"540":0,"541":0,"542":0,"543":0,"544":0,"545":0,"546":0,"547":0,"548":0,"549":0,"550":0,"551":0,"552":0,"553":0,"554":0,"555":0,"556":0,"557":0,"558":0,"559":0,"560":0,"561":0,"562":0,"563":0,"564":0,"565":0,"566":0,"567":0,"568":0,"569":0,"570":0,"571":0,"572":0,"573":0,"574":0,"575":0,"576":0,"577":0,"578":0,"579":0,"580":0,"581":0,"582":0,"583":0,"584":0,"585":0,"586":0,"587":0,"588":0,"589":0,"590":0,"591":0,"592":0,"593":0,"594":0,"595":0,"596":0,"597":0,"598":0,"599":0,"600":0,"601":0,"602":0,"603":0,"604":0,"605":0,"606":0,"607":0,"608":0,"609":0,"610":0,"611":0,"612":0,"613":0,"614":0,"615":0,"616":0,"617":0,"618":0,"619":0,"620":0,"621":0,"622":0,"623":0,"624":0,"625":0,"626":0,"627":0,"628":0,"629":0,"630":0,"631":0,"632":7,"633":1},"f":{"0":0,"1":0,"2":0,"3":0,"4":0,"5":0,"6":0,"7":0,"8":0,"9":0,"10":0,"11":0,"12":5,"13":0,"14":3,"15":0,"16":0,"17":0,"18":4,"19":0,"20":0,"21":0,"22":0,"23":0,"24":0,"25":0,"26":0,"27":0,"28":0,"29":0,"30":0,"31":0,"32":0,"33":0,"34":0,"35":0,"36":0,"37":0,"38":0,"39":0,"40":0,"41":0,"42":0,"43":0,"44":0,"45":0,"46":0,"47":0,"48":0,"49":0,"50":0,"51":7},"b":{"0":[0,0],"1":[0,0],"2":[0,0],"3":[0,0],"4":[0,0],"5":[0,0],"6":[0,0],"7":[0,0],"8":[0,0],"9":[0,0],"10":[0,0],"11":[0,0],"12":[0,0],"13":[0,0],"14":[0,0],"15":[0,0],"16":[0,0],"17":[0,0],"18":[0,0],"19":[0,0],"20":[0,0],"21":[0,0],"22":[0,0,0],"23":[0,0],"24":[4,1],"25":[4,1],"26":[0,0],"27":[0,0],"28":[0,0],"29":[0,0],"30":[0,0],"31":[0,0],"32":[0,0],"33":[0,0],"34":[0,0],"35":[0,0],"36":[0,0],"37":[0,0],"38":[0,0],"39":[0,0],"40":[1,2],"41":[1,1],"42":[0,0],"43":[0,0],"44":[1,1,2,1,0],"45":[0,0],"46":[0,0],"47":[0,0],"48":[0,0],"49":[0,0],"50":[0,0],"51":[0,0],"52":[0,0],"53":[0,0],"54":[0,0],"55":[0,0],"56":[0,0],"57":[0,0],"58":[0,0],"59":[0,0],"60":[0,0],"61":[0,0],"62":[0,0],"63":[0,0],"64":[0,0],"65":[0,0],"66":[0,0],"67":[0,0],"68":[0,0],"69":[0,0],"70":[0,0],"71":[0,0],"72":[0,0],"73":[0,0,0,0],"74":[0,0],"75":[0,0],"76":[0,0],"77":[0,0],"78":[0,0],"79":[0,0],"80":[0,0],"81":[0,0],"82":[0,0],"83":[0,0],"84":[0,0],"85":[0,0],"86":[0,0],"87":[0,0],"88":[0,0],"89":[0,0],"90":[0,0],"91":[0,0],"92":[0,0],"93":[0,0],"94":[0,0],"95":[0,0],"96":[0,0],"97":[0,0],"98":[0,0],"99":[0,0]},"_coverageSchema":"1a1c01bbd47fc00a2c39e90264f33305004495a9","hash":"3b0a5385eb48c778074aa343bf0d9dad045ce8f5"}
}
