TN:
SF:source\app.js
FN:35,(anonymous_0)
FN:39,(anonymous_1)
FN:48,(anonymous_2)
FN:80,playAudio
FN:94,toggleMute
FN:103,changeMuteIcon
FN:126,toggleAnimation
FN:143,setInputTimes
FN:156,checkValue
FN:173,start
FN:190,(anonymous_10)
FN:197,(anonymous_11)
FN:247,convertSeconds
FN:262,updatePhase
FN:319,setTimeRemaining
FN:329,displayCongrats
FN:358,hidePotatoes
FN:368,showPotatoes
FN:378,setPageTitle
FN:403,stop
FN:431,addTask
FN:451,createTask
FN:479,(anonymous_22)
FN:488,(anonymous_23)
FN:509,(anonymous_24)
FN:562,createPinnedTask
FN:590,(anonymous_26)
FN:599,(anonymous_27)
FN:637,markDone
FN:659,unmark
FN:681,unpinTask
FN:701,deleteTask
FN:741,deleteAllTasks
FN:772,setARIASkip
FN:782,setPinnedSkip
FN:796,confirmationPrompt
FN:816,show
FN:827,hide
FN:839,showOptions
FN:857,hideOptions
FN:877,back
FN:898,next
FN:929,notifyUser
FN:932,(anonymous_43)
FN:942,loadTheme
FN:966,changeTheme
FN:1107,setLang
FN:1115,loadLang
FN:1197,loadTasks
FN:1218,loadSettings
FN:1239,saveSettings
FN:1259,setPhase
FNF:52
FNH:4
FNDA:0,(anonymous_0)
FNDA:0,(anonymous_1)
FNDA:0,(anonymous_2)
FNDA:0,playAudio
FNDA:0,toggleMute
FNDA:0,changeMuteIcon
FNDA:0,toggleAnimation
FNDA:0,setInputTimes
FNDA:0,checkValue
FNDA:0,start
FNDA:0,(anonymous_10)
FNDA:0,(anonymous_11)
FNDA:5,convertSeconds
FNDA:0,updatePhase
FNDA:3,setTimeRemaining
FNDA:0,displayCongrats
FNDA:0,hidePotatoes
FNDA:0,showPotatoes
FNDA:4,setPageTitle
FNDA:0,stop
FNDA:0,addTask
FNDA:0,createTask
FNDA:0,(anonymous_22)
FNDA:0,(anonymous_23)
FNDA:0,(anonymous_24)
FNDA:0,createPinnedTask
FNDA:0,(anonymous_26)
FNDA:0,(anonymous_27)
FNDA:0,markDone
FNDA:0,unmark
FNDA:0,unpinTask
FNDA:0,deleteTask
FNDA:0,deleteAllTasks
FNDA:0,setARIASkip
FNDA:0,setPinnedSkip
FNDA:0,confirmationPrompt
FNDA:0,show
FNDA:0,hide
FNDA:0,showOptions
FNDA:0,hideOptions
FNDA:0,back
FNDA:0,next
FNDA:0,notifyUser
FNDA:0,(anonymous_43)
FNDA:0,loadTheme
FNDA:0,changeTheme
FNDA:0,setLang
FNDA:0,loadLang
FNDA:0,loadTasks
FNDA:0,loadSettings
FNDA:0,saveSettings
FNDA:7,setPhase
DA:10,1
DA:11,1
DA:12,1
DA:13,1
DA:15,1
DA:17,1
DA:18,1
DA:19,1
DA:20,1
DA:21,1
DA:22,1
DA:24,1
DA:25,1
DA:28,1
DA:35,1
DA:36,0
DA:39,0
DA:41,0
DA:42,0
DA:48,0
DA:49,0
DA:50,0
DA:59,0
DA:60,0
DA:61,0
DA:62,0
DA:63,0
DA:64,0
DA:67,0
DA:68,0
DA:69,0
DA:81,0
DA:83,0
DA:84,0
DA:86,0
DA:87,0
DA:88,0
DA:95,0
DA:96,0
DA:97,0
DA:104,0
DA:105,0
DA:106,0
DA:107,0
DA:109,0
DA:111,0
DA:113,0
DA:114,0
DA:116,0
DA:118,0
DA:127,0
DA:128,0
DA:129,0
DA:131,0
DA:132,0
DA:134,0
DA:135,0
DA:144,0
DA:145,0
DA:147,0
DA:157,0
DA:158,0
DA:159,0
DA:160,0
DA:161,0
DA:162,0
DA:163,0
DA:165,0
DA:166,0
DA:174,0
DA:175,0
DA:178,0
DA:181,0
DA:182,0
DA:183,0
DA:185,0
DA:186,0
DA:187,0
DA:189,0
DA:190,0
DA:191,0
DA:194,0
DA:196,0
DA:197,0
DA:199,0
DA:200,0
DA:201,0
DA:203,0
DA:204,0
DA:205,0
DA:206,0
DA:207,0
DA:210,0
DA:211,0
DA:212,0
DA:213,0
DA:215,0
DA:216,0
DA:217,0
DA:218,0
DA:220,0
DA:221,0
DA:222,0
DA:224,0
DA:225,0
DA:226,0
DA:228,0
DA:229,0
DA:230,0
DA:231,0
DA:232,0
DA:248,5
DA:249,5
DA:251,5
DA:252,5
DA:253,5
DA:254,5
DA:255,5
DA:256,5
DA:263,0
DA:265,0
DA:266,0
DA:267,0
DA:268,0
DA:269,0
DA:270,0
DA:271,0
DA:275,0
DA:277,0
DA:280,0
DA:281,0
DA:285,0
DA:286,0
DA:287,0
DA:288,0
DA:290,0
DA:295,0
DA:296,0
DA:297,0
DA:298,0
DA:300,0
DA:302,0
DA:305,0
DA:306,0
DA:307,0
DA:320,3
DA:330,0
DA:334,0
DA:336,0
DA:337,0
DA:339,0
DA:341,0
DA:342,0
DA:343,0
DA:345,0
DA:346,0
DA:348,0
DA:350,0
DA:351,0
DA:352,0
DA:359,0
DA:360,0
DA:361,0
DA:362,0
DA:369,0
DA:380,4
DA:382,1
DA:383,1
DA:386,2
DA:387,2
DA:389,1
DA:390,1
DA:392,0
DA:395,4
DA:405,0
DA:406,0
DA:407,0
DA:408,0
DA:409,0
DA:411,0
DA:412,0
DA:413,0
DA:414,0
DA:416,0
DA:417,0
DA:420,0
DA:421,0
DA:423,0
DA:424,0
DA:425,0
DA:432,0
DA:433,0
DA:434,0
DA:435,0
DA:452,0
DA:453,0
DA:454,0
DA:455,0
DA:457,0
DA:458,0
DA:459,0
DA:461,0
DA:462,0
DA:463,0
DA:465,0
DA:466,0
DA:467,0
DA:469,0
DA:470,0
DA:471,0
DA:472,0
DA:474,0
DA:475,0
DA:476,0
DA:479,0
DA:480,0
DA:481,0
DA:482,0
DA:484,0
DA:488,0
DA:489,0
DA:490,0
DA:491,0
DA:492,0
DA:493,0
DA:494,0
DA:495,0
DA:497,0
DA:500,0
DA:501,0
DA:503,0
DA:505,0
DA:509,0
DA:510,0
DA:513,0
DA:514,0
DA:515,0
DA:517,0
DA:518,0
DA:519,0
DA:520,0
DA:521,0
DA:523,0
DA:524,0
DA:525,0
DA:526,0
DA:528,0
DA:530,0
DA:533,0
DA:534,0
DA:535,0
DA:536,0
DA:537,0
DA:539,0
DA:540,0
DA:541,0
DA:542,0
DA:544,0
DA:548,0
DA:549,0
DA:563,0
DA:564,0
DA:565,0
DA:566,0
DA:568,0
DA:569,0
DA:570,0
DA:572,0
DA:573,0
DA:574,0
DA:580,0
DA:581,0
DA:582,0
DA:585,0
DA:586,0
DA:590,0
DA:591,0
DA:592,0
DA:593,0
DA:595,0
DA:599,0
DA:600,0
DA:607,0
DA:608,0
DA:610,0
DA:611,0
DA:612,0
DA:613,0
DA:614,0
DA:616,0
DA:617,0
DA:618,0
DA:621,0
DA:623,0
DA:624,0
DA:626,0
DA:627,0
DA:628,0
DA:638,0
DA:639,0
DA:640,0
DA:642,0
DA:643,0
DA:645,0
DA:646,0
DA:647,0
DA:648,0
DA:650,0
DA:660,0
DA:661,0
DA:662,0
DA:664,0
DA:665,0
DA:667,0
DA:668,0
DA:669,0
DA:670,0
DA:672,0
DA:682,0
DA:683,0
DA:684,0
DA:685,0
DA:686,0
DA:688,0
DA:690,0
DA:691,0
DA:702,0
DA:704,0
DA:706,0
DA:707,0
DA:710,0
DA:711,0
DA:712,0
DA:715,0
DA:716,0
DA:717,0
DA:719,0
DA:720,0
DA:722,0
DA:723,0
DA:727,0
DA:729,0
DA:730,0
DA:732,0
DA:742,0
DA:743,0
DA:744,0
DA:747,0
DA:748,0
DA:749,0
DA:752,0
DA:753,0
DA:754,0
DA:755,0
DA:757,0
DA:758,0
DA:760,0
DA:761,0
DA:762,0
DA:763,0
DA:773,0
DA:774,0
DA:775,0
DA:776,0
DA:777,0
DA:778,0
DA:783,0
DA:784,0
DA:785,0
DA:786,0
DA:787,0
DA:788,0
DA:798,0
DA:799,0
DA:800,0
DA:802,0
DA:803,0
DA:804,0
DA:805,0
DA:806,0
DA:807,0
DA:817,0
DA:819,0
DA:828,0
DA:829,0
DA:830,0
DA:833,0
DA:840,0
DA:841,0
DA:842,0
DA:843,0
DA:844,0
DA:858,0
DA:859,0
DA:860,0
DA:861,0
DA:862,0
DA:872,1
DA:878,0
DA:879,0
DA:881,0
DA:882,0
DA:883,0
DA:884,0
DA:885,0
DA:886,0
DA:887,0
DA:889,0
DA:890,0
DA:899,0
DA:900,0
DA:901,0
DA:902,0
DA:904,0
DA:906,0
DA:907,0
DA:908,0
DA:909,0
DA:910,0
DA:911,0
DA:912,0
DA:913,0
DA:914,0
DA:916,0
DA:917,0
DA:919,0
DA:921,0
DA:930,0
DA:931,0
DA:932,0
DA:933,0
DA:935,0
DA:943,0
DA:945,0
DA:946,0
DA:948,0
DA:949,0
DA:951,0
DA:952,0
DA:955,0
DA:967,0
DA:968,0
DA:969,0
DA:970,0
DA:972,0
DA:973,0
DA:975,0
DA:978,0
DA:979,0
DA:981,0
DA:982,0
DA:983,0
DA:985,0
DA:986,0
DA:987,0
DA:989,0
DA:992,0
DA:993,0
DA:994,0
DA:997,0
DA:998,0
DA:999,0
DA:1002,0
DA:1003,0
DA:1004,0
DA:1005,0
DA:1006,0
DA:1010,0
DA:1011,0
DA:1012,0
DA:1013,0
DA:1016,0
DA:1017,0
DA:1018,0
DA:1020,0
DA:1021,0
DA:1022,0
DA:1023,0
DA:1024,0
DA:1025,0
DA:1027,0
DA:1029,0
DA:1030,0
DA:1033,0
DA:1034,0
DA:1035,0
DA:1037,0
DA:1038,0
DA:1039,0
DA:1041,0
DA:1044,0
DA:1045,0
DA:1046,0
DA:1047,0
DA:1051,0
DA:1052,0
DA:1053,0
DA:1056,0
DA:1057,0
DA:1058,0
DA:1059,0
DA:1060,0
DA:1064,0
DA:1065,0
DA:1066,0
DA:1067,0
DA:1070,0
DA:1071,0
DA:1072,0
DA:1073,0
DA:1075,0
DA:1078,0
DA:1079,0
DA:1081,0
DA:1082,0
DA:1083,0
DA:1084,0
DA:1086,0
DA:1088,0
DA:1089,0
DA:1094,0
DA:1095,0
DA:1097,0
DA:1098,0
DA:1108,0
DA:1109,0
DA:1116,0
DA:1117,0
DA:1119,0
DA:1120,0
DA:1121,0
DA:1122,0
DA:1123,0
DA:1124,0
DA:1126,0
DA:1128,0
DA:1130,0
DA:1133,0
DA:1134,0
DA:1135,0
DA:1136,0
DA:1137,0
DA:1138,0
DA:1139,0
DA:1140,0
DA:1141,0
DA:1142,0
DA:1144,0
DA:1145,0
DA:1146,0
DA:1147,0
DA:1148,0
DA:1149,0
DA:1150,0
DA:1151,0
DA:1152,0
DA:1154,0
DA:1156,0
DA:1157,0
DA:1158,0
DA:1159,0
DA:1160,0
DA:1161,0
DA:1163,0
DA:1165,0
DA:1166,0
DA:1167,0
DA:1168,0
DA:1169,0
DA:1170,0
DA:1171,0
DA:1172,0
DA:1174,0
DA:1176,0
DA:1177,0
DA:1178,0
DA:1179,0
DA:1180,0
DA:1181,0
DA:1182,0
DA:1185,0
DA:1186,0
DA:1187,0
DA:1188,0
DA:1189,0
DA:1198,0
DA:1199,0
DA:1200,0
DA:1203,0
DA:1204,0
DA:1208,0
DA:1209,0
DA:1211,0
DA:1219,0
DA:1220,0
DA:1221,0
DA:1222,0
DA:1223,0
DA:1224,0
DA:1225,0
DA:1226,0
DA:1227,0
DA:1228,0
DA:1229,0
DA:1230,0
DA:1232,0
DA:1241,0
DA:1242,0
DA:1243,0
DA:1244,0
DA:1245,0
DA:1246,0
DA:1248,0
DA:1249,0
DA:1251,0
DA:1260,7
DA:1263,1
LF:617
LH:35
BRDA:41,0,0,0
BRDA:41,0,1,0
BRDA:49,1,0,0
BRDA:49,1,1,0
BRDA:61,2,0,0
BRDA:61,2,1,0
BRDA:63,3,0,0
BRDA:63,3,1,0
BRDA:83,4,0,0
BRDA:83,4,1,0
BRDA:83,5,0,0
BRDA:83,5,1,0
BRDA:105,6,0,0
BRDA:105,6,1,0
BRDA:106,7,0,0
BRDA:106,7,1,0
BRDA:113,8,0,0
BRDA:113,8,1,0
BRDA:128,9,0,0
BRDA:128,9,1,0
BRDA:158,10,0,0
BRDA:158,10,1,0
BRDA:160,11,0,0
BRDA:160,11,1,0
BRDA:160,12,0,0
BRDA:160,12,1,0
BRDA:162,13,0,0
BRDA:162,13,1,0
BRDA:162,14,0,0
BRDA:162,14,1,0
BRDA:174,15,0,0
BRDA:174,15,1,0
BRDA:196,16,0,0
BRDA:196,16,1,0
BRDA:199,17,0,0
BRDA:199,17,1,0
BRDA:215,18,0,0
BRDA:215,18,1,0
BRDA:216,19,0,0
BRDA:216,19,1,0
BRDA:220,20,0,0
BRDA:220,20,1,0
BRDA:229,21,0,0
BRDA:229,21,1,0
BRDA:229,22,0,0
BRDA:229,22,1,0
BRDA:229,22,2,0
BRDA:231,23,0,0
BRDA:231,23,1,0
BRDA:252,24,0,4
BRDA:252,24,1,1
BRDA:254,25,0,4
BRDA:254,25,1,1
BRDA:265,26,0,0
BRDA:265,26,1,0
BRDA:268,27,0,0
BRDA:268,27,1,0
BRDA:270,28,0,0
BRDA:270,28,1,0
BRDA:270,29,0,0
BRDA:270,29,1,0
BRDA:275,30,0,0
BRDA:275,30,1,0
BRDA:280,31,0,0
BRDA:280,31,1,0
BRDA:286,32,0,0
BRDA:286,32,1,0
BRDA:287,33,0,0
BRDA:287,33,1,0
BRDA:287,34,0,0
BRDA:287,34,1,0
BRDA:295,35,0,0
BRDA:295,35,1,0
BRDA:296,36,0,0
BRDA:296,36,1,0
BRDA:297,37,0,0
BRDA:297,37,1,0
BRDA:297,38,0,0
BRDA:297,38,1,0
BRDA:306,39,0,0
BRDA:306,39,1,0
BRDA:320,40,0,1
BRDA:320,40,1,2
BRDA:321,41,0,1
BRDA:321,41,1,1
BRDA:336,42,0,0
BRDA:336,42,1,0
BRDA:341,43,0,0
BRDA:341,43,1,0
BRDA:380,44,0,1
BRDA:380,44,1,1
BRDA:380,44,2,2
BRDA:380,44,3,1
BRDA:380,44,4,0
BRDA:407,45,0,0
BRDA:407,45,1,0
BRDA:407,46,0,0
BRDA:407,46,1,0
BRDA:434,47,0,0
BRDA:434,47,1,0
BRDA:469,48,0,0
BRDA:469,48,1,0
BRDA:481,49,0,0
BRDA:481,49,1,0
BRDA:491,50,0,0
BRDA:491,50,1,0
BRDA:493,51,0,0
BRDA:493,51,1,0
BRDA:500,52,0,0
BRDA:500,52,1,0
BRDA:539,53,0,0
BRDA:539,53,1,0
BRDA:541,54,0,0
BRDA:541,54,1,0
BRDA:580,55,0,0
BRDA:580,55,1,0
BRDA:592,56,0,0
BRDA:592,56,1,0
BRDA:623,57,0,0
BRDA:623,57,1,0
BRDA:642,58,0,0
BRDA:642,58,1,0
BRDA:664,59,0,0
BRDA:664,59,1,0
BRDA:685,60,0,0
BRDA:685,60,1,0
BRDA:706,61,0,0
BRDA:706,61,1,0
BRDA:710,62,0,0
BRDA:710,62,1,0
BRDA:722,63,0,0
BRDA:722,63,1,0
BRDA:757,64,0,0
BRDA:757,64,1,0
BRDA:802,65,0,0
BRDA:802,65,1,0
BRDA:805,66,0,0
BRDA:805,66,1,0
BRDA:829,67,0,0
BRDA:829,67,1,0
BRDA:878,68,0,0
BRDA:878,68,1,0
BRDA:886,69,0,0
BRDA:886,69,1,0
BRDA:900,70,0,0
BRDA:900,70,1,0
BRDA:912,71,0,0
BRDA:912,71,1,0
BRDA:916,72,0,0
BRDA:916,72,1,0
BRDA:943,73,0,0
BRDA:943,73,1,0
BRDA:943,73,2,0
BRDA:943,73,3,0
BRDA:972,74,0,0
BRDA:972,74,1,0
BRDA:981,75,0,0
BRDA:981,75,1,0
BRDA:986,76,0,0
BRDA:986,76,1,0
BRDA:1005,77,0,0
BRDA:1005,77,1,0
BRDA:1012,78,0,0
BRDA:1012,78,1,0
BRDA:1024,79,0,0
BRDA:1024,79,1,0
BRDA:1029,80,0,0
BRDA:1029,80,1,0
BRDA:1033,81,0,0
BRDA:1033,81,1,0
BRDA:1033,82,0,0
BRDA:1033,82,1,0
BRDA:1038,83,0,0
BRDA:1038,83,1,0
BRDA:1046,84,0,0
BRDA:1046,84,1,0
BRDA:1059,85,0,0
BRDA:1059,85,1,0
BRDA:1066,86,0,0
BRDA:1066,86,1,0
BRDA:1072,87,0,0
BRDA:1072,87,1,0
BRDA:1083,88,0,0
BRDA:1083,88,1,0
BRDA:1088,89,0,0
BRDA:1088,89,1,0
BRDA:1094,90,0,0
BRDA:1094,90,1,0
BRDA:1117,91,0,0
BRDA:1117,91,1,0
BRDA:1119,92,0,0
BRDA:1119,92,1,0
BRDA:1121,93,0,0
BRDA:1121,93,1,0
BRDA:1123,94,0,0
BRDA:1123,94,1,0
BRDA:1171,95,0,0
BRDA:1171,95,1,0
BRDA:1176,96,0,0
BRDA:1176,96,1,0
BRDA:1199,97,0,0
BRDA:1199,97,1,0
BRDA:1208,98,0,0
BRDA:1208,98,1,0
BRDA:1229,99,0,0
BRDA:1229,99,1,0
BRF:206
BRH:12
end_of_record
