TN:
SF:source\app.js
FN:35,(anonymous_0)
FN:39,(anonymous_1)
FN:48,(anonymous_2)
FN:80,playAudio
FN:94,toggleMute
FN:103,changeMuteIcon
FN:126,toggleAnimation
FN:143,setInputTimes
FN:156,checkValue
FN:173,start
FN:190,(anonymous_10)
FN:197,(anonymous_11)
FN:247,convertSeconds
FN:262,updatePhase
FN:319,setTimeRemaining
FN:329,displayCongrats
FN:358,hidePotatoes
FN:368,showPotatoes
FN:375,toggleDance
FN:390,switchPotatoDance
FN:400,switchPotatoStill
FN:413,setPageTitle
FN:438,stop
FN:466,addTask
FN:486,createTask
FN:514,(anonymous_25)
FN:523,(anonymous_26)
FN:544,(anonymous_27)
FN:597,createPinnedTask
FN:625,(anonymous_29)
FN:634,(anonymous_30)
FN:672,markDone
FN:694,unmark
FN:716,unpinTask
FN:736,deleteTask
FN:776,deleteAllTasks
FN:807,setARIASkip
FN:817,setPinnedSkip
FN:831,confirmationPrompt
FN:851,show
FN:862,hide
FN:874,showOptions
FN:892,hideOptions
FN:912,back
FN:933,next
FN:964,notifyUser
FN:967,(anonymous_46)
FN:977,loadTheme
FN:1001,changeTheme
FN:1142,setLang
FN:1150,loadLang
FN:1232,loadTasks
FN:1253,loadSettings
FN:1274,saveSettings
FN:1294,setPhase
FNF:55
FNH:50
FNDA:99,(anonymous_0)
FNDA:1524,(anonymous_1)
FNDA:913,(anonymous_2)
FNDA:24,playAudio
FNDA:19,toggleMute
FNDA:21,changeMuteIcon
FNDA:7,toggleAnimation
FNDA:15,setInputTimes
FNDA:86,checkValue
FNDA:7,start
FNDA:2,(anonymous_10)
FNDA:49,(anonymous_11)
FNDA:46,convertSeconds
FNDA:21,updatePhase
FNDA:26,setTimeRemaining
FNDA:3,displayCongrats
FNDA:57,hidePotatoes
FNDA:12,showPotatoes
FNDA:0,toggleDance
FNDA:0,switchPotatoDance
FNDA:0,switchPotatoStill
FNDA:46,setPageTitle
FNDA:5,stop
FNDA:190,addTask
FNDA:104,createTask
FNDA:18,(anonymous_25)
FNDA:12,(anonymous_26)
FNDA:12,(anonymous_27)
FNDA:55,createPinnedTask
FNDA:12,(anonymous_29)
FNDA:0,(anonymous_30)
FNDA:22,markDone
FNDA:8,unmark
FNDA:4,unpinTask
FNDA:12,deleteTask
FNDA:5,deleteAllTasks
FNDA:12,setARIASkip
FNDA:59,setPinnedSkip
FNDA:4,confirmationPrompt
FNDA:295,show
FNDA:160,hide
FNDA:21,showOptions
FNDA:13,hideOptions
FNDA:8,back
FNDA:421,next
FNDA:210,notifyUser
FNDA:15,(anonymous_46)
FNDA:99,loadTheme
FNDA:124,changeTheme
FNDA:5,setLang
FNDA:99,loadLang
FNDA:16,loadTasks
FNDA:2,loadSettings
FNDA:39,saveSettings
FNDA:0,setPhase
DA:10,99
DA:11,99
DA:12,99
DA:13,99
DA:15,99
DA:17,99
DA:18,99
DA:19,99
DA:20,99
DA:21,99
DA:22,99
DA:24,99
DA:25,99
DA:28,99
DA:35,99
DA:36,99
DA:39,99
DA:41,1524
DA:42,86
DA:48,99
DA:49,913
DA:50,2
DA:59,99
DA:60,99
DA:61,99
DA:62,16
DA:63,16
DA:64,2
DA:67,83
DA:68,83
DA:69,83
DA:81,24
DA:83,24
DA:84,0
DA:86,24
DA:87,24
DA:88,24
DA:95,19
DA:96,19
DA:97,19
DA:104,21
DA:105,21
DA:106,17
DA:107,4
DA:109,13
DA:111,17
DA:113,4
DA:114,2
DA:116,2
DA:118,4
DA:127,7
DA:128,7
DA:129,5
DA:131,2
DA:132,2
DA:134,7
DA:135,7
DA:144,15
DA:145,15
DA:147,15
DA:157,86
DA:158,86
DA:159,4
DA:160,82
DA:161,2
DA:162,80
DA:163,2
DA:165,86
DA:166,86
DA:174,7
DA:175,2
DA:178,5
DA:181,5
DA:182,5
DA:183,5
DA:185,5
DA:186,5
DA:187,5
DA:189,5
DA:190,5
DA:191,5
DA:194,5
DA:196,5
DA:197,5
DA:199,49
DA:200,3
DA:201,3
DA:203,3
DA:204,3
DA:205,3
DA:206,3
DA:207,3
DA:210,46
DA:211,46
DA:212,46
DA:213,46
DA:215,46
DA:216,21
DA:217,13
DA:218,13
DA:220,21
DA:221,8
DA:222,8
DA:224,21
DA:225,21
DA:226,21
DA:228,21
DA:229,21
DA:230,13
DA:231,8
DA:232,8
DA:248,46
DA:249,46
DA:251,46
DA:252,46
DA:253,46
DA:254,46
DA:255,46
DA:256,46
DA:263,21
DA:265,21
DA:266,13
DA:267,13
DA:268,13
DA:269,13
DA:270,13
DA:271,12
DA:275,13
DA:277,11
DA:280,11
DA:281,11
DA:285,2
DA:286,2
DA:287,2
DA:288,0
DA:290,2
DA:295,8
DA:296,2
DA:297,2
DA:298,0
DA:300,2
DA:302,2
DA:305,8
DA:306,8
DA:307,8
DA:320,26
DA:330,3
DA:334,3
DA:336,11
DA:337,0
DA:339,11
DA:341,11
DA:342,0
DA:343,0
DA:345,11
DA:346,11
DA:348,11
DA:350,3
DA:351,3
DA:352,3
DA:359,57
DA:360,57
DA:361,57
DA:362,57
DA:369,12
DA:376,0
DA:377,0
DA:378,0
DA:379,0
DA:381,0
DA:382,0
DA:384,0
DA:391,0
DA:392,0
DA:393,0
DA:394,0
DA:401,0
DA:402,0
DA:403,0
DA:404,0
DA:415,46
DA:417,26
DA:418,26
DA:421,20
DA:422,20
DA:424,0
DA:425,0
DA:427,0
DA:430,46
DA:440,5
DA:441,5
DA:442,5
DA:443,5
DA:444,5
DA:446,5
DA:447,5
DA:448,5
DA:449,5
DA:451,5
DA:452,5
DA:455,5
DA:456,5
DA:458,5
DA:459,5
DA:460,5
DA:467,190
DA:468,190
DA:469,190
DA:470,104
DA:487,104
DA:488,104
DA:489,104
DA:490,104
DA:492,104
DA:493,104
DA:494,104
DA:496,104
DA:497,104
DA:498,104
DA:500,104
DA:501,104
DA:502,104
DA:504,104
DA:505,2
DA:506,2
DA:507,2
DA:509,102
DA:510,102
DA:511,102
DA:514,104
DA:515,18
DA:516,18
DA:517,4
DA:519,14
DA:523,104
DA:524,12
DA:525,12
DA:526,12
DA:527,8
DA:528,8
DA:529,2
DA:530,2
DA:532,6
DA:535,4
DA:536,2
DA:538,2
DA:540,4
DA:544,104
DA:545,12
DA:548,104
DA:549,104
DA:550,104
DA:552,104
DA:553,104
DA:554,104
DA:555,104
DA:556,104
DA:558,104
DA:559,104
DA:560,104
DA:561,104
DA:563,104
DA:565,104
DA:568,104
DA:569,104
DA:570,104
DA:571,104
DA:572,104
DA:574,104
DA:575,47
DA:576,47
DA:577,2
DA:579,45
DA:583,104
DA:584,104
DA:598,55
DA:599,55
DA:600,55
DA:601,55
DA:603,55
DA:604,55
DA:605,55
DA:607,55
DA:608,55
DA:609,55
DA:615,55
DA:616,4
DA:617,4
DA:620,51
DA:621,51
DA:625,55
DA:626,12
DA:627,12
DA:628,4
DA:630,8
DA:634,55
DA:635,0
DA:642,55
DA:643,55
DA:645,55
DA:646,55
DA:647,55
DA:648,55
DA:649,55
DA:651,55
DA:652,55
DA:653,55
DA:656,55
DA:658,55
DA:659,2
DA:661,55
DA:662,55
DA:663,55
DA:673,22
DA:674,22
DA:675,22
DA:677,22
DA:678,11
DA:680,22
DA:681,22
DA:682,22
DA:683,22
DA:685,22
DA:695,8
DA:696,8
DA:697,8
DA:699,8
DA:700,4
DA:702,8
DA:703,8
DA:704,8
DA:705,8
DA:707,8
DA:717,4
DA:718,4
DA:719,4
DA:720,4
DA:721,2
DA:723,2
DA:725,4
DA:726,4
DA:737,12
DA:739,12
DA:741,12
DA:742,2
DA:745,12
DA:746,4
DA:747,4
DA:750,12
DA:751,12
DA:752,12
DA:754,12
DA:755,12
DA:757,12
DA:758,4
DA:762,12
DA:764,12
DA:765,12
DA:767,12
DA:777,5
DA:778,5
DA:779,21
DA:782,5
DA:783,5
DA:784,10
DA:787,5
DA:788,5
DA:789,5
DA:790,5
DA:792,5
DA:793,5
DA:795,5
DA:796,5
DA:797,5
DA:798,5
DA:808,12
DA:809,12
DA:810,12
DA:811,6
DA:812,6
DA:813,6
DA:818,59
DA:819,59
DA:820,59
DA:821,8
DA:822,8
DA:823,8
DA:833,4
DA:834,4
DA:835,4
DA:837,4
DA:838,2
DA:839,2
DA:840,2
DA:841,2
DA:842,2
DA:852,295
DA:854,295
DA:863,160
DA:864,160
DA:865,34
DA:868,160
DA:875,21
DA:876,21
DA:877,21
DA:878,21
DA:879,21
DA:893,13
DA:894,13
DA:895,13
DA:896,13
DA:897,13
DA:907,99
DA:913,8
DA:914,2
DA:916,6
DA:917,6
DA:918,6
DA:919,6
DA:920,6
DA:921,6
DA:922,6
DA:924,6
DA:925,6
DA:934,421
DA:935,421
DA:936,83
DA:937,83
DA:939,83
DA:941,338
DA:942,338
DA:943,338
DA:944,338
DA:945,338
DA:946,338
DA:947,338
DA:948,85
DA:949,85
DA:951,85
DA:952,0
DA:954,85
DA:956,85
DA:965,210
DA:966,210
DA:967,210
DA:968,15
DA:970,210
DA:978,99
DA:980,14
DA:981,14
DA:983,1
DA:984,1
DA:986,1
DA:987,1
DA:990,83
DA:1002,124
DA:1003,124
DA:1004,124
DA:1005,124
DA:1007,124
DA:1008,100
DA:1010,24
DA:1013,124
DA:1014,124
DA:1016,124
DA:1017,18
DA:1018,18
DA:1020,18
DA:1021,18
DA:1022,18
DA:1024,0
DA:1027,18
DA:1028,18
DA:1029,198
DA:1032,18
DA:1033,18
DA:1034,246
DA:1037,18
DA:1038,18
DA:1039,54
DA:1040,54
DA:1041,51
DA:1045,18
DA:1046,18
DA:1047,18
DA:1048,17
DA:1051,18
DA:1052,18
DA:1053,18
DA:1055,18
DA:1056,18
DA:1057,32
DA:1058,32
DA:1059,32
DA:1060,24
DA:1062,8
DA:1064,32
DA:1065,20
DA:1068,106
DA:1069,106
DA:1070,106
DA:1072,106
DA:1073,106
DA:1074,106
DA:1076,0
DA:1079,106
DA:1080,106
DA:1081,1166
DA:1082,11
DA:1086,106
DA:1087,106
DA:1088,970
DA:1091,106
DA:1092,106
DA:1093,318
DA:1094,318
DA:1095,3
DA:1099,106
DA:1100,106
DA:1101,106
DA:1102,1
DA:1105,106
DA:1106,106
DA:1107,106
DA:1108,6
DA:1110,100
DA:1113,106
DA:1114,106
DA:1116,6
DA:1117,6
DA:1118,6
DA:1119,0
DA:1121,6
DA:1123,6
DA:1124,4
DA:1129,124
DA:1130,100
DA:1132,24
DA:1133,24
DA:1143,5
DA:1144,5
DA:1151,99
DA:1152,99
DA:1154,83
DA:1155,0
DA:1156,83
DA:1157,0
DA:1158,83
DA:1159,0
DA:1161,83
DA:1163,83
DA:1165,16
DA:1168,99
DA:1169,99
DA:1170,99
DA:1171,99
DA:1172,99
DA:1173,99
DA:1174,99
DA:1175,99
DA:1176,99
DA:1177,99
DA:1179,99
DA:1180,99
DA:1181,99
DA:1182,99
DA:1183,99
DA:1184,99
DA:1185,99
DA:1186,99
DA:1187,99
DA:1189,99
DA:1191,99
DA:1192,99
DA:1193,99
DA:1194,99
DA:1195,99
DA:1196,297
DA:1198,99
DA:1200,99
DA:1201,99
DA:1202,99
DA:1203,99
DA:1204,99
DA:1205,99
DA:1206,99
DA:1207,99
DA:1209,0
DA:1211,99
DA:1212,3
DA:1213,3
DA:1214,3
DA:1215,3
DA:1216,12
DA:1217,12
DA:1220,99
DA:1221,99
DA:1222,99
DA:1223,99
DA:1224,99
DA:1233,16
DA:1234,16
DA:1235,16
DA:1238,0
DA:1239,0
DA:1243,0
DA:1244,0
DA:1246,0
DA:1254,2
DA:1255,2
DA:1256,2
DA:1257,2
DA:1258,2
DA:1259,2
DA:1260,2
DA:1261,2
DA:1262,2
DA:1263,2
DA:1264,2
DA:1265,0
DA:1267,2
DA:1276,39
DA:1277,39
DA:1278,39
DA:1279,39
DA:1280,39
DA:1281,39
DA:1283,39
DA:1284,39
DA:1286,39
DA:1295,0
DA:1298,99
LF:632
LH:592
BRDA:41,0,0,86
BRDA:41,0,1,1438
BRDA:49,1,0,2
BRDA:49,1,1,911
BRDA:61,2,0,16
BRDA:61,2,1,83
BRDA:63,3,0,2
BRDA:63,3,1,14
BRDA:83,4,0,0
BRDA:83,4,1,24
BRDA:83,5,0,24
BRDA:83,5,1,24
BRDA:105,6,0,17
BRDA:105,6,1,4
BRDA:106,7,0,4
BRDA:106,7,1,13
BRDA:113,8,0,2
BRDA:113,8,1,2
BRDA:128,9,0,5
BRDA:128,9,1,2
BRDA:158,10,0,4
BRDA:158,10,1,82
BRDA:160,11,0,2
BRDA:160,11,1,80
BRDA:160,12,0,82
BRDA:160,12,1,12
BRDA:162,13,0,2
BRDA:162,13,1,78
BRDA:162,14,0,80
BRDA:162,14,1,70
BRDA:174,15,0,2
BRDA:174,15,1,5
BRDA:196,16,0,5
BRDA:196,16,1,0
BRDA:199,17,0,3
BRDA:199,17,1,46
BRDA:215,18,0,21
BRDA:215,18,1,25
BRDA:216,19,0,13
BRDA:216,19,1,8
BRDA:220,20,0,8
BRDA:220,20,1,13
BRDA:229,21,0,13
BRDA:229,21,1,8
BRDA:229,22,0,21
BRDA:229,22,1,21
BRDA:229,22,2,10
BRDA:231,23,0,8
BRDA:231,23,1,0
BRDA:252,24,0,46
BRDA:252,24,1,0
BRDA:254,25,0,46
BRDA:254,25,1,0
BRDA:265,26,0,13
BRDA:265,26,1,8
BRDA:268,27,0,13
BRDA:268,27,1,0
BRDA:270,28,0,12
BRDA:270,28,1,1
BRDA:270,29,0,13
BRDA:270,29,1,1
BRDA:275,30,0,11
BRDA:275,30,1,2
BRDA:280,31,0,11
BRDA:280,31,1,0
BRDA:286,32,0,2
BRDA:286,32,1,0
BRDA:287,33,0,0
BRDA:287,33,1,2
BRDA:287,34,0,2
BRDA:287,34,1,2
BRDA:295,35,0,2
BRDA:295,35,1,6
BRDA:296,36,0,2
BRDA:296,36,1,0
BRDA:297,37,0,0
BRDA:297,37,1,2
BRDA:297,38,0,2
BRDA:297,38,1,2
BRDA:306,39,0,8
BRDA:306,39,1,0
BRDA:320,40,0,13
BRDA:320,40,1,13
BRDA:321,41,0,11
BRDA:321,41,1,2
BRDA:336,42,0,0
BRDA:336,42,1,11
BRDA:341,43,0,0
BRDA:341,43,1,11
BRDA:377,44,0,0
BRDA:377,44,1,0
BRDA:415,45,0,26
BRDA:415,45,1,12
BRDA:415,45,2,20
BRDA:415,45,3,0
BRDA:415,45,4,0
BRDA:442,46,0,5
BRDA:442,46,1,0
BRDA:442,47,0,5
BRDA:442,47,1,5
BRDA:469,48,0,104
BRDA:469,48,1,86
BRDA:504,49,0,2
BRDA:504,49,1,102
BRDA:516,50,0,4
BRDA:516,50,1,14
BRDA:526,51,0,8
BRDA:526,51,1,4
BRDA:528,52,0,2
BRDA:528,52,1,6
BRDA:535,53,0,2
BRDA:535,53,1,2
BRDA:574,54,0,47
BRDA:574,54,1,57
BRDA:576,55,0,2
BRDA:576,55,1,45
BRDA:615,56,0,4
BRDA:615,56,1,51
BRDA:627,57,0,4
BRDA:627,57,1,8
BRDA:658,58,0,2
BRDA:658,58,1,53
BRDA:677,59,0,11
BRDA:677,59,1,11
BRDA:699,60,0,4
BRDA:699,60,1,4
BRDA:720,61,0,2
BRDA:720,61,1,2
BRDA:741,62,0,2
BRDA:741,62,1,10
BRDA:745,63,0,4
BRDA:745,63,1,8
BRDA:757,64,0,4
BRDA:757,64,1,8
BRDA:792,65,0,5
BRDA:792,65,1,0
BRDA:837,66,0,2
BRDA:837,66,1,2
BRDA:840,67,0,2
BRDA:840,67,1,0
BRDA:864,68,0,34
BRDA:864,68,1,126
BRDA:913,69,0,2
BRDA:913,69,1,6
BRDA:921,70,0,6
BRDA:921,70,1,0
BRDA:935,71,0,83
BRDA:935,71,1,338
BRDA:947,72,0,85
BRDA:947,72,1,253
BRDA:951,73,0,0
BRDA:951,73,1,85
BRDA:978,74,0,14
BRDA:978,74,1,1
BRDA:978,74,2,1
BRDA:978,74,3,83
BRDA:1007,75,0,100
BRDA:1007,75,1,24
BRDA:1016,76,0,18
BRDA:1016,76,1,106
BRDA:1021,77,0,18
BRDA:1021,77,1,0
BRDA:1040,78,0,51
BRDA:1040,78,1,3
BRDA:1047,79,0,17
BRDA:1047,79,1,1
BRDA:1059,80,0,24
BRDA:1059,80,1,8
BRDA:1064,81,0,20
BRDA:1064,81,1,12
BRDA:1068,82,0,106
BRDA:1068,82,1,0
BRDA:1068,83,0,106
BRDA:1068,83,1,6
BRDA:1073,84,0,106
BRDA:1073,84,1,0
BRDA:1081,85,0,11
BRDA:1081,85,1,1155
BRDA:1094,86,0,3
BRDA:1094,86,1,315
BRDA:1101,87,0,1
BRDA:1101,87,1,105
BRDA:1107,88,0,6
BRDA:1107,88,1,100
BRDA:1118,89,0,0
BRDA:1118,89,1,6
BRDA:1123,90,0,4
BRDA:1123,90,1,2
BRDA:1129,91,0,100
BRDA:1129,91,1,24
BRDA:1152,92,0,83
BRDA:1152,92,1,16
BRDA:1154,93,0,0
BRDA:1154,93,1,83
BRDA:1156,94,0,0
BRDA:1156,94,1,83
BRDA:1158,95,0,0
BRDA:1158,95,1,83
BRDA:1206,96,0,99
BRDA:1206,96,1,0
BRDA:1211,97,0,3
BRDA:1211,97,1,96
BRDA:1234,98,0,16
BRDA:1234,98,1,0
BRDA:1243,99,0,0
BRDA:1243,99,1,0
BRDA:1264,100,0,0
BRDA:1264,100,1,2
BRF:208
BRH:173
end_of_record
TN:
SF:source\drag.js
FN:1,(anonymous_0)
FN:7,dragElement
FN:19,dragMouseDown
FN:31,elementDrag
FN:44,closeDragElement
FNF:5
FNH:2
FNDA:99,(anonymous_0)
FNDA:198,dragElement
FNDA:0,dragMouseDown
FNDA:0,elementDrag
FNDA:0,closeDragElement
DA:1,99
DA:2,99
DA:3,99
DA:8,198
DA:9,198
DA:11,198
DA:12,198
DA:16,0
DA:20,0
DA:21,0
DA:23,0
DA:24,0
DA:25,0
DA:27,0
DA:28,0
DA:32,0
DA:33,0
DA:35,0
DA:36,0
DA:37,0
DA:38,0
DA:40,0
DA:41,0
DA:46,0
DA:47,0
LF:25
LH:7
BRDA:9,0,0,198
BRDA:9,0,1,0
BRDA:20,1,0,0
BRDA:20,1,1,0
BRDA:32,2,0,0
BRDA:32,2,1,0
BRF:6
BRH:1
end_of_record
